<?xml version="1.0" encoding="UTF-8"?>
<robot generator="Robot 3.0.4 (Python 3.8.8 on win32)" generated="20220101 15:42:36.295">
<suite id="s1" name="Employee" source="B:\Auto_Company\timsheet\testsuites\employee.robot">
<kw name="Fill enviroment and get token" library="enviroment" type="setup">
<arguments>
<arg>zone12</arg>
</arguments>
<kw name="Create Dictionary" library="BuiltIn">
<doc>Creates and returns a dictionary based on the given ``items``.</doc>
<arguments>
<arg>zone12=admin</arg>
</arguments>
<assign>
<var>${dict_username}</var>
</assign>
<msg timestamp="20220101 15:42:36.567" level="INFO">${dict_username} = {'zone12': 'admin'}</msg>
<status status="PASS" starttime="20220101 15:42:36.566" endtime="20220101 15:42:36.567"></status>
</kw>
<kw name="Create Dictionary" library="BuiltIn">
<doc>Creates and returns a dictionary based on the given ``items``.</doc>
<arguments>
<arg>zone12=123456</arg>
</arguments>
<assign>
<var>${dict_password}</var>
</assign>
<msg timestamp="20220101 15:42:36.567" level="INFO">${dict_password} = {'zone12': '123456'}</msg>
<status status="PASS" starttime="20220101 15:42:36.567" endtime="20220101 15:42:36.567"></status>
</kw>
<kw name="Create Dictionary" library="BuiltIn">
<doc>Creates and returns a dictionary based on the given ``items``.</doc>
<arguments>
<arg>zone12=testz12</arg>
</arguments>
<assign>
<var>${dict_retailer}</var>
</assign>
<msg timestamp="20220101 15:42:36.568" level="INFO">${dict_retailer} = {'zone12': 'testz12'}</msg>
<status status="PASS" starttime="20220101 15:42:36.567" endtime="20220101 15:42:36.568"></status>
</kw>
<kw name="Get From Dictionary" library="Collections">
<doc>Returns a value from the given ``dictionary`` based on the given ``key``.</doc>
<arguments>
<arg>${dict_username}</arg>
<arg>${env}</arg>
</arguments>
<assign>
<var>${username}</var>
</assign>
<msg timestamp="20220101 15:42:36.568" level="INFO">${username} = admin</msg>
<status status="PASS" starttime="20220101 15:42:36.568" endtime="20220101 15:42:36.568"></status>
</kw>
<kw name="Get From Dictionary" library="Collections">
<doc>Returns a value from the given ``dictionary`` based on the given ``key``.</doc>
<arguments>
<arg>${dict_password}</arg>
<arg>${env}</arg>
</arguments>
<assign>
<var>${password}</var>
</assign>
<msg timestamp="20220101 15:42:36.568" level="INFO">${password} = 123456</msg>
<status status="PASS" starttime="20220101 15:42:36.568" endtime="20220101 15:42:36.568"></status>
</kw>
<kw name="Get From Dictionary" library="Collections">
<doc>Returns a value from the given ``dictionary`` based on the given ``key``.</doc>
<arguments>
<arg>${dict_retailer}</arg>
<arg>${env}</arg>
</arguments>
<assign>
<var>${retailer}</var>
</assign>
<msg timestamp="20220101 15:42:36.569" level="INFO">${retailer} = testz12</msg>
<status status="PASS" starttime="20220101 15:42:36.568" endtime="20220101 15:42:36.569"></status>
</kw>
<kw name="Set Global Variable" library="BuiltIn">
<doc>Makes a variable available globally in all tests and suites.</doc>
<arguments>
<arg>${username}</arg>
<arg>${username}</arg>
</arguments>
<msg timestamp="20220101 15:42:36.569" level="INFO">${username} = admin</msg>
<status status="PASS" starttime="20220101 15:42:36.569" endtime="20220101 15:42:36.569"></status>
</kw>
<kw name="Set Global Variable" library="BuiltIn">
<doc>Makes a variable available globally in all tests and suites.</doc>
<arguments>
<arg>${password}</arg>
<arg>${password}</arg>
</arguments>
<msg timestamp="20220101 15:42:36.569" level="INFO">${password} = 123456</msg>
<status status="PASS" starttime="20220101 15:42:36.569" endtime="20220101 15:42:36.569"></status>
</kw>
<kw name="Set Global Variable" library="BuiltIn">
<doc>Makes a variable available globally in all tests and suites.</doc>
<arguments>
<arg>${retailer}</arg>
<arg>${retailer}</arg>
</arguments>
<msg timestamp="20220101 15:42:36.570" level="INFO">${retailer} = testz12</msg>
<status status="PASS" starttime="20220101 15:42:36.569" endtime="20220101 15:42:36.570"></status>
</kw>
<kw name="Create Dictionary" library="BuiltIn">
<doc>Creates and returns a dictionary based on the given ``items``.</doc>
<arguments>
<arg>retailer=${retailer}</arg>
<arg>Content-Type=application/json;charset=utf-8</arg>
</arguments>
<assign>
<var>${header}</var>
</assign>
<msg timestamp="20220101 15:42:36.570" level="INFO">${header} = {'retailer': 'testz12', 'Content-Type': 'application/json;charset=utf-8'}</msg>
<status status="PASS" starttime="20220101 15:42:36.570" endtime="20220101 15:42:36.570"></status>
</kw>
<kw name="Create Dictionary" library="BuiltIn">
<doc>Creates and returns a dictionary based on the given ``items``.</doc>
<arguments>
<arg>UserName=${username}</arg>
<arg>Password=${password}</arg>
</arguments>
<assign>
<var>${data_saleLogin}</var>
</assign>
<msg timestamp="20220101 15:42:36.570" level="INFO">${data_saleLogin} = {'UserName': 'admin', 'Password': '123456'}</msg>
<status status="PASS" starttime="20220101 15:42:36.570" endtime="20220101 15:42:36.570"></status>
</kw>
<kw name="Create Session" library="RequestsLibrary">
<doc>Create Session: create a HTTP session to a server</doc>
<arguments>
<arg>sessionLogin</arg>
<arg>${url_saleLogin}</arg>
</arguments>
<msg timestamp="20220101 15:42:36.571" level="INFO">Creating Session using : alias=sessionLogin, url=https://testz12.kiotviet.vn/api, headers={},                     cookies=None, auth=None, timeout=None, proxies=None, verify=False,                     debug=0 </msg>
<status status="PASS" starttime="20220101 15:42:36.571" endtime="20220101 15:42:36.571"></status>
</kw>
<kw name="Post Request" library="RequestsLibrary">
<doc>Send a POST request on the session object found using the</doc>
<arguments>
<arg>sessionLogin</arg>
<arg>${enp_saleLogin}</arg>
<arg>${header}</arg>
<arg>${data_saleLogin}</arg>
</arguments>
<assign>
<var>${resp}</var>
</assign>
<msg timestamp="20220101 15:42:37.206" level="INFO">Post Request using : alias=sessionLogin, uri=/auth/salelogin, data=&lt;empty&gt;, headers=None, files=None, allow_redirects=True </msg>
<msg timestamp="20220101 15:42:37.207" level="INFO">c:\users\phuoc\appdata\local\programs\python\python38\lib\site-packages\urllib3\connectionpool.py:1013: InsecureRequestWarning: Unverified HTTPS request is being made to host 'testz12.kiotviet.vn'. Adding certificate verification is strongly advised. See: https://urllib3.readthedocs.io/en/1.26.x/advanced-usage.html#ssl-warnings
  warnings.warn(</msg>
<msg timestamp="20220101 15:42:37.211" level="INFO">${resp} = &lt;Response [200]&gt;</msg>
<status status="PASS" starttime="20220101 15:42:36.571" endtime="20220101 15:42:37.211"></status>
</kw>
<kw name="Get Value From Json KV" library="share">
<arguments>
<arg>${resp.json()}</arg>
<arg>$.BearerToken</arg>
</arguments>
<assign>
<var>${token}</var>
</assign>
<kw name="Get Value From Json" library="JSONLibrary">
<doc>Get Value From JSON using JSONPath</doc>
<arguments>
<arg>${json}</arg>
<arg>${json_path}</arg>
</arguments>
<assign>
<var>${result}</var>
</assign>
<msg timestamp="20220101 15:42:37.264" level="INFO">${result} = ['eyJ0eXAiOiJKV1QiLCJhbGciOiJSUzI1NiIsImtpZCI6IndYYSJ9.eyJpc3MiOiJrdnNzand0Iiwic3ViIjoyMzQxNDcsImlhdCI6MTY0MTAyNjU1NywiZXhwIjoxNjQzNDQ1NzU3LCJwcmVmZXJyZWRfdXNlcm5hbWUiOiJhZG1pbiIsInJvbGVzIjpbIlVzZXIiX...</msg>
<status status="PASS" starttime="20220101 15:42:37.215" endtime="20220101 15:42:37.264"></status>
</kw>
<kw name="Get Length" library="BuiltIn">
<doc>Returns and logs the length of the given item as an integer.</doc>
<arguments>
<arg>${result}</arg>
</arguments>
<assign>
<var>${lenght}</var>
</assign>
<msg timestamp="20220101 15:42:37.265" level="INFO">Length is 1</msg>
<msg timestamp="20220101 15:42:37.265" level="INFO">${lenght} = 1</msg>
<status status="PASS" starttime="20220101 15:42:37.264" endtime="20220101 15:42:37.265"></status>
</kw>
<kw name="Get From List" library="Collections">
<doc>Returns the value specified with an ``index`` from ``list``.</doc>
<arguments>
<arg>${result}</arg>
<arg>0</arg>
</arguments>
<assign>
<var>${result}</var>
</assign>
<msg timestamp="20220101 15:42:37.265" level="INFO">${result} = eyJ0eXAiOiJKV1QiLCJhbGciOiJSUzI1NiIsImtpZCI6IndYYSJ9.eyJpc3MiOiJrdnNzand0Iiwic3ViIjoyMzQxNDcsImlhdCI6MTY0MTAyNjU1NywiZXhwIjoxNjQzNDQ1NzU3LCJwcmVmZXJyZWRfdXNlcm5hbWUiOiJhZG1pbiIsInJvbGVzIjpbIlVzZXIiXSw...</msg>
<status status="PASS" starttime="20220101 15:42:37.265" endtime="20220101 15:42:37.265"></status>
</kw>
<kw name="Run Keyword If" library="BuiltIn">
<doc>Runs the given keyword with the given arguments, if ``condition`` is true.</doc>
<arguments>
<arg>${lenght}==0</arg>
<arg>Return From Keyword</arg>
<arg>${0}</arg>
<arg>ELSE</arg>
<arg>Return From Keyword</arg>
<arg>${result}</arg>
</arguments>
<kw name="Return From Keyword" library="BuiltIn">
<doc>Returns from the enclosing user keyword.</doc>
<arguments>
<arg>${result}</arg>
</arguments>
<msg timestamp="20220101 15:42:37.266" level="INFO">Returning from the enclosing user keyword.</msg>
<status status="PASS" starttime="20220101 15:42:37.265" endtime="20220101 15:42:37.266"></status>
</kw>
<status status="PASS" starttime="20220101 15:42:37.265" endtime="20220101 15:42:37.266"></status>
</kw>
<msg timestamp="20220101 15:42:37.266" level="INFO">${token} = eyJ0eXAiOiJKV1QiLCJhbGciOiJSUzI1NiIsImtpZCI6IndYYSJ9.eyJpc3MiOiJrdnNzand0Iiwic3ViIjoyMzQxNDcsImlhdCI6MTY0MTAyNjU1NywiZXhwIjoxNjQzNDQ1NzU3LCJwcmVmZXJyZWRfdXNlcm5hbWUiOiJhZG1pbiIsInJvbGVzIjpbIlVzZXIiXSw...</msg>
<status status="PASS" starttime="20220101 15:42:37.212" endtime="20220101 15:42:37.266"></status>
</kw>
<kw name="Catenate" library="BuiltIn">
<doc>Catenates the given items together and returns the resulted string.</doc>
<arguments>
<arg>Bearer</arg>
<arg>${token}</arg>
</arguments>
<assign>
<var>${token}</var>
</assign>
<msg timestamp="20220101 15:42:37.266" level="INFO">${token} = Bearer eyJ0eXAiOiJKV1QiLCJhbGciOiJSUzI1NiIsImtpZCI6IndYYSJ9.eyJpc3MiOiJrdnNzand0Iiwic3ViIjoyMzQxNDcsImlhdCI6MTY0MTAyNjU1NywiZXhwIjoxNjQzNDQ1NzU3LCJwcmVmZXJyZWRfdXNlcm5hbWUiOiJhZG1pbiIsInJvbGVzIjpbIlVz...</msg>
<status status="PASS" starttime="20220101 15:42:37.266" endtime="20220101 15:42:37.266"></status>
</kw>
<kw name="Get Value From Json KV" library="share">
<arguments>
<arg>${resp.json()}</arg>
<arg>$.CurrentBranchId</arg>
</arguments>
<assign>
<var>${branchId}</var>
</assign>
<kw name="Get Value From Json" library="JSONLibrary">
<doc>Get Value From JSON using JSONPath</doc>
<arguments>
<arg>${json}</arg>
<arg>${json_path}</arg>
</arguments>
<assign>
<var>${result}</var>
</assign>
<msg timestamp="20220101 15:42:37.288" level="INFO">${result} = [302728]</msg>
<status status="PASS" starttime="20220101 15:42:37.267" endtime="20220101 15:42:37.288"></status>
</kw>
<kw name="Get Length" library="BuiltIn">
<doc>Returns and logs the length of the given item as an integer.</doc>
<arguments>
<arg>${result}</arg>
</arguments>
<assign>
<var>${lenght}</var>
</assign>
<msg timestamp="20220101 15:42:37.288" level="INFO">Length is 1</msg>
<msg timestamp="20220101 15:42:37.288" level="INFO">${lenght} = 1</msg>
<status status="PASS" starttime="20220101 15:42:37.288" endtime="20220101 15:42:37.288"></status>
</kw>
<kw name="Get From List" library="Collections">
<doc>Returns the value specified with an ``index`` from ``list``.</doc>
<arguments>
<arg>${result}</arg>
<arg>0</arg>
</arguments>
<assign>
<var>${result}</var>
</assign>
<msg timestamp="20220101 15:42:37.289" level="INFO">${result} = 302728</msg>
<status status="PASS" starttime="20220101 15:42:37.288" endtime="20220101 15:42:37.289"></status>
</kw>
<kw name="Run Keyword If" library="BuiltIn">
<doc>Runs the given keyword with the given arguments, if ``condition`` is true.</doc>
<arguments>
<arg>${lenght}==0</arg>
<arg>Return From Keyword</arg>
<arg>${0}</arg>
<arg>ELSE</arg>
<arg>Return From Keyword</arg>
<arg>${result}</arg>
</arguments>
<kw name="Return From Keyword" library="BuiltIn">
<doc>Returns from the enclosing user keyword.</doc>
<arguments>
<arg>${result}</arg>
</arguments>
<msg timestamp="20220101 15:42:37.289" level="INFO">Returning from the enclosing user keyword.</msg>
<status status="PASS" starttime="20220101 15:42:37.289" endtime="20220101 15:42:37.289"></status>
</kw>
<status status="PASS" starttime="20220101 15:42:37.289" endtime="20220101 15:42:37.289"></status>
</kw>
<msg timestamp="20220101 15:42:37.289" level="INFO">${branchId} = 302728</msg>
<status status="PASS" starttime="20220101 15:42:37.266" endtime="20220101 15:42:37.289"></status>
</kw>
<kw name="Convert To String" library="BuiltIn">
<doc>Converts the given item to a Unicode string.</doc>
<arguments>
<arg>${branchId}</arg>
</arguments>
<assign>
<var>${branchId}</var>
</assign>
<msg timestamp="20220101 15:42:37.290" level="INFO">${branchId} = 302728</msg>
<status status="PASS" starttime="20220101 15:42:37.290" endtime="20220101 15:42:37.290"></status>
</kw>
<kw name="Set Global Variable" library="BuiltIn">
<doc>Makes a variable available globally in all tests and suites.</doc>
<arguments>
<arg>${branchId}</arg>
<arg>${branchId}</arg>
</arguments>
<msg timestamp="20220101 15:42:37.290" level="INFO">${branchId} = 302728</msg>
<status status="PASS" starttime="20220101 15:42:37.290" endtime="20220101 15:42:37.290"></status>
</kw>
<kw name="Create Dictionary" library="BuiltIn">
<doc>Creates and returns a dictionary based on the given ``items``.</doc>
<arguments>
<arg>retailer=${retailer}</arg>
<arg>Content-Type=application/json;charset=utf-8</arg>
<arg>branchid=${branchId}</arg>
<arg>Authorization=${token}</arg>
</arguments>
<assign>
<var>${header}</var>
</assign>
<msg timestamp="20220101 15:42:37.291" level="INFO">${header} = {'retailer': 'testz12', 'Content-Type': 'application/json;charset=utf-8', 'branchid': '302728', 'Authorization': 'Bearer eyJ0eXAiOiJKV1QiLCJhbGciOiJSUzI1NiIsImtpZCI6IndYYSJ9.eyJpc3MiOiJrdnNzand0Iiwic3...</msg>
<status status="PASS" starttime="20220101 15:42:37.290" endtime="20220101 15:42:37.291"></status>
</kw>
<kw name="Create Dictionary" library="BuiltIn">
<doc>Creates and returns a dictionary based on the given ``items``.</doc>
<arguments>
<arg>retailer=${retailer}</arg>
<arg>branchid=${branchId}</arg>
<arg>Authorization=${token}</arg>
</arguments>
<assign>
<var>${headers_not_contenType}</var>
</assign>
<msg timestamp="20220101 15:42:37.291" level="INFO">${headers_not_contenType} = {'retailer': 'testz12', 'branchid': '302728', 'Authorization': 'Bearer eyJ0eXAiOiJKV1QiLCJhbGciOiJSUzI1NiIsImtpZCI6IndYYSJ9.eyJpc3MiOiJrdnNzand0Iiwic3ViIjoyMzQxNDcsImlhdCI6MTY0MTAyNjU1NywiZXhwIjoxNjQz...</msg>
<status status="PASS" starttime="20220101 15:42:37.291" endtime="20220101 15:42:37.291"></status>
</kw>
<kw name="Set Global Variable" library="BuiltIn">
<doc>Makes a variable available globally in all tests and suites.</doc>
<arguments>
<arg>${header}</arg>
<arg>${header}</arg>
</arguments>
<msg timestamp="20220101 15:42:37.291" level="INFO">${header} = {'retailer': 'testz12', 'Content-Type': 'application/json;charset=utf-8', 'branchid': '302728', 'Authorization': 'Bearer eyJ0eXAiOiJKV1QiLCJhbGciOiJSUzI1NiIsImtpZCI6IndYYSJ9.eyJpc3MiOiJrdnNzand0Iiwic3...</msg>
<status status="PASS" starttime="20220101 15:42:37.291" endtime="20220101 15:42:37.291"></status>
</kw>
<kw name="Set Global Variable" library="BuiltIn">
<doc>Makes a variable available globally in all tests and suites.</doc>
<arguments>
<arg>${headers_not_contenType}</arg>
<arg>${headers_not_contenType}</arg>
</arguments>
<msg timestamp="20220101 15:42:37.292" level="INFO">${headers_not_contenType} = {'retailer': 'testz12', 'branchid': '302728', 'Authorization': 'Bearer eyJ0eXAiOiJKV1QiLCJhbGciOiJSUzI1NiIsImtpZCI6IndYYSJ9.eyJpc3MiOiJrdnNzand0Iiwic3ViIjoyMzQxNDcsImlhdCI6MTY0MTAyNjU1NywiZXhwIjoxNjQz...</msg>
<status status="PASS" starttime="20220101 15:42:37.291" endtime="20220101 15:42:37.292"></status>
</kw>
<kw name="Create Session" library="RequestsLibrary">
<doc>Create Session: create a HTTP session to a server</doc>
<arguments>
<arg>session</arg>
<arg>${url}</arg>
<arg>${headers_not_contenType}</arg>
</arguments>
<msg timestamp="20220101 15:42:37.292" level="INFO">Creating Session using : alias=session, url=https://api-timesheet.kiotviet.vn, headers={'retailer': 'testz12', 'branchid': '302728', 'Authorization': 'Bearer eyJ0eXAiOiJKV1QiLCJhbGciOiJSUzI1NiIsImtpZCI6IndYYSJ9.eyJpc3MiOiJrdnNzand0Iiwic3ViIjoyMzQxNDcsImlhdCI6MTY0MTAyNjU1NywiZXhwIjoxNjQzNDQ1NzU3LCJwcmVmZXJyZWRfdXNlcm5hbWUiOiJhZG1pbiIsInJvbGVzIjpbIlVzZXIiXSwia3ZzZXMiOiI2ZTAzZTU2MTAwOGQ0MmExOGJhYzI0YTI2ZDZkODMzYiIsImt2dWlkIjoyMzQxNDcsImt2bGFuZyI6ImVuLVVTIiwia3Z1dHlwZSI6MCwia3Z1bGltaXQiOiJGYWxzZSIsImt2dWFkbWluIjoiVHJ1ZSIsImt2dWFjdCI6IlRydWUiLCJrdnVsaW1pdHRyYW5zIjoiRmFsc2UiLCJrdnVzaG93c3VtIjoiVHJ1ZSIsImt2YmlkIjozMDI3MjgsImt2cmluZGlkIjoxMSwia3ZyY29kZSI6InRlc3R6MTIiLCJrdnJpZCI6NTU5NTUsImt2dXJpZCI6NTU5NTUsImt2cmdpZCI6MTIsInBlcm1zIjoiIn0.RhXlZaAhjnWjhQ9UXGZ3TGp5nApuxMvmSPYUInPY07hMmoYhX_dFuYFM1pXocabh_H78QamgNIWS3xnXMYBz0DBsmnm8k8FiZpTnQnXKh6bASbCwoT-6EYePrQdNMfJtJ3t-Y3TqFD00O9cKJ5dvnKNTJp7R32A4DnUugs6c0a58Z_N11TJVMnM8G-7rlXSDAUr6QHIQve27euvDlvjUeuCTlUxiR6qsYtPKkskB_LI_R_09LxO6TVg6qc47iJtCF9xPdTmK_1ZWBzcRCpAif6z0Dmc_mB4pP--BNq5aJejCFTsQfqwUKUgqdvBbl8xK8N4Zv1jXGBGUGQgysm-5rQ'},                     cookies=None, auth=None, timeout=None, proxies=None, verify=False,                     debug=0 </msg>
<status status="PASS" starttime="20220101 15:42:37.292" endtime="20220101 15:42:37.292"></status>
</kw>
<kw name="Set Global Variable" library="BuiltIn">
<doc>Makes a variable available globally in all tests and suites.</doc>
<arguments>
<arg>${session}</arg>
<arg>session</arg>
</arguments>
<msg timestamp="20220101 15:42:37.293" level="INFO">${session} = session</msg>
<status status="PASS" starttime="20220101 15:42:37.292" endtime="20220101 15:42:37.293"></status>
</kw>
<status status="PASS" starttime="20220101 15:42:36.566" endtime="20220101 15:42:37.293"></status>
</kw>
<test id="s1-t1" name="Create employee">
<kw name="Random a String Letter" library="share_random">
<arguments>
<arg>4</arg>
</arguments>
<assign>
<var>${random_str}</var>
</assign>
<kw name="Generate Random String" library="String">
<doc>Generates a string with a desired ``length`` from the given ``chars``.</doc>
<arguments>
<arg>${number}</arg>
<arg>[LETTERS]</arg>
</arguments>
<assign>
<var>${random_str}</var>
</assign>
<msg timestamp="20220101 15:42:37.294" level="INFO">${random_str} = MlSO</msg>
<status status="PASS" starttime="20220101 15:42:37.294" endtime="20220101 15:42:37.294"></status>
</kw>
<kw name="Return From Keyword" library="BuiltIn">
<doc>Returns from the enclosing user keyword.</doc>
<arguments>
<arg>${random_str}</arg>
</arguments>
<msg timestamp="20220101 15:42:37.294" level="INFO">Returning from the enclosing user keyword.</msg>
<status status="PASS" starttime="20220101 15:42:37.294" endtime="20220101 15:42:37.295"></status>
</kw>
<msg timestamp="20220101 15:42:37.295" level="INFO">${random_str} = MlSO</msg>
<status status="PASS" starttime="20220101 15:42:37.294" endtime="20220101 15:42:37.295"></status>
</kw>
<kw name="Create List" library="BuiltIn">
<doc>Returns a list containing given items.</doc>
<arguments>
<arg>${random_str}</arg>
</arguments>
<assign>
<var>${list_format}</var>
</assign>
<msg timestamp="20220101 15:42:37.295" level="INFO">${list_format} = ['MlSO']</msg>
<status status="PASS" starttime="20220101 15:42:37.295" endtime="20220101 15:42:37.295"></status>
</kw>
<kw name="Format String Use [D0] [D1] [D2]" library="share">
<arguments>
<arg>${data_employee}</arg>
<arg>${list_format}</arg>
</arguments>
<assign>
<var>${data}</var>
</assign>
<kw name="Get Length" library="BuiltIn">
<doc>Returns and logs the length of the given item as an integer.</doc>
<arguments>
<arg>${list_format}</arg>
</arguments>
<assign>
<var>${length}</var>
</assign>
<msg timestamp="20220101 15:42:37.296" level="INFO">Length is 1</msg>
<msg timestamp="20220101 15:42:37.296" level="INFO">${length} = 1</msg>
<status status="PASS" starttime="20220101 15:42:37.296" endtime="20220101 15:42:37.296"></status>
</kw>
<kw name="${i} IN RANGE [ ${length} ]" type="for">
<kw name="${i} = 0" type="foritem">
<kw name="Get From List" library="Collections">
<doc>Returns the value specified with an ``index`` from ``list``.</doc>
<arguments>
<arg>${list_format}</arg>
<arg>${i}</arg>
</arguments>
<assign>
<var>${value_temp}</var>
</assign>
<msg timestamp="20220101 15:42:37.297" level="INFO">${value_temp} = MlSO</msg>
<status status="PASS" starttime="20220101 15:42:37.297" endtime="20220101 15:42:37.297"></status>
</kw>
<kw name="Convert To String" library="BuiltIn">
<doc>Converts the given item to a Unicode string.</doc>
<arguments>
<arg>${value_temp}</arg>
</arguments>
<assign>
<var>${value_temp}</var>
</assign>
<msg timestamp="20220101 15:42:37.298" level="INFO">${value_temp} = MlSO</msg>
<status status="PASS" starttime="20220101 15:42:37.297" endtime="20220101 15:42:37.298"></status>
</kw>
<kw name="Replace String" library="String">
<doc>Replaces ``search_for`` in the given ``string`` with ``replace_with``.</doc>
<arguments>
<arg>${data_format}</arg>
<arg>[D${i}]</arg>
<arg>${value_temp}</arg>
</arguments>
<assign>
<var>${data_format}</var>
</assign>
<msg timestamp="20220101 15:42:37.298" level="INFO">${data_format} = {"name":"MlSO","branchId":302728,"tenantId":55955,"temploc":"","tempw":"","workBranchIds":[302728]}</msg>
<status status="PASS" starttime="20220101 15:42:37.298" endtime="20220101 15:42:37.298"></status>
</kw>
<status status="PASS" starttime="20220101 15:42:37.297" endtime="20220101 15:42:37.298"></status>
</kw>
<status status="PASS" starttime="20220101 15:42:37.296" endtime="20220101 15:42:37.298"></status>
</kw>
<kw name="Return From Keyword" library="BuiltIn">
<doc>Returns from the enclosing user keyword.</doc>
<arguments>
<arg>${data_format}</arg>
</arguments>
<msg timestamp="20220101 15:42:37.298" level="INFO">Returning from the enclosing user keyword.</msg>
<status status="PASS" starttime="20220101 15:42:37.298" endtime="20220101 15:42:37.298"></status>
</kw>
<msg timestamp="20220101 15:42:37.299" level="INFO">${data} = {"name":"MlSO","branchId":302728,"tenantId":55955,"temploc":"","tempw":"","workBranchIds":[302728]}</msg>
<status status="PASS" starttime="20220101 15:42:37.296" endtime="20220101 15:42:37.299"></status>
</kw>
<kw name="Evaluate" library="BuiltIn">
<doc>Evaluates the given expression in Python and returns the results.</doc>
<arguments>
<arg>(None,'${data}')</arg>
</arguments>
<assign>
<var>${data}</var>
</assign>
<msg timestamp="20220101 15:42:37.299" level="INFO">${data} = (None, '{"name":"MlSO","branchId":302728,"tenantId":55955,"temploc":"","tempw":"","workBranchIds":[302728]}')</msg>
<status status="PASS" starttime="20220101 15:42:37.299" endtime="20220101 15:42:37.299"></status>
</kw>
<kw name="Log" library="BuiltIn">
<doc>Logs the given message with the given level.</doc>
<arguments>
<arg>${data}</arg>
</arguments>
<msg timestamp="20220101 15:42:37.300" level="INFO">(None, '{"name":"MlSO","branchId":302728,"tenantId":55955,"temploc":"","tempw":"","workBranchIds":[302728]}')</msg>
<status status="PASS" starttime="20220101 15:42:37.300" endtime="20220101 15:42:37.300"></status>
</kw>
<kw name="Create Dictionary" library="BuiltIn">
<doc>Creates and returns a dictionary based on the given ``items``.</doc>
<arguments>
<arg>employee=${data}</arg>
</arguments>
<assign>
<var>${formdata}</var>
</assign>
<msg timestamp="20220101 15:42:37.301" level="INFO">${formdata} = {'employee': (None, '{"name":"MlSO","branchId":302728,"tenantId":55955,"temploc":"","tempw":"","workBranchIds":[302728]}')}</msg>
<status status="PASS" starttime="20220101 15:42:37.301" endtime="20220101 15:42:37.301"></status>
</kw>
<kw name="Log" library="BuiltIn">
<doc>Logs the given message with the given level.</doc>
<arguments>
<arg>${formdata}</arg>
</arguments>
<msg timestamp="20220101 15:42:37.301" level="INFO">{'employee': (None, '{"name":"MlSO","branchId":302728,"tenantId":55955,"temploc":"","tempw":"","workBranchIds":[302728]}')}</msg>
<status status="PASS" starttime="20220101 15:42:37.301" endtime="20220101 15:42:37.302"></status>
</kw>
<kw name="Post Request Use Formdata" library="share">
<arguments>
<arg>${session}</arg>
<arg>${enp_employee}</arg>
<arg>${formdata}</arg>
<arg>200</arg>
</arguments>
<assign>
<var>${resp}</var>
</assign>
<kw name="Post Request" library="RequestsLibrary">
<doc>Send a POST request on the session object found using the</doc>
<arguments>
<arg>${session}</arg>
<arg>${endpoint}</arg>
<arg>${headers_not_contenType}</arg>
<arg>files=${data_func}</arg>
</arguments>
<assign>
<var>${resp}</var>
</assign>
<msg timestamp="20220101 15:42:38.182" level="INFO">Post Request using : alias=session, uri=/employees, data=&lt;empty&gt;, headers=None, files={'employee': (None, '{"name":"MlSO","branchId":302728,"tenantId":55955,"temploc":"","tempw":"","workBranchIds":[302728]}')}, allow_redirects=True </msg>
<msg timestamp="20220101 15:42:38.183" level="INFO">c:\users\phuoc\appdata\local\programs\python\python38\lib\site-packages\urllib3\connectionpool.py:1013: InsecureRequestWarning: Unverified HTTPS request is being made to host 'api-timesheet.kiotviet.vn'. Adding certificate verification is strongly advised. See: https://urllib3.readthedocs.io/en/1.26.x/advanced-usage.html#ssl-warnings
  warnings.warn(</msg>
<msg timestamp="20220101 15:42:38.186" level="INFO">${resp} = &lt;Response [200]&gt;</msg>
<status status="PASS" starttime="20220101 15:42:37.302" endtime="20220101 15:42:38.186"></status>
</kw>
<kw name="Should Be Equal As Strings" library="BuiltIn">
<doc>Fails if objects are unequal after converting them to strings.</doc>
<arguments>
<arg>${resp.status_code}</arg>
<arg>${expected_status_code}</arg>
</arguments>
<msg timestamp="20220101 15:42:38.188" level="INFO">Argument types are:
&lt;class 'int'&gt;
&lt;type 'unicode'&gt;</msg>
<status status="PASS" starttime="20220101 15:42:38.187" endtime="20220101 15:42:38.188"></status>
</kw>
<kw name="Log" library="BuiltIn">
<doc>Logs the given message with the given level.</doc>
<arguments>
<arg>${resp.json()}</arg>
</arguments>
<msg timestamp="20220101 15:42:38.190" level="INFO">{'result': {'id': 150000000109013, 'code': 'NV001574', 'name': 'MlSO', 'isActive': True, 'identityNumber': '', 'mobilePhone': '', 'email': '', 'facebook': '', 'address': '', 'locationName': '', 'wardName': '', 'note': '', 'tenantId': 55955, 'branchId': 302728, 'createdBy': 234147, 'createdDate': '2022-01-01T15:42:38.1200000', 'isDeleted': False, 'profilePictures': [], 'clockings': [], 'departmentName': '', 'jobTitleName': '', 'isNotUpdateUserId': False, 'debt': 0, 'employeeBranches': [{'id': 150000004016016, 'tenantId': 55955, 'branchId': 302728, 'employeeId': 150000000109013}]}, 'message': 'Create employees successfully'}</msg>
<status status="PASS" starttime="20220101 15:42:38.189" endtime="20220101 15:42:38.190"></status>
</kw>
<msg timestamp="20220101 15:42:38.191" level="INFO">${resp} = None</msg>
<status status="PASS" starttime="20220101 15:42:37.302" endtime="20220101 15:42:38.191"></status>
</kw>
<status status="PASS" starttime="20220101 15:42:37.293" endtime="20220101 15:42:38.192" critical="yes"></status>
</test>
<status status="PASS" starttime="20220101 15:42:36.297" endtime="20220101 15:42:38.197"></status>
</suite>
<statistics>
<total>
<stat pass="1" fail="0">Critical Tests</stat>
<stat pass="1" fail="0">All Tests</stat>
</total>
<tag>
</tag>
<suite>
<stat pass="1" fail="0" id="s1" name="Employee">Employee</stat>
</suite>
</statistics>
<errors>
</errors>
</robot>
