<?xml version="1.0" encoding="UTF-8"?>
<robot generator="Robot 3.0.4 (Python 3.8.8 on win32)" generated="20220109 22:23:25.943">
<suite id="s1" name="Employee" source="B:\Auto_Company\timsheet\testsuites\employee.robot">
<kw name="Fill enviroment and get token" library="enviroment" type="setup">
<arguments>
<arg>zone12</arg>
</arguments>
<kw name="Create Dictionary" library="BuiltIn">
<doc>Creates and returns a dictionary based on the given ``items``.</doc>
<arguments>
<arg>zone12=admin</arg>
</arguments>
<assign>
<var>${dict_username}</var>
</assign>
<msg timestamp="20220109 22:23:26.251" level="INFO">${dict_username} = {'zone12': 'admin'}</msg>
<status status="PASS" starttime="20220109 22:23:26.251" endtime="20220109 22:23:26.251"></status>
</kw>
<kw name="Create Dictionary" library="BuiltIn">
<doc>Creates and returns a dictionary based on the given ``items``.</doc>
<arguments>
<arg>zone12=123456</arg>
</arguments>
<assign>
<var>${dict_password}</var>
</assign>
<msg timestamp="20220109 22:23:26.252" level="INFO">${dict_password} = {'zone12': '123456'}</msg>
<status status="PASS" starttime="20220109 22:23:26.251" endtime="20220109 22:23:26.252"></status>
</kw>
<kw name="Create Dictionary" library="BuiltIn">
<doc>Creates and returns a dictionary based on the given ``items``.</doc>
<arguments>
<arg>zone12=testz12</arg>
</arguments>
<assign>
<var>${dict_retailer}</var>
</assign>
<msg timestamp="20220109 22:23:26.252" level="INFO">${dict_retailer} = {'zone12': 'testz12'}</msg>
<status status="PASS" starttime="20220109 22:23:26.252" endtime="20220109 22:23:26.252"></status>
</kw>
<kw name="Get From Dictionary" library="Collections">
<doc>Returns a value from the given ``dictionary`` based on the given ``key``.</doc>
<arguments>
<arg>${dict_username}</arg>
<arg>${env}</arg>
</arguments>
<assign>
<var>${username}</var>
</assign>
<msg timestamp="20220109 22:23:26.252" level="INFO">${username} = admin</msg>
<status status="PASS" starttime="20220109 22:23:26.252" endtime="20220109 22:23:26.252"></status>
</kw>
<kw name="Get From Dictionary" library="Collections">
<doc>Returns a value from the given ``dictionary`` based on the given ``key``.</doc>
<arguments>
<arg>${dict_password}</arg>
<arg>${env}</arg>
</arguments>
<assign>
<var>${password}</var>
</assign>
<msg timestamp="20220109 22:23:26.253" level="INFO">${password} = 123456</msg>
<status status="PASS" starttime="20220109 22:23:26.252" endtime="20220109 22:23:26.253"></status>
</kw>
<kw name="Get From Dictionary" library="Collections">
<doc>Returns a value from the given ``dictionary`` based on the given ``key``.</doc>
<arguments>
<arg>${dict_retailer}</arg>
<arg>${env}</arg>
</arguments>
<assign>
<var>${retailer}</var>
</assign>
<msg timestamp="20220109 22:23:26.253" level="INFO">${retailer} = testz12</msg>
<status status="PASS" starttime="20220109 22:23:26.253" endtime="20220109 22:23:26.253"></status>
</kw>
<kw name="Set Global Variable" library="BuiltIn">
<doc>Makes a variable available globally in all tests and suites.</doc>
<arguments>
<arg>${username}</arg>
<arg>${username}</arg>
</arguments>
<msg timestamp="20220109 22:23:26.253" level="INFO">${username} = admin</msg>
<status status="PASS" starttime="20220109 22:23:26.253" endtime="20220109 22:23:26.253"></status>
</kw>
<kw name="Set Global Variable" library="BuiltIn">
<doc>Makes a variable available globally in all tests and suites.</doc>
<arguments>
<arg>${password}</arg>
<arg>${password}</arg>
</arguments>
<msg timestamp="20220109 22:23:26.254" level="INFO">${password} = 123456</msg>
<status status="PASS" starttime="20220109 22:23:26.253" endtime="20220109 22:23:26.254"></status>
</kw>
<kw name="Set Global Variable" library="BuiltIn">
<doc>Makes a variable available globally in all tests and suites.</doc>
<arguments>
<arg>${retailer}</arg>
<arg>${retailer}</arg>
</arguments>
<msg timestamp="20220109 22:23:26.254" level="INFO">${retailer} = testz12</msg>
<status status="PASS" starttime="20220109 22:23:26.254" endtime="20220109 22:23:26.254"></status>
</kw>
<kw name="Create Dictionary" library="BuiltIn">
<doc>Creates and returns a dictionary based on the given ``items``.</doc>
<arguments>
<arg>retailer=${retailer}</arg>
<arg>Content-Type=application/json;charset=utf-8</arg>
</arguments>
<assign>
<var>${header}</var>
</assign>
<msg timestamp="20220109 22:23:26.254" level="INFO">${header} = {'retailer': 'testz12', 'Content-Type': 'application/json;charset=utf-8'}</msg>
<status status="PASS" starttime="20220109 22:23:26.254" endtime="20220109 22:23:26.254"></status>
</kw>
<kw name="Create Dictionary" library="BuiltIn">
<doc>Creates and returns a dictionary based on the given ``items``.</doc>
<arguments>
<arg>UserName=${username}</arg>
<arg>Password=${password}</arg>
</arguments>
<assign>
<var>${data_saleLogin}</var>
</assign>
<msg timestamp="20220109 22:23:26.255" level="INFO">${data_saleLogin} = {'UserName': 'admin', 'Password': '123456'}</msg>
<status status="PASS" starttime="20220109 22:23:26.255" endtime="20220109 22:23:26.255"></status>
</kw>
<kw name="Create Session" library="RequestsLibrary">
<doc>Create Session: create a HTTP session to a server</doc>
<arguments>
<arg>sessionLogin</arg>
<arg>${url_saleLogin}</arg>
</arguments>
<msg timestamp="20220109 22:23:26.255" level="INFO">Creating Session using : alias=sessionLogin, url=https://testz12.kiotviet.vn/api, headers={},                     cookies=None, auth=None, timeout=None, proxies=None, verify=False,                     debug=0 </msg>
<status status="PASS" starttime="20220109 22:23:26.255" endtime="20220109 22:23:26.255"></status>
</kw>
<kw name="Post Request" library="RequestsLibrary">
<doc>Send a POST request on the session object found using the</doc>
<arguments>
<arg>sessionLogin</arg>
<arg>${enp_saleLogin}</arg>
<arg>${header}</arg>
<arg>${data_saleLogin}</arg>
</arguments>
<assign>
<var>${resp}</var>
</assign>
<msg timestamp="20220109 22:23:26.700" level="INFO">Post Request using : alias=sessionLogin, uri=/auth/salelogin, data=&lt;empty&gt;, headers=None, files=None, allow_redirects=True </msg>
<msg timestamp="20220109 22:23:26.700" level="INFO">c:\users\phuoc\appdata\local\programs\python\python38\lib\site-packages\urllib3\connectionpool.py:1013: InsecureRequestWarning: Unverified HTTPS request is being made to host 'testz12.kiotviet.vn'. Adding certificate verification is strongly advised. See: https://urllib3.readthedocs.io/en/1.26.x/advanced-usage.html#ssl-warnings
  warnings.warn(</msg>
<msg timestamp="20220109 22:23:26.700" level="INFO">${resp} = &lt;Response [200]&gt;</msg>
<status status="PASS" starttime="20220109 22:23:26.256" endtime="20220109 22:23:26.700"></status>
</kw>
<kw name="Get Value From Json KV" library="share">
<arguments>
<arg>${resp.json()}</arg>
<arg>$.BearerToken</arg>
</arguments>
<assign>
<var>${token}</var>
</assign>
<kw name="Get Value From Json" library="JSONLibrary">
<doc>Get Value From JSON using JSONPath</doc>
<arguments>
<arg>${resp_json}</arg>
<arg>${json_path}</arg>
</arguments>
<assign>
<var>${result}</var>
</assign>
<msg timestamp="20220109 22:23:26.731" level="INFO">${result} = ['eyJ0eXAiOiJKV1QiLCJhbGciOiJSUzI1NiIsImtpZCI6IndYYSJ9.eyJpc3MiOiJrdnNzand0Iiwic3ViIjoyMzQxNDcsImlhdCI6MTY0MTc0MTgwNiwiZXhwIjoxNjQ0MTYxMDA2LCJwcmVmZXJyZWRfdXNlcm5hbWUiOiJhZG1pbiIsInJvbGVzIjpbIlVzZXIiX...</msg>
<status status="PASS" starttime="20220109 22:23:26.700" endtime="20220109 22:23:26.731"></status>
</kw>
<kw name="Get Length" library="BuiltIn">
<doc>Returns and logs the length of the given item as an integer.</doc>
<arguments>
<arg>${result}</arg>
</arguments>
<assign>
<var>${lenght}</var>
</assign>
<msg timestamp="20220109 22:23:26.731" level="INFO">Length is 1</msg>
<msg timestamp="20220109 22:23:26.731" level="INFO">${lenght} = 1</msg>
<status status="PASS" starttime="20220109 22:23:26.731" endtime="20220109 22:23:26.731"></status>
</kw>
<kw name="Get From List" library="Collections">
<doc>Returns the value specified with an ``index`` from ``list``.</doc>
<arguments>
<arg>${result}</arg>
<arg>0</arg>
</arguments>
<assign>
<var>${result}</var>
</assign>
<msg timestamp="20220109 22:23:26.731" level="INFO">${result} = eyJ0eXAiOiJKV1QiLCJhbGciOiJSUzI1NiIsImtpZCI6IndYYSJ9.eyJpc3MiOiJrdnNzand0Iiwic3ViIjoyMzQxNDcsImlhdCI6MTY0MTc0MTgwNiwiZXhwIjoxNjQ0MTYxMDA2LCJwcmVmZXJyZWRfdXNlcm5hbWUiOiJhZG1pbiIsInJvbGVzIjpbIlVzZXIiXSw...</msg>
<status status="PASS" starttime="20220109 22:23:26.731" endtime="20220109 22:23:26.731"></status>
</kw>
<kw name="Run Keyword If" library="BuiltIn">
<doc>Runs the given keyword with the given arguments, if ``condition`` is true.</doc>
<arguments>
<arg>${lenght}==0</arg>
<arg>Return From Keyword</arg>
<arg>${0}</arg>
<arg>ELSE</arg>
<arg>Return From Keyword</arg>
<arg>${result}</arg>
</arguments>
<kw name="Return From Keyword" library="BuiltIn">
<doc>Returns from the enclosing user keyword.</doc>
<arguments>
<arg>${result}</arg>
</arguments>
<msg timestamp="20220109 22:23:26.742" level="INFO">Returning from the enclosing user keyword.</msg>
<status status="PASS" starttime="20220109 22:23:26.741" endtime="20220109 22:23:26.742"></status>
</kw>
<status status="PASS" starttime="20220109 22:23:26.740" endtime="20220109 22:23:26.742"></status>
</kw>
<msg timestamp="20220109 22:23:26.742" level="INFO">${token} = eyJ0eXAiOiJKV1QiLCJhbGciOiJSUzI1NiIsImtpZCI6IndYYSJ9.eyJpc3MiOiJrdnNzand0Iiwic3ViIjoyMzQxNDcsImlhdCI6MTY0MTc0MTgwNiwiZXhwIjoxNjQ0MTYxMDA2LCJwcmVmZXJyZWRfdXNlcm5hbWUiOiJhZG1pbiIsInJvbGVzIjpbIlVzZXIiXSw...</msg>
<status status="PASS" starttime="20220109 22:23:26.700" endtime="20220109 22:23:26.742"></status>
</kw>
<kw name="Catenate" library="BuiltIn">
<doc>Catenates the given items together and returns the resulted string.</doc>
<arguments>
<arg>Bearer</arg>
<arg>${token}</arg>
</arguments>
<assign>
<var>${token}</var>
</assign>
<msg timestamp="20220109 22:23:26.743" level="INFO">${token} = Bearer eyJ0eXAiOiJKV1QiLCJhbGciOiJSUzI1NiIsImtpZCI6IndYYSJ9.eyJpc3MiOiJrdnNzand0Iiwic3ViIjoyMzQxNDcsImlhdCI6MTY0MTc0MTgwNiwiZXhwIjoxNjQ0MTYxMDA2LCJwcmVmZXJyZWRfdXNlcm5hbWUiOiJhZG1pbiIsInJvbGVzIjpbIlVz...</msg>
<status status="PASS" starttime="20220109 22:23:26.743" endtime="20220109 22:23:26.743"></status>
</kw>
<kw name="Get Value From Json KV" library="share">
<arguments>
<arg>${resp.json()}</arg>
<arg>$.CurrentBranchId</arg>
</arguments>
<assign>
<var>${branchId}</var>
</assign>
<kw name="Get Value From Json" library="JSONLibrary">
<doc>Get Value From JSON using JSONPath</doc>
<arguments>
<arg>${resp_json}</arg>
<arg>${json_path}</arg>
</arguments>
<assign>
<var>${result}</var>
</assign>
<msg timestamp="20220109 22:23:26.770" level="INFO">${result} = [302728]</msg>
<status status="PASS" starttime="20220109 22:23:26.745" endtime="20220109 22:23:26.770"></status>
</kw>
<kw name="Get Length" library="BuiltIn">
<doc>Returns and logs the length of the given item as an integer.</doc>
<arguments>
<arg>${result}</arg>
</arguments>
<assign>
<var>${lenght}</var>
</assign>
<msg timestamp="20220109 22:23:26.770" level="INFO">Length is 1</msg>
<msg timestamp="20220109 22:23:26.770" level="INFO">${lenght} = 1</msg>
<status status="PASS" starttime="20220109 22:23:26.770" endtime="20220109 22:23:26.770"></status>
</kw>
<kw name="Get From List" library="Collections">
<doc>Returns the value specified with an ``index`` from ``list``.</doc>
<arguments>
<arg>${result}</arg>
<arg>0</arg>
</arguments>
<assign>
<var>${result}</var>
</assign>
<msg timestamp="20220109 22:23:26.770" level="INFO">${result} = 302728</msg>
<status status="PASS" starttime="20220109 22:23:26.770" endtime="20220109 22:23:26.770"></status>
</kw>
<kw name="Run Keyword If" library="BuiltIn">
<doc>Runs the given keyword with the given arguments, if ``condition`` is true.</doc>
<arguments>
<arg>${lenght}==0</arg>
<arg>Return From Keyword</arg>
<arg>${0}</arg>
<arg>ELSE</arg>
<arg>Return From Keyword</arg>
<arg>${result}</arg>
</arguments>
<kw name="Return From Keyword" library="BuiltIn">
<doc>Returns from the enclosing user keyword.</doc>
<arguments>
<arg>${result}</arg>
</arguments>
<msg timestamp="20220109 22:23:26.771" level="INFO">Returning from the enclosing user keyword.</msg>
<status status="PASS" starttime="20220109 22:23:26.771" endtime="20220109 22:23:26.771"></status>
</kw>
<status status="PASS" starttime="20220109 22:23:26.771" endtime="20220109 22:23:26.771"></status>
</kw>
<msg timestamp="20220109 22:23:26.771" level="INFO">${branchId} = 302728</msg>
<status status="PASS" starttime="20220109 22:23:26.744" endtime="20220109 22:23:26.771"></status>
</kw>
<kw name="Convert To String" library="BuiltIn">
<doc>Converts the given item to a Unicode string.</doc>
<arguments>
<arg>${branchId}</arg>
</arguments>
<assign>
<var>${branchId}</var>
</assign>
<msg timestamp="20220109 22:23:26.772" level="INFO">${branchId} = 302728</msg>
<status status="PASS" starttime="20220109 22:23:26.771" endtime="20220109 22:23:26.772"></status>
</kw>
<kw name="Set Global Variable" library="BuiltIn">
<doc>Makes a variable available globally in all tests and suites.</doc>
<arguments>
<arg>${branchId}</arg>
<arg>${branchId}</arg>
</arguments>
<msg timestamp="20220109 22:23:26.772" level="INFO">${branchId} = 302728</msg>
<status status="PASS" starttime="20220109 22:23:26.772" endtime="20220109 22:23:26.772"></status>
</kw>
<kw name="Get Value From Json KV" library="share">
<arguments>
<arg>${resp.json()}</arg>
<arg>$.UserId</arg>
</arguments>
<assign>
<var>${user_login}</var>
</assign>
<kw name="Get Value From Json" library="JSONLibrary">
<doc>Get Value From JSON using JSONPath</doc>
<arguments>
<arg>${resp_json}</arg>
<arg>${json_path}</arg>
</arguments>
<assign>
<var>${result}</var>
</assign>
<msg timestamp="20220109 22:23:26.791" level="INFO">${result} = [234147]</msg>
<status status="PASS" starttime="20220109 22:23:26.773" endtime="20220109 22:23:26.791"></status>
</kw>
<kw name="Get Length" library="BuiltIn">
<doc>Returns and logs the length of the given item as an integer.</doc>
<arguments>
<arg>${result}</arg>
</arguments>
<assign>
<var>${lenght}</var>
</assign>
<msg timestamp="20220109 22:23:26.791" level="INFO">Length is 1</msg>
<msg timestamp="20220109 22:23:26.791" level="INFO">${lenght} = 1</msg>
<status status="PASS" starttime="20220109 22:23:26.791" endtime="20220109 22:23:26.791"></status>
</kw>
<kw name="Get From List" library="Collections">
<doc>Returns the value specified with an ``index`` from ``list``.</doc>
<arguments>
<arg>${result}</arg>
<arg>0</arg>
</arguments>
<assign>
<var>${result}</var>
</assign>
<msg timestamp="20220109 22:23:26.791" level="INFO">${result} = 234147</msg>
<status status="PASS" starttime="20220109 22:23:26.791" endtime="20220109 22:23:26.791"></status>
</kw>
<kw name="Run Keyword If" library="BuiltIn">
<doc>Runs the given keyword with the given arguments, if ``condition`` is true.</doc>
<arguments>
<arg>${lenght}==0</arg>
<arg>Return From Keyword</arg>
<arg>${0}</arg>
<arg>ELSE</arg>
<arg>Return From Keyword</arg>
<arg>${result}</arg>
</arguments>
<kw name="Return From Keyword" library="BuiltIn">
<doc>Returns from the enclosing user keyword.</doc>
<arguments>
<arg>${result}</arg>
</arguments>
<msg timestamp="20220109 22:23:26.791" level="INFO">Returning from the enclosing user keyword.</msg>
<status status="PASS" starttime="20220109 22:23:26.791" endtime="20220109 22:23:26.791"></status>
</kw>
<status status="PASS" starttime="20220109 22:23:26.791" endtime="20220109 22:23:26.791"></status>
</kw>
<msg timestamp="20220109 22:23:26.791" level="INFO">${user_login} = 234147</msg>
<status status="PASS" starttime="20220109 22:23:26.772" endtime="20220109 22:23:26.791"></status>
</kw>
<kw name="Set Global Variable" library="BuiltIn">
<doc>Makes a variable available globally in all tests and suites.</doc>
<arguments>
<arg>${user_login}</arg>
<arg>${user_login}</arg>
</arguments>
<msg timestamp="20220109 22:23:26.791" level="INFO">${user_login} = 234147</msg>
<status status="PASS" starttime="20220109 22:23:26.791" endtime="20220109 22:23:26.791"></status>
</kw>
<kw name="Create Dictionary" library="BuiltIn">
<doc>Creates and returns a dictionary based on the given ``items``.</doc>
<arguments>
<arg>retailer=${retailer}</arg>
<arg>Content-Type=application/json;charset=utf-8</arg>
<arg>branchid=${branchId}</arg>
<arg>Authorization=${token}</arg>
</arguments>
<assign>
<var>${header}</var>
</assign>
<msg timestamp="20220109 22:23:26.791" level="INFO">${header} = {'retailer': 'testz12', 'Content-Type': 'application/json;charset=utf-8', 'branchid': '302728', 'Authorization': 'Bearer eyJ0eXAiOiJKV1QiLCJhbGciOiJSUzI1NiIsImtpZCI6IndYYSJ9.eyJpc3MiOiJrdnNzand0Iiwic3...</msg>
<status status="PASS" starttime="20220109 22:23:26.791" endtime="20220109 22:23:26.791"></status>
</kw>
<kw name="Create Dictionary" library="BuiltIn">
<doc>Creates and returns a dictionary based on the given ``items``.</doc>
<arguments>
<arg>retailer=${retailer}</arg>
<arg>branchid=${branchId}</arg>
<arg>Authorization=${token}</arg>
</arguments>
<assign>
<var>${headers_not_contenType}</var>
</assign>
<msg timestamp="20220109 22:23:26.791" level="INFO">${headers_not_contenType} = {'retailer': 'testz12', 'branchid': '302728', 'Authorization': 'Bearer eyJ0eXAiOiJKV1QiLCJhbGciOiJSUzI1NiIsImtpZCI6IndYYSJ9.eyJpc3MiOiJrdnNzand0Iiwic3ViIjoyMzQxNDcsImlhdCI6MTY0MTc0MTgwNiwiZXhwIjoxNjQ0...</msg>
<status status="PASS" starttime="20220109 22:23:26.791" endtime="20220109 22:23:26.791"></status>
</kw>
<kw name="Set Global Variable" library="BuiltIn">
<doc>Makes a variable available globally in all tests and suites.</doc>
<arguments>
<arg>${header}</arg>
<arg>${header}</arg>
</arguments>
<msg timestamp="20220109 22:23:26.791" level="INFO">${header} = {'retailer': 'testz12', 'Content-Type': 'application/json;charset=utf-8', 'branchid': '302728', 'Authorization': 'Bearer eyJ0eXAiOiJKV1QiLCJhbGciOiJSUzI1NiIsImtpZCI6IndYYSJ9.eyJpc3MiOiJrdnNzand0Iiwic3...</msg>
<status status="PASS" starttime="20220109 22:23:26.791" endtime="20220109 22:23:26.791"></status>
</kw>
<kw name="Set Global Variable" library="BuiltIn">
<doc>Makes a variable available globally in all tests and suites.</doc>
<arguments>
<arg>${headers_not_contenType}</arg>
<arg>${headers_not_contenType}</arg>
</arguments>
<msg timestamp="20220109 22:23:26.791" level="INFO">${headers_not_contenType} = {'retailer': 'testz12', 'branchid': '302728', 'Authorization': 'Bearer eyJ0eXAiOiJKV1QiLCJhbGciOiJSUzI1NiIsImtpZCI6IndYYSJ9.eyJpc3MiOiJrdnNzand0Iiwic3ViIjoyMzQxNDcsImlhdCI6MTY0MTc0MTgwNiwiZXhwIjoxNjQ0...</msg>
<status status="PASS" starttime="20220109 22:23:26.791" endtime="20220109 22:23:26.791"></status>
</kw>
<kw name="Create Session" library="RequestsLibrary">
<doc>Create Session: create a HTTP session to a server</doc>
<arguments>
<arg>session</arg>
<arg>${url}</arg>
<arg>${headers_not_contenType}</arg>
</arguments>
<msg timestamp="20220109 22:23:26.791" level="INFO">Creating Session using : alias=session, url=https://api-timesheet.kiotviet.vn, headers={'retailer': 'testz12', 'branchid': '302728', 'Authorization': 'Bearer eyJ0eXAiOiJKV1QiLCJhbGciOiJSUzI1NiIsImtpZCI6IndYYSJ9.eyJpc3MiOiJrdnNzand0Iiwic3ViIjoyMzQxNDcsImlhdCI6MTY0MTc0MTgwNiwiZXhwIjoxNjQ0MTYxMDA2LCJwcmVmZXJyZWRfdXNlcm5hbWUiOiJhZG1pbiIsInJvbGVzIjpbIlVzZXIiXSwia3ZzZXMiOiJmOGUxNDA5YjdmOTg0NzQyYjRmZDkzZWY3ZGM4MWY5ZiIsImt2dWlkIjoyMzQxNDcsImt2bGFuZyI6InZpLVZOIiwia3Z1dHlwZSI6MCwia3Z1bGltaXQiOiJGYWxzZSIsImt2dWFkbWluIjoiVHJ1ZSIsImt2dWFjdCI6IlRydWUiLCJrdnVsaW1pdHRyYW5zIjoiRmFsc2UiLCJrdnVzaG93c3VtIjoiVHJ1ZSIsImt2YmlkIjozMDI3MjgsImt2cmluZGlkIjoxMSwia3ZyY29kZSI6InRlc3R6MTIiLCJrdnJpZCI6NTU5NTUsImt2dXJpZCI6NTU5NTUsImt2cmdpZCI6MTIsInBlcm1zIjoiIn0.r-N1AB9uzslFxx07_3xlotGORUxp6eDfxtN4hzJfM3TOudpTflyL3eaNYWOh5y5OXXPFk0-nIhVO6B3xGGhji7yE-uwCHC766HV9tihF8V6f5PUEqp6ooAqxfsH_RooD20Scy7fb8sjuB3kO6ISFVSJWLyPjKbH8RN0JCJ5r44xRxFHmdThgWtP0zlUHI7EJxoMrWn9FV9gQ6Ea4Yt5nxl5UbEQO6BhNynpC4IYiVS-eVZfiRUlK-xCXRDg722028Woe1pdjTRYvCLkEBGWT0j3xLjMjEd-aDpVjMQ5sIKYVtsLht1nnkdxbq45I9fa_32_lVWr_wUSeqrVbDrD2wA'},                     cookies=None, auth=None, timeout=None, proxies=None, verify=False,                     debug=0 </msg>
<status status="PASS" starttime="20220109 22:23:26.791" endtime="20220109 22:23:26.791"></status>
</kw>
<kw name="Set Global Variable" library="BuiltIn">
<doc>Makes a variable available globally in all tests and suites.</doc>
<arguments>
<arg>${session}</arg>
<arg>session</arg>
</arguments>
<msg timestamp="20220109 22:23:26.791" level="INFO">${session} = session</msg>
<status status="PASS" starttime="20220109 22:23:26.791" endtime="20220109 22:23:26.791"></status>
</kw>
<kw name="Random a String Letter" library="share_random">
<arguments>
<arg>4</arg>
</arguments>
<assign>
<var>${random_str}</var>
</assign>
<kw name="Generate Random String" library="String">
<doc>Generates a string with a desired ``length`` from the given ``chars``.</doc>
<arguments>
<arg>${number}</arg>
<arg>[LETTERS]</arg>
</arguments>
<assign>
<var>${random_str}</var>
</assign>
<msg timestamp="20220109 22:23:26.791" level="INFO">${random_str} = RVPA</msg>
<status status="PASS" starttime="20220109 22:23:26.791" endtime="20220109 22:23:26.791"></status>
</kw>
<kw name="Return From Keyword" library="BuiltIn">
<doc>Returns from the enclosing user keyword.</doc>
<arguments>
<arg>${random_str}</arg>
</arguments>
<msg timestamp="20220109 22:23:26.791" level="INFO">Returning from the enclosing user keyword.</msg>
<status status="PASS" starttime="20220109 22:23:26.791" endtime="20220109 22:23:26.791"></status>
</kw>
<msg timestamp="20220109 22:23:26.791" level="INFO">${random_str} = RVPA</msg>
<status status="PASS" starttime="20220109 22:23:26.791" endtime="20220109 22:23:26.791"></status>
</kw>
<kw name="Set Global Variable" library="BuiltIn">
<doc>Makes a variable available globally in all tests and suites.</doc>
<arguments>
<arg>${random_str}</arg>
<arg>${random_str}</arg>
</arguments>
<msg timestamp="20220109 22:23:26.791" level="INFO">${random_str} = RVPA</msg>
<status status="PASS" starttime="20220109 22:23:26.791" endtime="20220109 22:23:26.791"></status>
</kw>
<status status="PASS" starttime="20220109 22:23:26.250" endtime="20220109 22:23:26.791"></status>
</kw>
<test id="s1-t1" name="Create employee">
<kw name="Set Global Variable" library="BuiltIn">
<doc>Makes a variable available globally in all tests and suites.</doc>
<arguments>
<arg>${random_str}</arg>
<arg>${random_str}</arg>
</arguments>
<msg timestamp="20220109 22:23:26.807" level="INFO">${random_str} = RVPA</msg>
<status status="PASS" starttime="20220109 22:23:26.806" endtime="20220109 22:23:26.807"></status>
</kw>
<kw name="Create List" library="BuiltIn">
<doc>Returns a list containing given items.</doc>
<arguments>
<arg>${random_str}</arg>
<arg>${branchId}</arg>
<arg>${branchId}</arg>
</arguments>
<assign>
<var>${list_format}</var>
</assign>
<msg timestamp="20220109 22:23:26.807" level="INFO">${list_format} = ['RVPA', '302728', '302728']</msg>
<status status="PASS" starttime="20220109 22:23:26.807" endtime="20220109 22:23:26.807"></status>
</kw>
<kw name="Format String Use [D0] [D1] [D2]" library="share">
<arguments>
<arg>${data_employee}</arg>
<arg>${list_format}</arg>
</arguments>
<assign>
<var>${data}</var>
</assign>
<kw name="Get Length" library="BuiltIn">
<doc>Returns and logs the length of the given item as an integer.</doc>
<arguments>
<arg>${list_format}</arg>
</arguments>
<assign>
<var>${length}</var>
</assign>
<msg timestamp="20220109 22:23:26.808" level="INFO">Length is 3</msg>
<msg timestamp="20220109 22:23:26.808" level="INFO">${length} = 3</msg>
<status status="PASS" starttime="20220109 22:23:26.808" endtime="20220109 22:23:26.809"></status>
</kw>
<kw name="${i} IN RANGE [ ${length} ]" type="for">
<kw name="${i} = 0" type="foritem">
<kw name="Get From List" library="Collections">
<doc>Returns the value specified with an ``index`` from ``list``.</doc>
<arguments>
<arg>${list_format}</arg>
<arg>${i}</arg>
</arguments>
<assign>
<var>${value_temp}</var>
</assign>
<msg timestamp="20220109 22:23:26.811" level="INFO">${value_temp} = RVPA</msg>
<status status="PASS" starttime="20220109 22:23:26.810" endtime="20220109 22:23:26.811"></status>
</kw>
<kw name="Convert To String" library="BuiltIn">
<doc>Converts the given item to a Unicode string.</doc>
<arguments>
<arg>${value_temp}</arg>
</arguments>
<assign>
<var>${value_temp}</var>
</assign>
<msg timestamp="20220109 22:23:26.811" level="INFO">${value_temp} = RVPA</msg>
<status status="PASS" starttime="20220109 22:23:26.811" endtime="20220109 22:23:26.811"></status>
</kw>
<kw name="Replace String" library="String">
<doc>Replaces ``search_for`` in the given ``string`` with ``replace_with``.</doc>
<arguments>
<arg>${data_format}</arg>
<arg>[D${i}]</arg>
<arg>${value_temp}</arg>
</arguments>
<assign>
<var>${data_format}</var>
</assign>
<msg timestamp="20220109 22:23:26.812" level="INFO">${data_format} = {"name":"RVPA","branchId":[D1],"workBranchIds":[[D2]]}</msg>
<status status="PASS" starttime="20220109 22:23:26.812" endtime="20220109 22:23:26.812"></status>
</kw>
<status status="PASS" starttime="20220109 22:23:26.809" endtime="20220109 22:23:26.812"></status>
</kw>
<kw name="${i} = 1" type="foritem">
<kw name="Get From List" library="Collections">
<doc>Returns the value specified with an ``index`` from ``list``.</doc>
<arguments>
<arg>${list_format}</arg>
<arg>${i}</arg>
</arguments>
<assign>
<var>${value_temp}</var>
</assign>
<msg timestamp="20220109 22:23:26.812" level="INFO">${value_temp} = 302728</msg>
<status status="PASS" starttime="20220109 22:23:26.812" endtime="20220109 22:23:26.812"></status>
</kw>
<kw name="Convert To String" library="BuiltIn">
<doc>Converts the given item to a Unicode string.</doc>
<arguments>
<arg>${value_temp}</arg>
</arguments>
<assign>
<var>${value_temp}</var>
</assign>
<msg timestamp="20220109 22:23:26.812" level="INFO">${value_temp} = 302728</msg>
<status status="PASS" starttime="20220109 22:23:26.812" endtime="20220109 22:23:26.813"></status>
</kw>
<kw name="Replace String" library="String">
<doc>Replaces ``search_for`` in the given ``string`` with ``replace_with``.</doc>
<arguments>
<arg>${data_format}</arg>
<arg>[D${i}]</arg>
<arg>${value_temp}</arg>
</arguments>
<assign>
<var>${data_format}</var>
</assign>
<msg timestamp="20220109 22:23:26.813" level="INFO">${data_format} = {"name":"RVPA","branchId":302728,"workBranchIds":[[D2]]}</msg>
<status status="PASS" starttime="20220109 22:23:26.813" endtime="20220109 22:23:26.813"></status>
</kw>
<status status="PASS" starttime="20220109 22:23:26.812" endtime="20220109 22:23:26.813"></status>
</kw>
<kw name="${i} = 2" type="foritem">
<kw name="Get From List" library="Collections">
<doc>Returns the value specified with an ``index`` from ``list``.</doc>
<arguments>
<arg>${list_format}</arg>
<arg>${i}</arg>
</arguments>
<assign>
<var>${value_temp}</var>
</assign>
<msg timestamp="20220109 22:23:26.813" level="INFO">${value_temp} = 302728</msg>
<status status="PASS" starttime="20220109 22:23:26.813" endtime="20220109 22:23:26.813"></status>
</kw>
<kw name="Convert To String" library="BuiltIn">
<doc>Converts the given item to a Unicode string.</doc>
<arguments>
<arg>${value_temp}</arg>
</arguments>
<assign>
<var>${value_temp}</var>
</assign>
<msg timestamp="20220109 22:23:26.814" level="INFO">${value_temp} = 302728</msg>
<status status="PASS" starttime="20220109 22:23:26.813" endtime="20220109 22:23:26.814"></status>
</kw>
<kw name="Replace String" library="String">
<doc>Replaces ``search_for`` in the given ``string`` with ``replace_with``.</doc>
<arguments>
<arg>${data_format}</arg>
<arg>[D${i}]</arg>
<arg>${value_temp}</arg>
</arguments>
<assign>
<var>${data_format}</var>
</assign>
<msg timestamp="20220109 22:23:26.814" level="INFO">${data_format} = {"name":"RVPA","branchId":302728,"workBranchIds":[302728]}</msg>
<status status="PASS" starttime="20220109 22:23:26.814" endtime="20220109 22:23:26.814"></status>
</kw>
<status status="PASS" starttime="20220109 22:23:26.813" endtime="20220109 22:23:26.814"></status>
</kw>
<status status="PASS" starttime="20220109 22:23:26.809" endtime="20220109 22:23:26.814"></status>
</kw>
<kw name="Return From Keyword" library="BuiltIn">
<doc>Returns from the enclosing user keyword.</doc>
<arguments>
<arg>${data_format}</arg>
</arguments>
<msg timestamp="20220109 22:23:26.814" level="INFO">Returning from the enclosing user keyword.</msg>
<status status="PASS" starttime="20220109 22:23:26.814" endtime="20220109 22:23:26.814"></status>
</kw>
<msg timestamp="20220109 22:23:26.814" level="INFO">${data} = {"name":"RVPA","branchId":302728,"workBranchIds":[302728]}</msg>
<status status="PASS" starttime="20220109 22:23:26.808" endtime="20220109 22:23:26.814"></status>
</kw>
<kw name="Evaluate" library="BuiltIn">
<doc>Evaluates the given expression in Python and returns the results.</doc>
<arguments>
<arg>(None,'${data}')</arg>
</arguments>
<assign>
<var>${data}</var>
</assign>
<msg timestamp="20220109 22:23:26.815" level="INFO">${data} = (None, '{"name":"RVPA","branchId":302728,"workBranchIds":[302728]}')</msg>
<status status="PASS" starttime="20220109 22:23:26.815" endtime="20220109 22:23:26.815"></status>
</kw>
<kw name="Log" library="BuiltIn">
<doc>Logs the given message with the given level.</doc>
<arguments>
<arg>${data}</arg>
</arguments>
<msg timestamp="20220109 22:23:26.815" level="INFO">(None, '{"name":"RVPA","branchId":302728,"workBranchIds":[302728]}')</msg>
<status status="PASS" starttime="20220109 22:23:26.815" endtime="20220109 22:23:26.815"></status>
</kw>
<kw name="Create Dictionary" library="BuiltIn">
<doc>Creates and returns a dictionary based on the given ``items``.</doc>
<arguments>
<arg>employee=${data}</arg>
</arguments>
<assign>
<var>${formdata}</var>
</assign>
<msg timestamp="20220109 22:23:26.816" level="INFO">${formdata} = {'employee': (None, '{"name":"RVPA","branchId":302728,"workBranchIds":[302728]}')}</msg>
<status status="PASS" starttime="20220109 22:23:26.816" endtime="20220109 22:23:26.816"></status>
</kw>
<kw name="Log" library="BuiltIn">
<doc>Logs the given message with the given level.</doc>
<arguments>
<arg>${formdata}</arg>
</arguments>
<msg timestamp="20220109 22:23:26.816" level="INFO">{'employee': (None, '{"name":"RVPA","branchId":302728,"workBranchIds":[302728]}')}</msg>
<status status="PASS" starttime="20220109 22:23:26.816" endtime="20220109 22:23:26.816"></status>
</kw>
<kw name="Post Request Use Formdata KV" library="share">
<arguments>
<arg>${session}</arg>
<arg>${enp_employee}</arg>
<arg>${formdata}</arg>
<arg>200</arg>
</arguments>
<assign>
<var>${resp}</var>
</assign>
<kw name="Post Request" library="RequestsLibrary">
<doc>Send a POST request on the session object found using the</doc>
<arguments>
<arg>${session}</arg>
<arg>${endpoint}</arg>
<arg>${headers_not_contenType}</arg>
<arg>files=${data_func}</arg>
</arguments>
<assign>
<var>${resp}</var>
</assign>
<msg timestamp="20220109 22:23:27.154" level="INFO">Post Request using : alias=session, uri=/employees, data=&lt;empty&gt;, headers=None, files={'employee': (None, '{"name":"RVPA","branchId":302728,"workBranchIds":[302728]}')}, allow_redirects=True </msg>
<msg timestamp="20220109 22:23:27.154" level="INFO">c:\users\phuoc\appdata\local\programs\python\python38\lib\site-packages\urllib3\connectionpool.py:1013: InsecureRequestWarning: Unverified HTTPS request is being made to host 'api-timesheet.kiotviet.vn'. Adding certificate verification is strongly advised. See: https://urllib3.readthedocs.io/en/1.26.x/advanced-usage.html#ssl-warnings
  warnings.warn(</msg>
<msg timestamp="20220109 22:23:27.157" level="INFO">${resp} = &lt;Response [200]&gt;</msg>
<status status="PASS" starttime="20220109 22:23:26.817" endtime="20220109 22:23:27.157"></status>
</kw>
<kw name="Should Be Equal As Strings" library="BuiltIn">
<doc>Fails if objects are unequal after converting them to strings.</doc>
<arguments>
<arg>${resp.status_code}</arg>
<arg>${expected_status_code}</arg>
</arguments>
<msg timestamp="20220109 22:23:27.157" level="INFO">Argument types are:
&lt;class 'int'&gt;
&lt;type 'unicode'&gt;</msg>
<status status="PASS" starttime="20220109 22:23:27.157" endtime="20220109 22:23:27.157"></status>
</kw>
<kw name="Return From Keyword" library="BuiltIn">
<doc>Returns from the enclosing user keyword.</doc>
<arguments>
<arg>${resp}</arg>
</arguments>
<msg timestamp="20220109 22:23:27.158" level="INFO">Returning from the enclosing user keyword.</msg>
<status status="PASS" starttime="20220109 22:23:27.158" endtime="20220109 22:23:27.158"></status>
</kw>
<msg timestamp="20220109 22:23:27.158" level="INFO">${resp} = &lt;Response [200]&gt;</msg>
<status status="PASS" starttime="20220109 22:23:26.817" endtime="20220109 22:23:27.158"></status>
</kw>
<kw name="Get Value From Json KV" library="share">
<arguments>
<arg>${resp.json()}</arg>
<arg>$.result.id</arg>
</arguments>
<assign>
<var>${id_employee}</var>
</assign>
<kw name="Get Value From Json" library="JSONLibrary">
<doc>Get Value From JSON using JSONPath</doc>
<arguments>
<arg>${resp_json}</arg>
<arg>${json_path}</arg>
</arguments>
<assign>
<var>${result}</var>
</assign>
<msg timestamp="20220109 22:23:27.186" level="INFO">${result} = [230000000016316]</msg>
<status status="PASS" starttime="20220109 22:23:27.159" endtime="20220109 22:23:27.186"></status>
</kw>
<kw name="Get Length" library="BuiltIn">
<doc>Returns and logs the length of the given item as an integer.</doc>
<arguments>
<arg>${result}</arg>
</arguments>
<assign>
<var>${lenght}</var>
</assign>
<msg timestamp="20220109 22:23:27.186" level="INFO">Length is 1</msg>
<msg timestamp="20220109 22:23:27.186" level="INFO">${lenght} = 1</msg>
<status status="PASS" starttime="20220109 22:23:27.186" endtime="20220109 22:23:27.186"></status>
</kw>
<kw name="Get From List" library="Collections">
<doc>Returns the value specified with an ``index`` from ``list``.</doc>
<arguments>
<arg>${result}</arg>
<arg>0</arg>
</arguments>
<assign>
<var>${result}</var>
</assign>
<msg timestamp="20220109 22:23:27.187" level="INFO">${result} = 230000000016316</msg>
<status status="PASS" starttime="20220109 22:23:27.186" endtime="20220109 22:23:27.187"></status>
</kw>
<kw name="Run Keyword If" library="BuiltIn">
<doc>Runs the given keyword with the given arguments, if ``condition`` is true.</doc>
<arguments>
<arg>${lenght}==0</arg>
<arg>Return From Keyword</arg>
<arg>${0}</arg>
<arg>ELSE</arg>
<arg>Return From Keyword</arg>
<arg>${result}</arg>
</arguments>
<kw name="Return From Keyword" library="BuiltIn">
<doc>Returns from the enclosing user keyword.</doc>
<arguments>
<arg>${result}</arg>
</arguments>
<msg timestamp="20220109 22:23:27.187" level="INFO">Returning from the enclosing user keyword.</msg>
<status status="PASS" starttime="20220109 22:23:27.187" endtime="20220109 22:23:27.187"></status>
</kw>
<status status="PASS" starttime="20220109 22:23:27.187" endtime="20220109 22:23:27.187"></status>
</kw>
<msg timestamp="20220109 22:23:27.187" level="INFO">${id_employee} = 230000000016316</msg>
<status status="PASS" starttime="20220109 22:23:27.158" endtime="20220109 22:23:27.187"></status>
</kw>
<kw name="Get Value From Json KV" library="share">
<arguments>
<arg>${resp.json()}</arg>
<arg>$.result.code</arg>
</arguments>
<assign>
<var>${code_employee}</var>
</assign>
<kw name="Get Value From Json" library="JSONLibrary">
<doc>Get Value From JSON using JSONPath</doc>
<arguments>
<arg>${resp_json}</arg>
<arg>${json_path}</arg>
</arguments>
<assign>
<var>${result}</var>
</assign>
<msg timestamp="20220109 22:23:27.213" level="INFO">${result} = ['NV001583']</msg>
<status status="PASS" starttime="20220109 22:23:27.188" endtime="20220109 22:23:27.214"></status>
</kw>
<kw name="Get Length" library="BuiltIn">
<doc>Returns and logs the length of the given item as an integer.</doc>
<arguments>
<arg>${result}</arg>
</arguments>
<assign>
<var>${lenght}</var>
</assign>
<msg timestamp="20220109 22:23:27.214" level="INFO">Length is 1</msg>
<msg timestamp="20220109 22:23:27.214" level="INFO">${lenght} = 1</msg>
<status status="PASS" starttime="20220109 22:23:27.214" endtime="20220109 22:23:27.214"></status>
</kw>
<kw name="Get From List" library="Collections">
<doc>Returns the value specified with an ``index`` from ``list``.</doc>
<arguments>
<arg>${result}</arg>
<arg>0</arg>
</arguments>
<assign>
<var>${result}</var>
</assign>
<msg timestamp="20220109 22:23:27.214" level="INFO">${result} = NV001583</msg>
<status status="PASS" starttime="20220109 22:23:27.214" endtime="20220109 22:23:27.214"></status>
</kw>
<kw name="Run Keyword If" library="BuiltIn">
<doc>Runs the given keyword with the given arguments, if ``condition`` is true.</doc>
<arguments>
<arg>${lenght}==0</arg>
<arg>Return From Keyword</arg>
<arg>${0}</arg>
<arg>ELSE</arg>
<arg>Return From Keyword</arg>
<arg>${result}</arg>
</arguments>
<kw name="Return From Keyword" library="BuiltIn">
<doc>Returns from the enclosing user keyword.</doc>
<arguments>
<arg>${result}</arg>
</arguments>
<msg timestamp="20220109 22:23:27.215" level="INFO">Returning from the enclosing user keyword.</msg>
<status status="PASS" starttime="20220109 22:23:27.215" endtime="20220109 22:23:27.215"></status>
</kw>
<status status="PASS" starttime="20220109 22:23:27.214" endtime="20220109 22:23:27.215"></status>
</kw>
<msg timestamp="20220109 22:23:27.215" level="INFO">${code_employee} = NV001583</msg>
<status status="PASS" starttime="20220109 22:23:27.188" endtime="20220109 22:23:27.215"></status>
</kw>
<kw name="Set Global Variable" library="BuiltIn">
<doc>Makes a variable available globally in all tests and suites.</doc>
<arguments>
<arg>${code_employee}</arg>
<arg>${code_employee}</arg>
</arguments>
<msg timestamp="20220109 22:23:27.216" level="INFO">${code_employee} = NV001583</msg>
<status status="PASS" starttime="20220109 22:23:27.216" endtime="20220109 22:23:27.216"></status>
</kw>
<kw name="Set Global Variable" library="BuiltIn">
<doc>Makes a variable available globally in all tests and suites.</doc>
<arguments>
<arg>${id_employee}</arg>
<arg>${id_employee}</arg>
</arguments>
<msg timestamp="20220109 22:23:27.217" level="INFO">${id_employee} = 230000000016316</msg>
<status status="PASS" starttime="20220109 22:23:27.216" endtime="20220109 22:23:27.217"></status>
</kw>
<kw name="Verify input and output of add employee">
<arguments>
<arg>${random_str}</arg>
</arguments>
<kw name="Get Detail From Id KV" library="share">
<arguments>
<arg>${enp_employee}</arg>
<arg>${id_employee}</arg>
<arg>$.result.name</arg>
</arguments>
<assign>
<var>${name_employee_output}</var>
</assign>
<kw name="Get Request From KV" library="share">
<arguments>
<arg>${session}</arg>
<arg>${enpoint}/${id}</arg>
</arguments>
<assign>
<var>${resp}</var>
</assign>
<kw name="Get Request" library="RequestsLibrary">
<doc>Send a GET request on the session object found using the</doc>
<arguments>
<arg>${session}</arg>
<arg>${endpoint}</arg>
</arguments>
<assign>
<var>${resp}</var>
</assign>
<msg timestamp="20220109 22:23:27.306" level="INFO">Get Request using : alias=session, uri=/employees/230000000016316, headers=None json=None</msg>
<msg timestamp="20220109 22:23:27.306" level="INFO">c:\users\phuoc\appdata\local\programs\python\python38\lib\site-packages\urllib3\connectionpool.py:1013: InsecureRequestWarning: Unverified HTTPS request is being made to host 'api-timesheet.kiotviet.vn'. Adding certificate verification is strongly advised. See: https://urllib3.readthedocs.io/en/1.26.x/advanced-usage.html#ssl-warnings
  warnings.warn(</msg>
<msg timestamp="20220109 22:23:27.316" level="INFO">${resp} = &lt;Response [200]&gt;</msg>
<status status="PASS" starttime="20220109 22:23:27.218" endtime="20220109 22:23:27.316"></status>
</kw>
<kw name="Return From Keyword" library="BuiltIn">
<doc>Returns from the enclosing user keyword.</doc>
<arguments>
<arg>${resp}</arg>
</arguments>
<msg timestamp="20220109 22:23:27.316" level="INFO">Returning from the enclosing user keyword.</msg>
<status status="PASS" starttime="20220109 22:23:27.316" endtime="20220109 22:23:27.316"></status>
</kw>
<msg timestamp="20220109 22:23:27.317" level="INFO">${resp} = &lt;Response [200]&gt;</msg>
<status status="PASS" starttime="20220109 22:23:27.218" endtime="20220109 22:23:27.317"></status>
</kw>
<kw name="Get Value From Json KV" library="share">
<arguments>
<arg>${resp.json()}</arg>
<arg>${json_path}</arg>
</arguments>
<assign>
<var>${value}</var>
</assign>
<kw name="Get Value From Json" library="JSONLibrary">
<doc>Get Value From JSON using JSONPath</doc>
<arguments>
<arg>${resp_json}</arg>
<arg>${json_path}</arg>
</arguments>
<assign>
<var>${result}</var>
</assign>
<msg timestamp="20220109 22:23:27.366" level="INFO">${result} = ['RVPA']</msg>
<status status="PASS" starttime="20220109 22:23:27.317" endtime="20220109 22:23:27.366"></status>
</kw>
<kw name="Get Length" library="BuiltIn">
<doc>Returns and logs the length of the given item as an integer.</doc>
<arguments>
<arg>${result}</arg>
</arguments>
<assign>
<var>${lenght}</var>
</assign>
<msg timestamp="20220109 22:23:27.367" level="INFO">Length is 1</msg>
<msg timestamp="20220109 22:23:27.367" level="INFO">${lenght} = 1</msg>
<status status="PASS" starttime="20220109 22:23:27.367" endtime="20220109 22:23:27.367"></status>
</kw>
<kw name="Get From List" library="Collections">
<doc>Returns the value specified with an ``index`` from ``list``.</doc>
<arguments>
<arg>${result}</arg>
<arg>0</arg>
</arguments>
<assign>
<var>${result}</var>
</assign>
<msg timestamp="20220109 22:23:27.367" level="INFO">${result} = RVPA</msg>
<status status="PASS" starttime="20220109 22:23:27.367" endtime="20220109 22:23:27.367"></status>
</kw>
<kw name="Run Keyword If" library="BuiltIn">
<doc>Runs the given keyword with the given arguments, if ``condition`` is true.</doc>
<arguments>
<arg>${lenght}==0</arg>
<arg>Return From Keyword</arg>
<arg>${0}</arg>
<arg>ELSE</arg>
<arg>Return From Keyword</arg>
<arg>${result}</arg>
</arguments>
<kw name="Return From Keyword" library="BuiltIn">
<doc>Returns from the enclosing user keyword.</doc>
<arguments>
<arg>${result}</arg>
</arguments>
<msg timestamp="20220109 22:23:27.368" level="INFO">Returning from the enclosing user keyword.</msg>
<status status="PASS" starttime="20220109 22:23:27.368" endtime="20220109 22:23:27.368"></status>
</kw>
<status status="PASS" starttime="20220109 22:23:27.368" endtime="20220109 22:23:27.368"></status>
</kw>
<msg timestamp="20220109 22:23:27.368" level="INFO">${value} = RVPA</msg>
<status status="PASS" starttime="20220109 22:23:27.317" endtime="20220109 22:23:27.368"></status>
</kw>
<kw name="Return From Keyword" library="BuiltIn">
<doc>Returns from the enclosing user keyword.</doc>
<arguments>
<arg>${value}</arg>
</arguments>
<msg timestamp="20220109 22:23:27.369" level="INFO">Returning from the enclosing user keyword.</msg>
<status status="PASS" starttime="20220109 22:23:27.369" endtime="20220109 22:23:27.369"></status>
</kw>
<msg timestamp="20220109 22:23:27.369" level="INFO">${name_employee_output} = RVPA</msg>
<status status="PASS" starttime="20220109 22:23:27.217" endtime="20220109 22:23:27.369"></status>
</kw>
<kw name="Should Be Equal As Strings" library="BuiltIn">
<doc>Fails if objects are unequal after converting them to strings.</doc>
<arguments>
<arg>${input}</arg>
<arg>${name_employee_output}</arg>
</arguments>
<status status="PASS" starttime="20220109 22:23:27.369" endtime="20220109 22:23:27.369"></status>
</kw>
<status status="PASS" starttime="20220109 22:23:27.217" endtime="20220109 22:23:27.369"></status>
</kw>
<doc>Create employee valid</doc>
<tags>
<tag>employee</tag>
</tags>
<status status="PASS" starttime="20220109 22:23:26.791" endtime="20220109 22:23:27.370" critical="yes"></status>
</test>
<test id="s1-t2" name="Create duplicate employee">
<kw name="Get Value In List KV" library="share">
<arguments>
<arg>${enp_employee}</arg>
<arg>$.result.data..code</arg>
</arguments>
<assign>
<var>${code_employee}</var>
</assign>
<kw name="Get Request" library="RequestsLibrary">
<doc>Send a GET request on the session object found using the</doc>
<arguments>
<arg>${session}</arg>
<arg>${enpoint}</arg>
</arguments>
<assign>
<var>${resp}</var>
</assign>
<msg timestamp="20220109 22:23:27.502" level="INFO">Get Request using : alias=session, uri=/employees, headers=None json=None</msg>
<msg timestamp="20220109 22:23:27.502" level="INFO">c:\users\phuoc\appdata\local\programs\python\python38\lib\site-packages\urllib3\connectionpool.py:1013: InsecureRequestWarning: Unverified HTTPS request is being made to host 'api-timesheet.kiotviet.vn'. Adding certificate verification is strongly advised. See: https://urllib3.readthedocs.io/en/1.26.x/advanced-usage.html#ssl-warnings
  warnings.warn(</msg>
<msg timestamp="20220109 22:23:27.504" level="INFO">${resp} = &lt;Response [200]&gt;</msg>
<status status="PASS" starttime="20220109 22:23:27.372" endtime="20220109 22:23:27.504"></status>
</kw>
<kw name="Get Value From Json" library="JSONLibrary">
<doc>Get Value From JSON using JSONPath</doc>
<arguments>
<arg>${resp.json()}</arg>
<arg>${json_path}</arg>
</arguments>
<assign>
<var>${list}</var>
</assign>
<msg timestamp="20220109 22:23:27.550" level="INFO">${list} = ['NV000057', 'NV000053', 'NV000042', 'NV000050', 'NV000107', 'NV000090', 'NV000047', 'NV000074', 'NV000058', 'NV000011', 'NV000029', 'NV000065', 'NV000027', 'NV000028', 'NV000063', 'NV000082', 'NV0000...</msg>
<status status="PASS" starttime="20220109 22:23:27.504" endtime="20220109 22:23:27.550"></status>
</kw>
<kw name="Evaluate" library="BuiltIn">
<doc>Evaluates the given expression in Python and returns the results.</doc>
<arguments>
<arg>random.choice($list)</arg>
<arg>random</arg>
</arguments>
<assign>
<var>${value}</var>
</assign>
<msg timestamp="20220109 22:23:27.554" level="INFO">${value} = NV000068</msg>
<status status="PASS" starttime="20220109 22:23:27.550" endtime="20220109 22:23:27.554"></status>
</kw>
<kw name="Return From Keyword" library="BuiltIn">
<doc>Returns from the enclosing user keyword.</doc>
<arguments>
<arg>${value}</arg>
</arguments>
<msg timestamp="20220109 22:23:27.555" level="INFO">Returning from the enclosing user keyword.</msg>
<status status="PASS" starttime="20220109 22:23:27.554" endtime="20220109 22:23:27.555"></status>
</kw>
<msg timestamp="20220109 22:23:27.555" level="INFO">${code_employee} = NV000068</msg>
<status status="PASS" starttime="20220109 22:23:27.372" endtime="20220109 22:23:27.555"></status>
</kw>
<kw name="Create List" library="BuiltIn">
<doc>Returns a list containing given items.</doc>
<arguments>
<arg>\ \</arg>
<arg>${code_employee}</arg>
<arg>${random_str}</arg>
</arguments>
<assign>
<var>${list_format}</var>
</assign>
<msg timestamp="20220109 22:23:27.556" level="INFO">${list_format} = [' ', 'NV000068', 'RVPA']</msg>
<status status="PASS" starttime="20220109 22:23:27.555" endtime="20220109 22:23:27.556"></status>
</kw>
<kw name="Format String Use [D0] [D1] [D2]" library="share">
<arguments>
<arg>${data_upd_employee}</arg>
<arg>${list_format}</arg>
</arguments>
<assign>
<var>${data}</var>
</assign>
<kw name="Get Length" library="BuiltIn">
<doc>Returns and logs the length of the given item as an integer.</doc>
<arguments>
<arg>${list_format}</arg>
</arguments>
<assign>
<var>${length}</var>
</assign>
<msg timestamp="20220109 22:23:27.558" level="INFO">Length is 3</msg>
<msg timestamp="20220109 22:23:27.558" level="INFO">${length} = 3</msg>
<status status="PASS" starttime="20220109 22:23:27.557" endtime="20220109 22:23:27.558"></status>
</kw>
<kw name="${i} IN RANGE [ ${length} ]" type="for">
<kw name="${i} = 0" type="foritem">
<kw name="Get From List" library="Collections">
<doc>Returns the value specified with an ``index`` from ``list``.</doc>
<arguments>
<arg>${list_format}</arg>
<arg>${i}</arg>
</arguments>
<assign>
<var>${value_temp}</var>
</assign>
<msg timestamp="20220109 22:23:27.558" level="INFO">${value_temp} =  </msg>
<status status="PASS" starttime="20220109 22:23:27.558" endtime="20220109 22:23:27.558"></status>
</kw>
<kw name="Convert To String" library="BuiltIn">
<doc>Converts the given item to a Unicode string.</doc>
<arguments>
<arg>${value_temp}</arg>
</arguments>
<assign>
<var>${value_temp}</var>
</assign>
<msg timestamp="20220109 22:23:27.559" level="INFO">${value_temp} =  </msg>
<status status="PASS" starttime="20220109 22:23:27.558" endtime="20220109 22:23:27.559"></status>
</kw>
<kw name="Replace String" library="String">
<doc>Replaces ``search_for`` in the given ``string`` with ``replace_with``.</doc>
<arguments>
<arg>${data_format}</arg>
<arg>[D${i}]</arg>
<arg>${value_temp}</arg>
</arguments>
<assign>
<var>${data_format}</var>
</assign>
<msg timestamp="20220109 22:23:27.559" level="INFO">${data_format} = {"id": ,"code":"[D1]","name":"[D2]","branchId":302728,"userId":null,"workBranchIds":[302728}</msg>
<status status="PASS" starttime="20220109 22:23:27.559" endtime="20220109 22:23:27.559"></status>
</kw>
<status status="PASS" starttime="20220109 22:23:27.558" endtime="20220109 22:23:27.559"></status>
</kw>
<kw name="${i} = 1" type="foritem">
<kw name="Get From List" library="Collections">
<doc>Returns the value specified with an ``index`` from ``list``.</doc>
<arguments>
<arg>${list_format}</arg>
<arg>${i}</arg>
</arguments>
<assign>
<var>${value_temp}</var>
</assign>
<msg timestamp="20220109 22:23:27.559" level="INFO">${value_temp} = NV000068</msg>
<status status="PASS" starttime="20220109 22:23:27.559" endtime="20220109 22:23:27.559"></status>
</kw>
<kw name="Convert To String" library="BuiltIn">
<doc>Converts the given item to a Unicode string.</doc>
<arguments>
<arg>${value_temp}</arg>
</arguments>
<assign>
<var>${value_temp}</var>
</assign>
<msg timestamp="20220109 22:23:27.560" level="INFO">${value_temp} = NV000068</msg>
<status status="PASS" starttime="20220109 22:23:27.559" endtime="20220109 22:23:27.560"></status>
</kw>
<kw name="Replace String" library="String">
<doc>Replaces ``search_for`` in the given ``string`` with ``replace_with``.</doc>
<arguments>
<arg>${data_format}</arg>
<arg>[D${i}]</arg>
<arg>${value_temp}</arg>
</arguments>
<assign>
<var>${data_format}</var>
</assign>
<msg timestamp="20220109 22:23:27.560" level="INFO">${data_format} = {"id": ,"code":"NV000068","name":"[D2]","branchId":302728,"userId":null,"workBranchIds":[302728}</msg>
<status status="PASS" starttime="20220109 22:23:27.560" endtime="20220109 22:23:27.560"></status>
</kw>
<status status="PASS" starttime="20220109 22:23:27.559" endtime="20220109 22:23:27.560"></status>
</kw>
<kw name="${i} = 2" type="foritem">
<kw name="Get From List" library="Collections">
<doc>Returns the value specified with an ``index`` from ``list``.</doc>
<arguments>
<arg>${list_format}</arg>
<arg>${i}</arg>
</arguments>
<assign>
<var>${value_temp}</var>
</assign>
<msg timestamp="20220109 22:23:27.561" level="INFO">${value_temp} = RVPA</msg>
<status status="PASS" starttime="20220109 22:23:27.560" endtime="20220109 22:23:27.561"></status>
</kw>
<kw name="Convert To String" library="BuiltIn">
<doc>Converts the given item to a Unicode string.</doc>
<arguments>
<arg>${value_temp}</arg>
</arguments>
<assign>
<var>${value_temp}</var>
</assign>
<msg timestamp="20220109 22:23:27.561" level="INFO">${value_temp} = RVPA</msg>
<status status="PASS" starttime="20220109 22:23:27.561" endtime="20220109 22:23:27.561"></status>
</kw>
<kw name="Replace String" library="String">
<doc>Replaces ``search_for`` in the given ``string`` with ``replace_with``.</doc>
<arguments>
<arg>${data_format}</arg>
<arg>[D${i}]</arg>
<arg>${value_temp}</arg>
</arguments>
<assign>
<var>${data_format}</var>
</assign>
<msg timestamp="20220109 22:23:27.561" level="INFO">${data_format} = {"id": ,"code":"NV000068","name":"RVPA","branchId":302728,"userId":null,"workBranchIds":[302728}</msg>
<status status="PASS" starttime="20220109 22:23:27.561" endtime="20220109 22:23:27.561"></status>
</kw>
<status status="PASS" starttime="20220109 22:23:27.560" endtime="20220109 22:23:27.561"></status>
</kw>
<status status="PASS" starttime="20220109 22:23:27.558" endtime="20220109 22:23:27.561"></status>
</kw>
<kw name="Return From Keyword" library="BuiltIn">
<doc>Returns from the enclosing user keyword.</doc>
<arguments>
<arg>${data_format}</arg>
</arguments>
<msg timestamp="20220109 22:23:27.562" level="INFO">Returning from the enclosing user keyword.</msg>
<status status="PASS" starttime="20220109 22:23:27.561" endtime="20220109 22:23:27.562"></status>
</kw>
<msg timestamp="20220109 22:23:27.562" level="INFO">${data} = {"id": ,"code":"NV000068","name":"RVPA","branchId":302728,"userId":null,"workBranchIds":[302728}</msg>
<status status="PASS" starttime="20220109 22:23:27.557" endtime="20220109 22:23:27.562"></status>
</kw>
<kw name="Evaluate" library="BuiltIn">
<doc>Evaluates the given expression in Python and returns the results.</doc>
<arguments>
<arg>(None,'${data}')</arg>
</arguments>
<assign>
<var>${data}</var>
</assign>
<msg timestamp="20220109 22:23:27.562" level="INFO">${data} = (None, '{"id": ,"code":"NV000068","name":"RVPA","branchId":302728,"userId":null,"workBranchIds":[302728}')</msg>
<status status="PASS" starttime="20220109 22:23:27.562" endtime="20220109 22:23:27.562"></status>
</kw>
<kw name="Log" library="BuiltIn">
<doc>Logs the given message with the given level.</doc>
<arguments>
<arg>${data}</arg>
</arguments>
<msg timestamp="20220109 22:23:27.563" level="INFO">(None, '{"id": ,"code":"NV000068","name":"RVPA","branchId":302728,"userId":null,"workBranchIds":[302728}')</msg>
<status status="PASS" starttime="20220109 22:23:27.563" endtime="20220109 22:23:27.563"></status>
</kw>
<kw name="Create Dictionary" library="BuiltIn">
<doc>Creates and returns a dictionary based on the given ``items``.</doc>
<arguments>
<arg>employee=${data}</arg>
</arguments>
<assign>
<var>${formdata}</var>
</assign>
<msg timestamp="20220109 22:23:27.564" level="INFO">${formdata} = {'employee': (None, '{"id": ,"code":"NV000068","name":"RVPA","branchId":302728,"userId":null,"workBranchIds":[302728}')}</msg>
<status status="PASS" starttime="20220109 22:23:27.563" endtime="20220109 22:23:27.564"></status>
</kw>
<kw name="Log" library="BuiltIn">
<doc>Logs the given message with the given level.</doc>
<arguments>
<arg>${formdata}</arg>
</arguments>
<msg timestamp="20220109 22:23:27.565" level="INFO">{'employee': (None, '{"id": ,"code":"NV000068","name":"RVPA","branchId":302728,"userId":null,"workBranchIds":[302728}')}</msg>
<status status="PASS" starttime="20220109 22:23:27.564" endtime="20220109 22:23:27.565"></status>
</kw>
<kw name="Post Request Use Formdata KV" library="share">
<arguments>
<arg>${session}</arg>
<arg>${enp_employee}</arg>
<arg>${formdata}</arg>
<arg>400</arg>
</arguments>
<assign>
<var>${resp}</var>
</assign>
<kw name="Post Request" library="RequestsLibrary">
<doc>Send a POST request on the session object found using the</doc>
<arguments>
<arg>${session}</arg>
<arg>${endpoint}</arg>
<arg>${headers_not_contenType}</arg>
<arg>files=${data_func}</arg>
</arguments>
<assign>
<var>${resp}</var>
</assign>
<msg timestamp="20220109 22:23:27.718" level="INFO">Post Request using : alias=session, uri=/employees, data=&lt;empty&gt;, headers=None, files={'employee': (None, '{"id": ,"code":"NV000068","name":"RVPA","branchId":302728,"userId":null,"workBranchIds":[302728}')}, allow_redirects=True </msg>
<msg timestamp="20220109 22:23:27.718" level="INFO">c:\users\phuoc\appdata\local\programs\python\python38\lib\site-packages\urllib3\connectionpool.py:1013: InsecureRequestWarning: Unverified HTTPS request is being made to host 'api-timesheet.kiotviet.vn'. Adding certificate verification is strongly advised. See: https://urllib3.readthedocs.io/en/1.26.x/advanced-usage.html#ssl-warnings
  warnings.warn(</msg>
<msg timestamp="20220109 22:23:27.722" level="INFO">${resp} = &lt;Response [400]&gt;</msg>
<status status="PASS" starttime="20220109 22:23:27.566" endtime="20220109 22:23:27.722"></status>
</kw>
<kw name="Should Be Equal As Strings" library="BuiltIn">
<doc>Fails if objects are unequal after converting them to strings.</doc>
<arguments>
<arg>${resp.status_code}</arg>
<arg>${expected_status_code}</arg>
</arguments>
<msg timestamp="20220109 22:23:27.722" level="INFO">Argument types are:
&lt;class 'int'&gt;
&lt;type 'unicode'&gt;</msg>
<status status="PASS" starttime="20220109 22:23:27.722" endtime="20220109 22:23:27.722"></status>
</kw>
<kw name="Return From Keyword" library="BuiltIn">
<doc>Returns from the enclosing user keyword.</doc>
<arguments>
<arg>${resp}</arg>
</arguments>
<msg timestamp="20220109 22:23:27.723" level="INFO">Returning from the enclosing user keyword.</msg>
<status status="PASS" starttime="20220109 22:23:27.723" endtime="20220109 22:23:27.723"></status>
</kw>
<msg timestamp="20220109 22:23:27.723" level="INFO">${resp} = &lt;Response [400]&gt;</msg>
<status status="PASS" starttime="20220109 22:23:27.565" endtime="20220109 22:23:27.723"></status>
</kw>
<kw name="Get Value From Json KV" library="share">
<arguments>
<arg>${resp.json()}</arg>
<arg>$.errors..message</arg>
</arguments>
<assign>
<var>${mess_err}</var>
</assign>
<kw name="Get Value From Json" library="JSONLibrary">
<doc>Get Value From JSON using JSONPath</doc>
<arguments>
<arg>${resp_json}</arg>
<arg>${json_path}</arg>
</arguments>
<assign>
<var>${result}</var>
</assign>
<msg timestamp="20220109 22:23:27.757" level="INFO">${result} = ['Mã nhân viên đã tồn tại trong cửa hàng']</msg>
<status status="PASS" starttime="20220109 22:23:27.723" endtime="20220109 22:23:27.757"></status>
</kw>
<kw name="Get Length" library="BuiltIn">
<doc>Returns and logs the length of the given item as an integer.</doc>
<arguments>
<arg>${result}</arg>
</arguments>
<assign>
<var>${lenght}</var>
</assign>
<msg timestamp="20220109 22:23:27.758" level="INFO">Length is 1</msg>
<msg timestamp="20220109 22:23:27.758" level="INFO">${lenght} = 1</msg>
<status status="PASS" starttime="20220109 22:23:27.758" endtime="20220109 22:23:27.758"></status>
</kw>
<kw name="Get From List" library="Collections">
<doc>Returns the value specified with an ``index`` from ``list``.</doc>
<arguments>
<arg>${result}</arg>
<arg>0</arg>
</arguments>
<assign>
<var>${result}</var>
</assign>
<msg timestamp="20220109 22:23:27.759" level="INFO">${result} = Mã nhân viên đã tồn tại trong cửa hàng</msg>
<status status="PASS" starttime="20220109 22:23:27.758" endtime="20220109 22:23:27.759"></status>
</kw>
<kw name="Run Keyword If" library="BuiltIn">
<doc>Runs the given keyword with the given arguments, if ``condition`` is true.</doc>
<arguments>
<arg>${lenght}==0</arg>
<arg>Return From Keyword</arg>
<arg>${0}</arg>
<arg>ELSE</arg>
<arg>Return From Keyword</arg>
<arg>${result}</arg>
</arguments>
<kw name="Return From Keyword" library="BuiltIn">
<doc>Returns from the enclosing user keyword.</doc>
<arguments>
<arg>${result}</arg>
</arguments>
<msg timestamp="20220109 22:23:27.759" level="INFO">Returning from the enclosing user keyword.</msg>
<status status="PASS" starttime="20220109 22:23:27.759" endtime="20220109 22:23:27.759"></status>
</kw>
<status status="PASS" starttime="20220109 22:23:27.759" endtime="20220109 22:23:27.759"></status>
</kw>
<msg timestamp="20220109 22:23:27.760" level="INFO">${mess_err} = Mã nhân viên đã tồn tại trong cửa hàng</msg>
<status status="PASS" starttime="20220109 22:23:27.723" endtime="20220109 22:23:27.760"></status>
</kw>
<kw name="Should Be Equal" library="BuiltIn">
<doc>Fails if the given objects are unequal.</doc>
<arguments>
<arg>${mess_err}</arg>
<arg>Mã nhân viên đã tồn tại trong cửa hàng</arg>
</arguments>
<status status="PASS" starttime="20220109 22:23:27.760" endtime="20220109 22:23:27.761"></status>
</kw>
<status status="PASS" starttime="20220109 22:23:27.371" endtime="20220109 22:23:27.761" critical="yes"></status>
</test>
<test id="s1-t3" name="Create empty employee">
<kw name="Create List" library="BuiltIn">
<doc>Returns a list containing given items.</doc>
<arguments>
<arg>\ \</arg>
<arg>${branchId}</arg>
<arg>${branchId}</arg>
</arguments>
<assign>
<var>${list_format}</var>
</assign>
<msg timestamp="20220109 22:23:27.763" level="INFO">${list_format} = [' ', '302728', '302728']</msg>
<status status="PASS" starttime="20220109 22:23:27.762" endtime="20220109 22:23:27.763"></status>
</kw>
<kw name="Format String Use [D0] [D1] [D2]" library="share">
<arguments>
<arg>${data_employee}</arg>
<arg>${list_format}</arg>
</arguments>
<assign>
<var>${data}</var>
</assign>
<kw name="Get Length" library="BuiltIn">
<doc>Returns and logs the length of the given item as an integer.</doc>
<arguments>
<arg>${list_format}</arg>
</arguments>
<assign>
<var>${length}</var>
</assign>
<msg timestamp="20220109 22:23:27.764" level="INFO">Length is 3</msg>
<msg timestamp="20220109 22:23:27.764" level="INFO">${length} = 3</msg>
<status status="PASS" starttime="20220109 22:23:27.764" endtime="20220109 22:23:27.764"></status>
</kw>
<kw name="${i} IN RANGE [ ${length} ]" type="for">
<kw name="${i} = 0" type="foritem">
<kw name="Get From List" library="Collections">
<doc>Returns the value specified with an ``index`` from ``list``.</doc>
<arguments>
<arg>${list_format}</arg>
<arg>${i}</arg>
</arguments>
<assign>
<var>${value_temp}</var>
</assign>
<msg timestamp="20220109 22:23:27.765" level="INFO">${value_temp} =  </msg>
<status status="PASS" starttime="20220109 22:23:27.765" endtime="20220109 22:23:27.765"></status>
</kw>
<kw name="Convert To String" library="BuiltIn">
<doc>Converts the given item to a Unicode string.</doc>
<arguments>
<arg>${value_temp}</arg>
</arguments>
<assign>
<var>${value_temp}</var>
</assign>
<msg timestamp="20220109 22:23:27.765" level="INFO">${value_temp} =  </msg>
<status status="PASS" starttime="20220109 22:23:27.765" endtime="20220109 22:23:27.765"></status>
</kw>
<kw name="Replace String" library="String">
<doc>Replaces ``search_for`` in the given ``string`` with ``replace_with``.</doc>
<arguments>
<arg>${data_format}</arg>
<arg>[D${i}]</arg>
<arg>${value_temp}</arg>
</arguments>
<assign>
<var>${data_format}</var>
</assign>
<msg timestamp="20220109 22:23:27.766" level="INFO">${data_format} = {"name":" ","branchId":[D1],"workBranchIds":[[D2]]}</msg>
<status status="PASS" starttime="20220109 22:23:27.766" endtime="20220109 22:23:27.766"></status>
</kw>
<status status="PASS" starttime="20220109 22:23:27.764" endtime="20220109 22:23:27.766"></status>
</kw>
<kw name="${i} = 1" type="foritem">
<kw name="Get From List" library="Collections">
<doc>Returns the value specified with an ``index`` from ``list``.</doc>
<arguments>
<arg>${list_format}</arg>
<arg>${i}</arg>
</arguments>
<assign>
<var>${value_temp}</var>
</assign>
<msg timestamp="20220109 22:23:27.767" level="INFO">${value_temp} = 302728</msg>
<status status="PASS" starttime="20220109 22:23:27.766" endtime="20220109 22:23:27.767"></status>
</kw>
<kw name="Convert To String" library="BuiltIn">
<doc>Converts the given item to a Unicode string.</doc>
<arguments>
<arg>${value_temp}</arg>
</arguments>
<assign>
<var>${value_temp}</var>
</assign>
<msg timestamp="20220109 22:23:27.767" level="INFO">${value_temp} = 302728</msg>
<status status="PASS" starttime="20220109 22:23:27.767" endtime="20220109 22:23:27.767"></status>
</kw>
<kw name="Replace String" library="String">
<doc>Replaces ``search_for`` in the given ``string`` with ``replace_with``.</doc>
<arguments>
<arg>${data_format}</arg>
<arg>[D${i}]</arg>
<arg>${value_temp}</arg>
</arguments>
<assign>
<var>${data_format}</var>
</assign>
<msg timestamp="20220109 22:23:27.768" level="INFO">${data_format} = {"name":" ","branchId":302728,"workBranchIds":[[D2]]}</msg>
<status status="PASS" starttime="20220109 22:23:27.767" endtime="20220109 22:23:27.768"></status>
</kw>
<status status="PASS" starttime="20220109 22:23:27.766" endtime="20220109 22:23:27.768"></status>
</kw>
<kw name="${i} = 2" type="foritem">
<kw name="Get From List" library="Collections">
<doc>Returns the value specified with an ``index`` from ``list``.</doc>
<arguments>
<arg>${list_format}</arg>
<arg>${i}</arg>
</arguments>
<assign>
<var>${value_temp}</var>
</assign>
<msg timestamp="20220109 22:23:27.769" level="INFO">${value_temp} = 302728</msg>
<status status="PASS" starttime="20220109 22:23:27.768" endtime="20220109 22:23:27.769"></status>
</kw>
<kw name="Convert To String" library="BuiltIn">
<doc>Converts the given item to a Unicode string.</doc>
<arguments>
<arg>${value_temp}</arg>
</arguments>
<assign>
<var>${value_temp}</var>
</assign>
<msg timestamp="20220109 22:23:27.769" level="INFO">${value_temp} = 302728</msg>
<status status="PASS" starttime="20220109 22:23:27.769" endtime="20220109 22:23:27.769"></status>
</kw>
<kw name="Replace String" library="String">
<doc>Replaces ``search_for`` in the given ``string`` with ``replace_with``.</doc>
<arguments>
<arg>${data_format}</arg>
<arg>[D${i}]</arg>
<arg>${value_temp}</arg>
</arguments>
<assign>
<var>${data_format}</var>
</assign>
<msg timestamp="20220109 22:23:27.770" level="INFO">${data_format} = {"name":" ","branchId":302728,"workBranchIds":[302728]}</msg>
<status status="PASS" starttime="20220109 22:23:27.769" endtime="20220109 22:23:27.770"></status>
</kw>
<status status="PASS" starttime="20220109 22:23:27.768" endtime="20220109 22:23:27.770"></status>
</kw>
<status status="PASS" starttime="20220109 22:23:27.764" endtime="20220109 22:23:27.770"></status>
</kw>
<kw name="Return From Keyword" library="BuiltIn">
<doc>Returns from the enclosing user keyword.</doc>
<arguments>
<arg>${data_format}</arg>
</arguments>
<msg timestamp="20220109 22:23:27.770" level="INFO">Returning from the enclosing user keyword.</msg>
<status status="PASS" starttime="20220109 22:23:27.770" endtime="20220109 22:23:27.770"></status>
</kw>
<msg timestamp="20220109 22:23:27.771" level="INFO">${data} = {"name":" ","branchId":302728,"workBranchIds":[302728]}</msg>
<status status="PASS" starttime="20220109 22:23:27.763" endtime="20220109 22:23:27.771"></status>
</kw>
<kw name="Evaluate" library="BuiltIn">
<doc>Evaluates the given expression in Python and returns the results.</doc>
<arguments>
<arg>(None,'${data}')</arg>
</arguments>
<assign>
<var>${data}</var>
</assign>
<msg timestamp="20220109 22:23:27.771" level="INFO">${data} = (None, '{"name":" ","branchId":302728,"workBranchIds":[302728]}')</msg>
<status status="PASS" starttime="20220109 22:23:27.771" endtime="20220109 22:23:27.772"></status>
</kw>
<kw name="Log" library="BuiltIn">
<doc>Logs the given message with the given level.</doc>
<arguments>
<arg>${data}</arg>
</arguments>
<msg timestamp="20220109 22:23:27.772" level="INFO">(None, '{"name":" ","branchId":302728,"workBranchIds":[302728]}')</msg>
<status status="PASS" starttime="20220109 22:23:27.772" endtime="20220109 22:23:27.772"></status>
</kw>
<kw name="Create Dictionary" library="BuiltIn">
<doc>Creates and returns a dictionary based on the given ``items``.</doc>
<arguments>
<arg>employee=${data}</arg>
</arguments>
<assign>
<var>${formdata}</var>
</assign>
<msg timestamp="20220109 22:23:27.773" level="INFO">${formdata} = {'employee': (None, '{"name":" ","branchId":302728,"workBranchIds":[302728]}')}</msg>
<status status="PASS" starttime="20220109 22:23:27.773" endtime="20220109 22:23:27.773"></status>
</kw>
<kw name="Log" library="BuiltIn">
<doc>Logs the given message with the given level.</doc>
<arguments>
<arg>${formdata}</arg>
</arguments>
<msg timestamp="20220109 22:23:27.774" level="INFO">{'employee': (None, '{"name":" ","branchId":302728,"workBranchIds":[302728]}')}</msg>
<status status="PASS" starttime="20220109 22:23:27.774" endtime="20220109 22:23:27.775"></status>
</kw>
<kw name="Post Request Use Formdata KV" library="share">
<arguments>
<arg>${session}</arg>
<arg>${enp_employee}</arg>
<arg>${formdata}</arg>
<arg>400</arg>
</arguments>
<assign>
<var>${resp}</var>
</assign>
<kw name="Post Request" library="RequestsLibrary">
<doc>Send a POST request on the session object found using the</doc>
<arguments>
<arg>${session}</arg>
<arg>${endpoint}</arg>
<arg>${headers_not_contenType}</arg>
<arg>files=${data_func}</arg>
</arguments>
<assign>
<var>${resp}</var>
</assign>
<msg timestamp="20220109 22:23:27.934" level="INFO">Post Request using : alias=session, uri=/employees, data=&lt;empty&gt;, headers=None, files={'employee': (None, '{"name":" ","branchId":302728,"workBranchIds":[302728]}')}, allow_redirects=True </msg>
<msg timestamp="20220109 22:23:27.934" level="INFO">c:\users\phuoc\appdata\local\programs\python\python38\lib\site-packages\urllib3\connectionpool.py:1013: InsecureRequestWarning: Unverified HTTPS request is being made to host 'api-timesheet.kiotviet.vn'. Adding certificate verification is strongly advised. See: https://urllib3.readthedocs.io/en/1.26.x/advanced-usage.html#ssl-warnings
  warnings.warn(</msg>
<msg timestamp="20220109 22:23:27.939" level="INFO">${resp} = &lt;Response [400]&gt;</msg>
<status status="PASS" starttime="20220109 22:23:27.775" endtime="20220109 22:23:27.939"></status>
</kw>
<kw name="Should Be Equal As Strings" library="BuiltIn">
<doc>Fails if objects are unequal after converting them to strings.</doc>
<arguments>
<arg>${resp.status_code}</arg>
<arg>${expected_status_code}</arg>
</arguments>
<msg timestamp="20220109 22:23:27.939" level="INFO">Argument types are:
&lt;class 'int'&gt;
&lt;type 'unicode'&gt;</msg>
<status status="PASS" starttime="20220109 22:23:27.939" endtime="20220109 22:23:27.939"></status>
</kw>
<kw name="Return From Keyword" library="BuiltIn">
<doc>Returns from the enclosing user keyword.</doc>
<arguments>
<arg>${resp}</arg>
</arguments>
<msg timestamp="20220109 22:23:27.940" level="INFO">Returning from the enclosing user keyword.</msg>
<status status="PASS" starttime="20220109 22:23:27.939" endtime="20220109 22:23:27.940"></status>
</kw>
<msg timestamp="20220109 22:23:27.940" level="INFO">${resp} = &lt;Response [400]&gt;</msg>
<status status="PASS" starttime="20220109 22:23:27.775" endtime="20220109 22:23:27.940"></status>
</kw>
<kw name="Get Value From Json KV" library="share">
<arguments>
<arg>${resp.json()}</arg>
<arg>$.errors..message</arg>
</arguments>
<assign>
<var>${mess_err}</var>
</assign>
<kw name="Get Value From Json" library="JSONLibrary">
<doc>Get Value From JSON using JSONPath</doc>
<arguments>
<arg>${resp_json}</arg>
<arg>${json_path}</arg>
</arguments>
<assign>
<var>${result}</var>
</assign>
<msg timestamp="20220109 22:23:27.956" level="INFO">${result} = ['Tên nhân viên không được để trống']</msg>
<status status="PASS" starttime="20220109 22:23:27.940" endtime="20220109 22:23:27.956"></status>
</kw>
<kw name="Get Length" library="BuiltIn">
<doc>Returns and logs the length of the given item as an integer.</doc>
<arguments>
<arg>${result}</arg>
</arguments>
<assign>
<var>${lenght}</var>
</assign>
<msg timestamp="20220109 22:23:27.956" level="INFO">Length is 1</msg>
<msg timestamp="20220109 22:23:27.956" level="INFO">${lenght} = 1</msg>
<status status="PASS" starttime="20220109 22:23:27.956" endtime="20220109 22:23:27.956"></status>
</kw>
<kw name="Get From List" library="Collections">
<doc>Returns the value specified with an ``index`` from ``list``.</doc>
<arguments>
<arg>${result}</arg>
<arg>0</arg>
</arguments>
<assign>
<var>${result}</var>
</assign>
<msg timestamp="20220109 22:23:27.956" level="INFO">${result} = Tên nhân viên không được để trống</msg>
<status status="PASS" starttime="20220109 22:23:27.956" endtime="20220109 22:23:27.956"></status>
</kw>
<kw name="Run Keyword If" library="BuiltIn">
<doc>Runs the given keyword with the given arguments, if ``condition`` is true.</doc>
<arguments>
<arg>${lenght}==0</arg>
<arg>Return From Keyword</arg>
<arg>${0}</arg>
<arg>ELSE</arg>
<arg>Return From Keyword</arg>
<arg>${result}</arg>
</arguments>
<kw name="Return From Keyword" library="BuiltIn">
<doc>Returns from the enclosing user keyword.</doc>
<arguments>
<arg>${result}</arg>
</arguments>
<msg timestamp="20220109 22:23:27.956" level="INFO">Returning from the enclosing user keyword.</msg>
<status status="PASS" starttime="20220109 22:23:27.956" endtime="20220109 22:23:27.971"></status>
</kw>
<status status="PASS" starttime="20220109 22:23:27.956" endtime="20220109 22:23:27.971"></status>
</kw>
<msg timestamp="20220109 22:23:27.971" level="INFO">${mess_err} = Tên nhân viên không được để trống</msg>
<status status="PASS" starttime="20220109 22:23:27.940" endtime="20220109 22:23:27.971"></status>
</kw>
<kw name="Should Be Equal" library="BuiltIn">
<doc>Fails if the given objects are unequal.</doc>
<arguments>
<arg>${mess_err}</arg>
<arg>Tên nhân viên không được để trống</arg>
</arguments>
<status status="PASS" starttime="20220109 22:23:27.971" endtime="20220109 22:23:27.973"></status>
</kw>
<status status="PASS" starttime="20220109 22:23:27.762" endtime="20220109 22:23:27.974" critical="yes"></status>
</test>
<test id="s1-t4" name="Update employee">
<kw name="Create List" library="BuiltIn">
<doc>Returns a list containing given items.</doc>
<arguments>
<arg>${id_employee}</arg>
<arg>${code_employee}</arg>
<arg>${random_str}</arg>
</arguments>
<assign>
<var>${list}</var>
</assign>
<msg timestamp="20220109 22:23:27.976" level="INFO">${list} = [230000000016316, 'NV001583', 'RVPA']</msg>
<status status="PASS" starttime="20220109 22:23:27.975" endtime="20220109 22:23:27.976"></status>
</kw>
<kw name="Format String Use [D0] [D1] [D2]" library="share">
<arguments>
<arg>${data_upd_employee}</arg>
<arg>${list}</arg>
</arguments>
<assign>
<var>${data}</var>
</assign>
<kw name="Get Length" library="BuiltIn">
<doc>Returns and logs the length of the given item as an integer.</doc>
<arguments>
<arg>${list_format}</arg>
</arguments>
<assign>
<var>${length}</var>
</assign>
<msg timestamp="20220109 22:23:27.977" level="INFO">Length is 3</msg>
<msg timestamp="20220109 22:23:27.977" level="INFO">${length} = 3</msg>
<status status="PASS" starttime="20220109 22:23:27.977" endtime="20220109 22:23:27.977"></status>
</kw>
<kw name="${i} IN RANGE [ ${length} ]" type="for">
<kw name="${i} = 0" type="foritem">
<kw name="Get From List" library="Collections">
<doc>Returns the value specified with an ``index`` from ``list``.</doc>
<arguments>
<arg>${list_format}</arg>
<arg>${i}</arg>
</arguments>
<assign>
<var>${value_temp}</var>
</assign>
<msg timestamp="20220109 22:23:27.978" level="INFO">${value_temp} = 230000000016316</msg>
<status status="PASS" starttime="20220109 22:23:27.978" endtime="20220109 22:23:27.978"></status>
</kw>
<kw name="Convert To String" library="BuiltIn">
<doc>Converts the given item to a Unicode string.</doc>
<arguments>
<arg>${value_temp}</arg>
</arguments>
<assign>
<var>${value_temp}</var>
</assign>
<msg timestamp="20220109 22:23:27.979" level="INFO">${value_temp} = 230000000016316</msg>
<status status="PASS" starttime="20220109 22:23:27.978" endtime="20220109 22:23:27.979"></status>
</kw>
<kw name="Replace String" library="String">
<doc>Replaces ``search_for`` in the given ``string`` with ``replace_with``.</doc>
<arguments>
<arg>${data_format}</arg>
<arg>[D${i}]</arg>
<arg>${value_temp}</arg>
</arguments>
<assign>
<var>${data_format}</var>
</assign>
<msg timestamp="20220109 22:23:27.979" level="INFO">${data_format} = {"id":230000000016316,"code":"[D1]","name":"[D2]","branchId":302728,"userId":null,"workBranchIds":[302728}</msg>
<status status="PASS" starttime="20220109 22:23:27.979" endtime="20220109 22:23:27.979"></status>
</kw>
<status status="PASS" starttime="20220109 22:23:27.977" endtime="20220109 22:23:27.979"></status>
</kw>
<kw name="${i} = 1" type="foritem">
<kw name="Get From List" library="Collections">
<doc>Returns the value specified with an ``index`` from ``list``.</doc>
<arguments>
<arg>${list_format}</arg>
<arg>${i}</arg>
</arguments>
<assign>
<var>${value_temp}</var>
</assign>
<msg timestamp="20220109 22:23:27.980" level="INFO">${value_temp} = NV001583</msg>
<status status="PASS" starttime="20220109 22:23:27.980" endtime="20220109 22:23:27.980"></status>
</kw>
<kw name="Convert To String" library="BuiltIn">
<doc>Converts the given item to a Unicode string.</doc>
<arguments>
<arg>${value_temp}</arg>
</arguments>
<assign>
<var>${value_temp}</var>
</assign>
<msg timestamp="20220109 22:23:27.981" level="INFO">${value_temp} = NV001583</msg>
<status status="PASS" starttime="20220109 22:23:27.980" endtime="20220109 22:23:27.981"></status>
</kw>
<kw name="Replace String" library="String">
<doc>Replaces ``search_for`` in the given ``string`` with ``replace_with``.</doc>
<arguments>
<arg>${data_format}</arg>
<arg>[D${i}]</arg>
<arg>${value_temp}</arg>
</arguments>
<assign>
<var>${data_format}</var>
</assign>
<msg timestamp="20220109 22:23:27.982" level="INFO">${data_format} = {"id":230000000016316,"code":"NV001583","name":"[D2]","branchId":302728,"userId":null,"workBranchIds":[302728}</msg>
<status status="PASS" starttime="20220109 22:23:27.981" endtime="20220109 22:23:27.982"></status>
</kw>
<status status="PASS" starttime="20220109 22:23:27.979" endtime="20220109 22:23:27.982"></status>
</kw>
<kw name="${i} = 2" type="foritem">
<kw name="Get From List" library="Collections">
<doc>Returns the value specified with an ``index`` from ``list``.</doc>
<arguments>
<arg>${list_format}</arg>
<arg>${i}</arg>
</arguments>
<assign>
<var>${value_temp}</var>
</assign>
<msg timestamp="20220109 22:23:27.982" level="INFO">${value_temp} = RVPA</msg>
<status status="PASS" starttime="20220109 22:23:27.982" endtime="20220109 22:23:27.982"></status>
</kw>
<kw name="Convert To String" library="BuiltIn">
<doc>Converts the given item to a Unicode string.</doc>
<arguments>
<arg>${value_temp}</arg>
</arguments>
<assign>
<var>${value_temp}</var>
</assign>
<msg timestamp="20220109 22:23:27.983" level="INFO">${value_temp} = RVPA</msg>
<status status="PASS" starttime="20220109 22:23:27.983" endtime="20220109 22:23:27.983"></status>
</kw>
<kw name="Replace String" library="String">
<doc>Replaces ``search_for`` in the given ``string`` with ``replace_with``.</doc>
<arguments>
<arg>${data_format}</arg>
<arg>[D${i}]</arg>
<arg>${value_temp}</arg>
</arguments>
<assign>
<var>${data_format}</var>
</assign>
<msg timestamp="20220109 22:23:27.984" level="INFO">${data_format} = {"id":230000000016316,"code":"NV001583","name":"RVPA","branchId":302728,"userId":null,"workBranchIds":[302728}</msg>
<status status="PASS" starttime="20220109 22:23:27.983" endtime="20220109 22:23:27.984"></status>
</kw>
<status status="PASS" starttime="20220109 22:23:27.982" endtime="20220109 22:23:27.984"></status>
</kw>
<status status="PASS" starttime="20220109 22:23:27.977" endtime="20220109 22:23:27.984"></status>
</kw>
<kw name="Return From Keyword" library="BuiltIn">
<doc>Returns from the enclosing user keyword.</doc>
<arguments>
<arg>${data_format}</arg>
</arguments>
<msg timestamp="20220109 22:23:27.984" level="INFO">Returning from the enclosing user keyword.</msg>
<status status="PASS" starttime="20220109 22:23:27.984" endtime="20220109 22:23:27.984"></status>
</kw>
<msg timestamp="20220109 22:23:27.984" level="INFO">${data} = {"id":230000000016316,"code":"NV001583","name":"RVPA","branchId":302728,"userId":null,"workBranchIds":[302728}</msg>
<status status="PASS" starttime="20220109 22:23:27.976" endtime="20220109 22:23:27.984"></status>
</kw>
<kw name="Evaluate" library="BuiltIn">
<doc>Evaluates the given expression in Python and returns the results.</doc>
<arguments>
<arg>(None,'${data}')</arg>
</arguments>
<assign>
<var>${data}</var>
</assign>
<msg timestamp="20220109 22:23:27.985" level="INFO">${data} = (None, '{"id":230000000016316,"code":"NV001583","name":"RVPA","branchId":302728,"userId":null,"workBranchIds":[302728}')</msg>
<status status="PASS" starttime="20220109 22:23:27.985" endtime="20220109 22:23:27.985"></status>
</kw>
<kw name="Create Dictionary" library="BuiltIn">
<doc>Creates and returns a dictionary based on the given ``items``.</doc>
<arguments>
<arg>employee=${data}</arg>
</arguments>
<assign>
<var>${formdata}</var>
</assign>
[...]
<status status="PASS" starttime="20220109 22:23:28.344" endtime="20220109 22:23:28.395"></status>
</kw>
<kw name="Evaluate" library="BuiltIn">
<doc>Evaluates the given expression in Python and returns the results.</doc>
<arguments>
<arg>random.choice($list)</arg>
<arg>random</arg>
</arguments>
<assign>
<var>${value}</var>
</assign>
<msg timestamp="20220109 22:23:28.396" level="INFO">${value} = 210000001118317</msg>
<status status="PASS" starttime="20220109 22:23:28.396" endtime="20220109 22:23:28.396"></status>
</kw>
<kw name="Return From Keyword" library="BuiltIn">
<doc>Returns from the enclosing user keyword.</doc>
<arguments>
<arg>${value}</arg>
</arguments>
<msg timestamp="20220109 22:23:28.397" level="INFO">Returning from the enclosing user keyword.</msg>
<status status="PASS" starttime="20220109 22:23:28.396" endtime="20220109 22:23:28.397"></status>
</kw>
<msg timestamp="20220109 22:23:28.397" level="INFO">${id_employee} = 210000001118317</msg>
<status status="PASS" starttime="20220109 22:23:28.255" endtime="20220109 22:23:28.397"></status>
</kw>
<kw name="Delete Request KV" library="share">
<arguments>
<arg>${session}</arg>
<arg>${enp_employee}/${id_employee}</arg>
<arg>200</arg>
</arguments>
<kw name="Delete" library="RequestsLibrary">
<doc>* * *   Deprecated- See Delete Request now   * * *</doc>
<arguments>
<arg>${session}</arg>
<arg>${endpoint}</arg>
</arguments>
<assign>
<var>${resp}</var>
</assign>
<msg timestamp="20220109 22:23:28.398" level="WARN">Deprecation Warning: Use Delete Request in the future</msg>
<msg timestamp="20220109 22:23:28.557" level="INFO">c:\users\phuoc\appdata\local\programs\python\python38\lib\site-packages\urllib3\connectionpool.py:1013: InsecureRequestWarning: Unverified HTTPS request is being made to host 'api-timesheet.kiotviet.vn'. Adding certificate verification is strongly advised. See: https://urllib3.readthedocs.io/en/1.26.x/advanced-usage.html#ssl-warnings
  warnings.warn(</msg>
<msg timestamp="20220109 22:23:28.559" level="INFO">${resp} = &lt;Response [200]&gt;</msg>
<status status="PASS" starttime="20220109 22:23:28.398" endtime="20220109 22:23:28.559"></status>
</kw>
<kw name="Should Be Equal As Strings" library="BuiltIn">
<doc>Fails if objects are unequal after converting them to strings.</doc>
<arguments>
<arg>${resp.status_code}</arg>
<arg>${expected_status_code}</arg>
</arguments>
<msg timestamp="20220109 22:23:28.560" level="INFO">Argument types are:
&lt;class 'int'&gt;
&lt;type 'unicode'&gt;</msg>
<status status="PASS" starttime="20220109 22:23:28.559" endtime="20220109 22:23:28.560"></status>
</kw>
<status status="PASS" starttime="20220109 22:23:28.397" endtime="20220109 22:23:28.560"></status>
</kw>
<tags>
<tag>delete employee</tag>
</tags>
<status status="PASS" starttime="20220109 22:23:28.255" endtime="20220109 22:23:28.560" critical="yes"></status>
</test>
<test id="s1-t7" name="Delete multiple employee">
<kw name="Get Value In List KV" library="share">
<arguments>
<arg>${enp_employee}</arg>
<arg>$.result.data..id</arg>
</arguments>
<assign>
<var>${EmployeeId1}</var>
</assign>
<kw name="Get Request" library="RequestsLibrary">
<doc>Send a GET request on the session object found using the</doc>
<arguments>
<arg>${session}</arg>
<arg>${enpoint}</arg>
</arguments>
<assign>
<var>${resp}</var>
</assign>
<msg timestamp="20220109 22:23:28.707" level="INFO">Get Request using : alias=session, uri=/employees, headers=None json=None</msg>
<msg timestamp="20220109 22:23:28.708" level="INFO">c:\users\phuoc\appdata\local\programs\python\python38\lib\site-packages\urllib3\connectionpool.py:1013: InsecureRequestWarning: Unverified HTTPS request is being made to host 'api-timesheet.kiotviet.vn'. Adding certificate verification is strongly advised. See: https://urllib3.readthedocs.io/en/1.26.x/advanced-usage.html#ssl-warnings
  warnings.warn(</msg>
<msg timestamp="20220109 22:23:28.709" level="INFO">${resp} = &lt;Response [200]&gt;</msg>
<status status="PASS" starttime="20220109 22:23:28.563" endtime="20220109 22:23:28.709"></status>
</kw>
<kw name="Get Value From Json" library="JSONLibrary">
<doc>Get Value From JSON using JSONPath</doc>
<arguments>
<arg>${resp.json()}</arg>
<arg>${json_path}</arg>
</arguments>
<assign>
<var>${list}</var>
</assign>
<msg timestamp="20220109 22:23:28.755" level="INFO">${list} = [180000000000404, 180000000005704, 50000000121404, 50000000321904, 60000000163519, 60000001399419, 60000000169206, 60000001405106, 60000000181762, 160000000201901, 60000001418369, 60000001418370, 6000...</msg>
<status status="PASS" starttime="20220109 22:23:28.709" endtime="20220109 22:23:28.755"></status>
</kw>
<kw name="Evaluate" library="BuiltIn">
<doc>Evaluates the given expression in Python and returns the results.</doc>
<arguments>
<arg>random.choice($list)</arg>
<arg>random</arg>
</arguments>
<assign>
<var>${value}</var>
</assign>
<msg timestamp="20220109 22:23:28.756" level="INFO">${value} = 220000000007916</msg>
<status status="PASS" starttime="20220109 22:23:28.755" endtime="20220109 22:23:28.756"></status>
</kw>
<kw name="Return From Keyword" library="BuiltIn">
<doc>Returns from the enclosing user keyword.</doc>
<arguments>
<arg>${value}</arg>
</arguments>
<msg timestamp="20220109 22:23:28.757" level="INFO">Returning from the enclosing user keyword.</msg>
<status status="PASS" starttime="20220109 22:23:28.757" endtime="20220109 22:23:28.757"></status>
</kw>
<msg timestamp="20220109 22:23:28.757" level="INFO">${EmployeeId1} = 220000000007916</msg>
<status status="PASS" starttime="20220109 22:23:28.562" endtime="20220109 22:23:28.757"></status>
</kw>
<kw name="Get Value In List KV" library="share">
<arguments>
<arg>${enp_employee}</arg>
<arg>$.result.data..id</arg>
</arguments>
<assign>
<var>${EmployeeId2}</var>
</assign>
<kw name="Get Request" library="RequestsLibrary">
<doc>Send a GET request on the session object found using the</doc>
<arguments>
<arg>${session}</arg>
<arg>${enpoint}</arg>
</arguments>
<assign>
<var>${resp}</var>
</assign>
<msg timestamp="20220109 22:23:28.850" level="INFO">Get Request using : alias=session, uri=/employees, headers=None json=None</msg>
<msg timestamp="20220109 22:23:28.850" level="INFO">c:\users\phuoc\appdata\local\programs\python\python38\lib\site-packages\urllib3\connectionpool.py:1013: InsecureRequestWarning: Unverified HTTPS request is being made to host 'api-timesheet.kiotviet.vn'. Adding certificate verification is strongly advised. See: https://urllib3.readthedocs.io/en/1.26.x/advanced-usage.html#ssl-warnings
  warnings.warn(</msg>
<msg timestamp="20220109 22:23:28.851" level="INFO">${resp} = &lt;Response [200]&gt;</msg>
<status status="PASS" starttime="20220109 22:23:28.758" endtime="20220109 22:23:28.851"></status>
</kw>
<kw name="Get Value From Json" library="JSONLibrary">
<doc>Get Value From JSON using JSONPath</doc>
<arguments>
<arg>${resp.json()}</arg>
<arg>${json_path}</arg>
</arguments>
<assign>
<var>${list}</var>
</assign>
<msg timestamp="20220109 22:23:28.894" level="INFO">${list} = [180000000000404, 180000000005704, 50000000121404, 50000000321904, 60000000163519, 60000001399419, 60000000169206, 60000001405106, 60000000181762, 160000000201901, 60000001418369, 60000001418370, 6000...</msg>
<status status="PASS" starttime="20220109 22:23:28.852" endtime="20220109 22:23:28.895"></status>
</kw>
<kw name="Evaluate" library="BuiltIn">
<doc>Evaluates the given expression in Python and returns the results.</doc>
<arguments>
<arg>random.choice($list)</arg>
<arg>random</arg>
</arguments>
<assign>
<var>${value}</var>
</assign>
<msg timestamp="20220109 22:23:28.896" level="INFO">${value} = 60000001404348</msg>
<status status="PASS" starttime="20220109 22:23:28.895" endtime="20220109 22:23:28.896"></status>
</kw>
<kw name="Return From Keyword" library="BuiltIn">
<doc>Returns from the enclosing user keyword.</doc>
<arguments>
<arg>${value}</arg>
</arguments>
<msg timestamp="20220109 22:23:28.896" level="INFO">Returning from the enclosing user keyword.</msg>
<status status="PASS" starttime="20220109 22:23:28.896" endtime="20220109 22:23:28.896"></status>
</kw>
<msg timestamp="20220109 22:23:28.896" level="INFO">${EmployeeId2} = 60000001404348</msg>
<status status="PASS" starttime="20220109 22:23:28.758" endtime="20220109 22:23:28.896"></status>
</kw>
<kw name="Get Value In List KV" library="share">
<arguments>
<arg>${enp_employee}</arg>
<arg>$.result.data..id</arg>
</arguments>
<assign>
<var>${EmployeeId3}</var>
</assign>
<kw name="Get Request" library="RequestsLibrary">
<doc>Send a GET request on the session object found using the</doc>
<arguments>
<arg>${session}</arg>
<arg>${enpoint}</arg>
</arguments>
<assign>
<var>${resp}</var>
</assign>
<msg timestamp="20220109 22:23:28.971" level="INFO">Get Request using : alias=session, uri=/employees, headers=None json=None</msg>
<msg timestamp="20220109 22:23:28.971" level="INFO">c:\users\phuoc\appdata\local\programs\python\python38\lib\site-packages\urllib3\connectionpool.py:1013: InsecureRequestWarning: Unverified HTTPS request is being made to host 'api-timesheet.kiotviet.vn'. Adding certificate verification is strongly advised. See: https://urllib3.readthedocs.io/en/1.26.x/advanced-usage.html#ssl-warnings
  warnings.warn(</msg>
<msg timestamp="20220109 22:23:28.973" level="INFO">${resp} = &lt;Response [200]&gt;</msg>
<status status="PASS" starttime="20220109 22:23:28.897" endtime="20220109 22:23:28.973"></status>
</kw>
<kw name="Get Value From Json" library="JSONLibrary">
<doc>Get Value From JSON using JSONPath</doc>
<arguments>
<arg>${resp.json()}</arg>
<arg>${json_path}</arg>
</arguments>
<assign>
<var>${list}</var>
</assign>
<msg timestamp="20220109 22:23:29.014" level="INFO">${list} = [180000000000404, 180000000005704, 50000000121404, 50000000321904, 60000000163519, 60000001399419, 60000000169206, 60000001405106, 60000000181762, 160000000201901, 60000001418369, 60000001418370, 6000...</msg>
<status status="PASS" starttime="20220109 22:23:28.973" endtime="20220109 22:23:29.014"></status>
</kw>
<kw name="Evaluate" library="BuiltIn">
<doc>Evaluates the given expression in Python and returns the results.</doc>
<arguments>
<arg>random.choice($list)</arg>
<arg>random</arg>
</arguments>
<assign>
<var>${value}</var>
</assign>
<msg timestamp="20220109 22:23:29.015" level="INFO">${value} = 160000000000001</msg>
<status status="PASS" starttime="20220109 22:23:29.014" endtime="20220109 22:23:29.015"></status>
</kw>
<kw name="Return From Keyword" library="BuiltIn">
<doc>Returns from the enclosing user keyword.</doc>
<arguments>
<arg>${value}</arg>
</arguments>
<msg timestamp="20220109 22:23:29.015" level="INFO">Returning from the enclosing user keyword.</msg>
<status status="PASS" starttime="20220109 22:23:29.015" endtime="20220109 22:23:29.015"></status>
</kw>
<msg timestamp="20220109 22:23:29.016" level="INFO">${EmployeeId3} = 160000000000001</msg>
<status status="PASS" starttime="20220109 22:23:28.897" endtime="20220109 22:23:29.016"></status>
</kw>
<kw name="Create List" library="BuiltIn">
<doc>Returns a list containing given items.</doc>
<arguments>
<arg>${EmployeeId1}</arg>
<arg>${EmployeeId2}</arg>
<arg>${EmployeeId3}</arg>
</arguments>
<assign>
<var>${list}</var>
</assign>
<msg timestamp="20220109 22:23:29.016" level="INFO">${list} = [220000000007916, 60000001404348, 160000000000001]</msg>
<status status="PASS" starttime="20220109 22:23:29.016" endtime="20220109 22:23:29.016"></status>
</kw>
<kw name="Format String Use [D0] [D1] [D2]" library="share">
<arguments>
<arg>${enp_multiple_employee}</arg>
<arg>${list}</arg>
</arguments>
<assign>
<var>${enp_multiple_employee}</var>
</assign>
<kw name="Get Length" library="BuiltIn">
<doc>Returns and logs the length of the given item as an integer.</doc>
<arguments>
<arg>${list_format}</arg>
</arguments>
<assign>
<var>${length}</var>
</assign>
<msg timestamp="20220109 22:23:29.017" level="INFO">Length is 3</msg>
<msg timestamp="20220109 22:23:29.017" level="INFO">${length} = 3</msg>
<status status="PASS" starttime="20220109 22:23:29.017" endtime="20220109 22:23:29.017"></status>
</kw>
<kw name="${i} IN RANGE [ ${length} ]" type="for">
<kw name="${i} = 0" type="foritem">
<kw name="Get From List" library="Collections">
<doc>Returns the value specified with an ``index`` from ``list``.</doc>
<arguments>
<arg>${list_format}</arg>
<arg>${i}</arg>
</arguments>
<assign>
<var>${value_temp}</var>
</assign>
<msg timestamp="20220109 22:23:29.018" level="INFO">${value_temp} = 220000000007916</msg>
<status status="PASS" starttime="20220109 22:23:29.018" endtime="20220109 22:23:29.018"></status>
</kw>
<kw name="Convert To String" library="BuiltIn">
<doc>Converts the given item to a Unicode string.</doc>
<arguments>
<arg>${value_temp}</arg>
</arguments>
<assign>
<var>${value_temp}</var>
</assign>
<msg timestamp="20220109 22:23:29.018" level="INFO">${value_temp} = 220000000007916</msg>
<status status="PASS" starttime="20220109 22:23:29.018" endtime="20220109 22:23:29.018"></status>
</kw>
<kw name="Replace String" library="String">
<doc>Replaces ``search_for`` in the given ``string`` with ``replace_with``.</doc>
<arguments>
<arg>${data_format}</arg>
<arg>[D${i}]</arg>
<arg>${value_temp}</arg>
</arguments>
<assign>
<var>${data_format}</var>
</assign>
<msg timestamp="20220109 22:23:29.019" level="INFO">${data_format} = /employees/delete-multiple</msg>
<status status="PASS" starttime="20220109 22:23:29.018" endtime="20220109 22:23:29.019"></status>
</kw>
<status status="PASS" starttime="20220109 22:23:29.018" endtime="20220109 22:23:29.019"></status>
</kw>
<kw name="${i} = 1" type="foritem">
<kw name="Get From List" library="Collections">
<doc>Returns the value specified with an ``index`` from ``list``.</doc>
<arguments>
<arg>${list_format}</arg>
<arg>${i}</arg>
</arguments>
<assign>
<var>${value_temp}</var>
</assign>
<msg timestamp="20220109 22:23:29.019" level="INFO">${value_temp} = 60000001404348</msg>
<status status="PASS" starttime="20220109 22:23:29.019" endtime="20220109 22:23:29.019"></status>
</kw>
<kw name="Convert To String" library="BuiltIn">
<doc>Converts the given item to a Unicode string.</doc>
<arguments>
<arg>${value_temp}</arg>
</arguments>
<assign>
<var>${value_temp}</var>
</assign>
<msg timestamp="20220109 22:23:29.020" level="INFO">${value_temp} = 60000001404348</msg>
<status status="PASS" starttime="20220109 22:23:29.019" endtime="20220109 22:23:29.020"></status>
</kw>
<kw name="Replace String" library="String">
<doc>Replaces ``search_for`` in the given ``string`` with ``replace_with``.</doc>
<arguments>
<arg>${data_format}</arg>
<arg>[D${i}]</arg>
<arg>${value_temp}</arg>
</arguments>
<assign>
<var>${data_format}</var>
</assign>
<msg timestamp="20220109 22:23:29.020" level="INFO">${data_format} = /employees/delete-multiple</msg>
<status status="PASS" starttime="20220109 22:23:29.020" endtime="20220109 22:23:29.020"></status>
</kw>
<status status="PASS" starttime="20220109 22:23:29.019" endtime="20220109 22:23:29.020"></status>
</kw>
<kw name="${i} = 2" type="foritem">
<kw name="Get From List" library="Collections">
<doc>Returns the value specified with an ``index`` from ``list``.</doc>
<arguments>
<arg>${list_format}</arg>
<arg>${i}</arg>
</arguments>
<assign>
<var>${value_temp}</var>
</assign>
<msg timestamp="20220109 22:23:29.021" level="INFO">${value_temp} = 160000000000001</msg>
<status status="PASS" starttime="20220109 22:23:29.021" endtime="20220109 22:23:29.021"></status>
</kw>
<kw name="Convert To String" library="BuiltIn">
<doc>Converts the given item to a Unicode string.</doc>
<arguments>
<arg>${value_temp}</arg>
</arguments>
<assign>
<var>${value_temp}</var>
</assign>
<msg timestamp="20220109 22:23:29.021" level="INFO">${value_temp} = 160000000000001</msg>
<status status="PASS" starttime="20220109 22:23:29.021" endtime="20220109 22:23:29.021"></status>
</kw>
<kw name="Replace String" library="String">
<doc>Replaces ``search_for`` in the given ``string`` with ``replace_with``.</doc>
<arguments>
<arg>${data_format}</arg>
<arg>[D${i}]</arg>
<arg>${value_temp}</arg>
</arguments>
<assign>
<var>${data_format}</var>
</assign>
<msg timestamp="20220109 22:23:29.021" level="INFO">${data_format} = /employees/delete-multiple</msg>
<status status="PASS" starttime="20220109 22:23:29.021" endtime="20220109 22:23:29.021"></status>
</kw>
<status status="PASS" starttime="20220109 22:23:29.020" endtime="20220109 22:23:29.022"></status>
</kw>
<status status="PASS" starttime="20220109 22:23:29.018" endtime="20220109 22:23:29.022"></status>
</kw>
<kw name="Return From Keyword" library="BuiltIn">
<doc>Returns from the enclosing user keyword.</doc>
<arguments>
<arg>${data_format}</arg>
</arguments>
<msg timestamp="20220109 22:23:29.022" level="INFO">Returning from the enclosing user keyword.</msg>
<status status="PASS" starttime="20220109 22:23:29.022" endtime="20220109 22:23:29.022"></status>
</kw>
<msg timestamp="20220109 22:23:29.022" level="INFO">${enp_multiple_employee} = /employees/delete-multiple</msg>
<status status="PASS" starttime="20220109 22:23:29.017" endtime="20220109 22:23:29.022"></status>
</kw>
<kw name="Delete Multiple Request KV" library="share">
<arguments>
<arg>${session}</arg>
<arg>${enp_multiple_employee}</arg>
<arg>${data_mutiple_employee}</arg>
<arg>200</arg>
</arguments>
<kw name="Post Request" library="RequestsLibrary">
<doc>Send a POST request on the session object found using the</doc>
<arguments>
<arg>${session}</arg>
<arg>${endpoint}</arg>
<arg>${header}</arg>
<arg>${data}</arg>
</arguments>
<assign>
<var>${resp}</var>
</assign>
<msg timestamp="20220109 22:23:29.086" level="INFO">Post Request using : alias=session, uri=/employees/delete-multiple, data=&lt;empty&gt;, headers=None, files=None, allow_redirects=True </msg>
<msg timestamp="20220109 22:23:29.086" level="INFO">c:\users\phuoc\appdata\local\programs\python\python38\lib\site-packages\urllib3\connectionpool.py:1013: InsecureRequestWarning: Unverified HTTPS request is being made to host 'api-timesheet.kiotviet.vn'. Adding certificate verification is strongly advised. See: https://urllib3.readthedocs.io/en/1.26.x/advanced-usage.html#ssl-warnings
  warnings.warn(</msg>
<msg timestamp="20220109 22:23:29.087" level="INFO">${resp} = &lt;Response [200]&gt;</msg>
<status status="PASS" starttime="20220109 22:23:29.023" endtime="20220109 22:23:29.087"></status>
</kw>
<kw name="Should Be Equal As Strings" library="BuiltIn">
<doc>Fails if objects are unequal after converting them to strings.</doc>
<arguments>
<arg>${resp.status_code}</arg>
<arg>${expected_status_code}</arg>
</arguments>
<msg timestamp="20220109 22:23:29.088" level="INFO">Argument types are:
&lt;class 'int'&gt;
&lt;type 'unicode'&gt;</msg>
<status status="PASS" starttime="20220109 22:23:29.087" endtime="20220109 22:23:29.088"></status>
</kw>
<status status="PASS" starttime="20220109 22:23:29.022" endtime="20220109 22:23:29.088"></status>
</kw>
<status status="PASS" starttime="20220109 22:23:28.561" endtime="20220109 22:23:29.088" critical="yes"></status>
</test>
<status status="FAIL" starttime="20220109 22:23:25.964" endtime="20220109 22:23:29.090"></status>
</suite>
<statistics>
<total>
<stat pass="6" fail="1">Critical Tests</stat>
<stat pass="6" fail="1">All Tests</stat>
</total>
<tag>
<stat pass="1" fail="0">delete employee</stat>
<stat pass="1" fail="0">employee</stat>
<stat pass="1" fail="0">get pin code</stat>
<stat pass="0" fail="1">update employee</stat>
</tag>
<suite>
<stat pass="6" fail="1" id="s1" name="Employee">Employee</stat>
</suite>
</statistics>
<errors>
<msg timestamp="20220109 22:23:27.988" level="WARN">Deprecation Warning: Use Put Request in the future</msg>
<msg timestamp="20220109 22:23:28.398" level="WARN">Deprecation Warning: Use Delete Request in the future</msg>
</errors>
</robot>
