<?xml version="1.0" encoding="UTF-8"?>
<robot generator="Robot 3.0.4 (Python 3.8.8 on win32)" generated="20220408 16:25:48.360">
<suite id="s1" name="Payrate" source="N:\timesheet\testsuites\NhanVien\payrate.robot">
<kw name="Fill enviroment and get token" library="enviroment" type="setup">
<arguments>
<arg>${env}</arg>
</arguments>
<msg timestamp="20220408 16:25:48.681" level="FAIL">Variable '${env}' not found.</msg>
<status status="FAIL" starttime="20220408 16:25:48.680" endtime="20220408 16:25:48.681"></status>
</kw>
<test id="s1-t1" name="Create payRateTemplate">
<doc>Tạo mới mẫu lương có chứa phụ cấp, giảm trừ, hoa hồng</doc>
<tags>
<tag>allbooking</tag>
<tag>allfnb</tag>
<tag>allretailer</tag>
<tag>payrate</tag>
</tags>
<status status="FAIL" starttime="20220408 16:25:48.681" endtime="20220408 16:25:48.683" critical="yes">Parent suite setup failed:
Variable '${env}' not found.</status>
</test>
<test id="s1-t2" name="Update payRateTemplate">
<doc>Update mẫu lương</doc>
<tags>
<tag>allbooking</tag>
<tag>allfnb</tag>
<tag>allretailer</tag>
<tag>payrate</tag>
</tags>
<status status="FAIL" starttime="20220408 16:25:48.684" endtime="20220408 16:25:48.684" critical="yes">Parent suite setup failed:
Variable '${env}' not found.</status>
</test>
<test id="s1-t3" name="Delete payrateTemplate">
<doc>Xóa mẫu lương vừa tạo</doc>
<tags>
<tag>allbooking</tag>
<tag>allfnb</tag>
<tag>allretailer</tag>
<tag>payrate</tag>
</tags>
<status status="FAIL" starttime="20220408 16:25:48.685" endtime="20220408 16:25:48.686" critical="yes">Parent suite setup failed:
Variable '${env}' not found.</status>
</test>
<kw name="Delete Allowance And Deduction Of Employee" type="teardown">
<kw name="Delete Allowance" library="allowance">
<kw name="Get Value In List KV" library="share">
<arguments>
<arg>${session}</arg>
<arg>${enp_allowance}</arg>
<arg>$.result.data..id</arg>
</arguments>
<assign>
<var>${id_allowance}</var>
</assign>
<msg timestamp="20220408 16:25:48.689" level="INFO">${id_allowance} = None</msg>
<msg timestamp="20220408 16:25:48.689" level="FAIL">Variable '${session}' not found.</msg>
<status status="FAIL" starttime="20220408 16:25:48.689" endtime="20220408 16:25:48.689"></status>
</kw>
<kw name="Get Value In List KV" library="share">
<arguments>
<arg>${session}</arg>
<arg>${enp_allowance}/${id_allowance}</arg>
<arg>$.name</arg>
</arguments>
<assign>
<var>${name_allowance}</var>
</assign>
<msg timestamp="20220408 16:25:48.690" level="INFO">${name_allowance} = None</msg>
<msg timestamp="20220408 16:25:48.690" level="FAIL">Variable '${session}' not found.</msg>
<status status="FAIL" starttime="20220408 16:25:48.689" endtime="20220408 16:25:48.690"></status>
</kw>
<kw name="Delete Request KV" library="share">
<arguments>
<arg>${session}</arg>
<arg>${enp_allowance}/${id_allowance}</arg>
<arg>200</arg>
</arguments>
<msg timestamp="20220408 16:25:48.690" level="FAIL">Variable '${session}' not found.</msg>
<status status="FAIL" starttime="20220408 16:25:48.690" endtime="20220408 16:25:48.690"></status>
</kw>
<status status="FAIL" starttime="20220408 16:25:48.688" endtime="20220408 16:25:48.691"></status>
</kw>
<kw name="Delete Deduction" library="deduction">
<kw name="Get Random ID Deduction" library="deduction">
<assign>
<var>${id_deduction}</var>
</assign>
<kw name="Get Value In List KV" library="share">
<arguments>
<arg>${session}</arg>
<arg>${enp_deduction}</arg>
<arg>$.result.data..id</arg>
</arguments>
<assign>
<var>${id_Deduction}</var>
</assign>
<msg timestamp="20220408 16:25:48.692" level="INFO">${id_Deduction} = None</msg>
<msg timestamp="20220408 16:25:48.692" level="FAIL">Variable '${session}' not found.</msg>
<status status="FAIL" starttime="20220408 16:25:48.691" endtime="20220408 16:25:48.692"></status>
</kw>
<kw name="Get Value In List KV" library="share">
<arguments>
<arg>${session}</arg>
<arg>${enp_deduction}/${id_Deduction}</arg>
<arg>$.name</arg>
</arguments>
<assign>
<var>${name_deduction}</var>
</assign>
<msg timestamp="20220408 16:25:48.693" level="INFO">${name_deduction} = None</msg>
<msg timestamp="20220408 16:25:48.693" level="FAIL">Variable '${session}' not found.</msg>
<status status="FAIL" starttime="20220408 16:25:48.692" endtime="20220408 16:25:48.693"></status>
</kw>
<kw name="Return From Keyword" library="BuiltIn">
<doc>Returns from the enclosing user keyword.</doc>
<arguments>
<arg>${id_Deduction}</arg>
</arguments>
<msg timestamp="20220408 16:25:48.693" level="INFO">Returning from the enclosing user keyword.</msg>
<status status="PASS" starttime="20220408 16:25:48.693" endtime="20220408 16:25:48.693"></status>
</kw>
<msg timestamp="20220408 16:25:48.693" level="INFO">${id_deduction} = None</msg>
<status status="FAIL" starttime="20220408 16:25:48.691" endtime="20220408 16:25:48.693"></status>
</kw>
<kw name="Delete Request KV" library="share">
<arguments>
<arg>${session}</arg>
<arg>${enp_deduction}/${id_deduction}</arg>
<arg>200</arg>
</arguments>
<msg timestamp="20220408 16:25:48.694" level="FAIL">Variable '${session}' not found.</msg>
<status status="FAIL" starttime="20220408 16:25:48.693" endtime="20220408 16:25:48.694"></status>
</kw>
<status status="FAIL" starttime="20220408 16:25:48.691" endtime="20220408 16:25:48.694"></status>
</kw>
<status status="FAIL" starttime="20220408 16:25:48.688" endtime="20220408 16:25:48.694">Several failures occurred:

1) Variable '${session}' not found.

2) Variable '${session}' not found.

3) Variable '${session}' not found.

4) Variable '${session}' not found.

5) Variable '${session}' not found.

6) Variable '${session}' not found.</status>
</kw>
<status status="FAIL" starttime="20220408 16:25:48.362" endtime="20220408 16:25:48.694">Suite setup failed:
Variable '${env}' not found.

Also suite teardown failed:
Several failures occurred:

1) Variable '${session}' not found.

2) Variable '${session}' not found.

3) Variable '${session}' not found.

4) Variable '${session}' not found.

5) Variable '${session}' not found.

6) Variable '${session}' not found.</status>
</suite>
<statistics>
<total>
<stat pass="0" fail="3">Critical Tests</stat>
<stat pass="0" fail="3">All Tests</stat>
</total>
<tag>
<stat pass="0" fail="3">allbooking</stat>
<stat pass="0" fail="3">allfnb</stat>
<stat pass="0" fail="3">allretailer</stat>
<stat pass="0" fail="3">payrate</stat>
</tag>
<suite>
<stat pass="0" fail="3" id="s1" name="Payrate">Payrate</stat>
</suite>
</statistics>
<errors>
</errors>
</robot>
