<?xml version="1.0" encoding="UTF-8"?>
<robot generator="Robot 3.0.4 (Python 3.8.8 on win32)" generated="20220103 22:30:43.500">
<suite id="s1" name="Employee" source="B:\Auto_Company\timsheet\testsuites\employee.robot">
<kw name="Fill enviroment and get token" library="enviroment" type="setup">
<arguments>
<arg>zone12</arg>
</arguments>
<kw name="Create Dictionary" library="BuiltIn">
<doc>Creates and returns a dictionary based on the given ``items``.</doc>
<arguments>
<arg>zone12=admin</arg>
</arguments>
<assign>
<var>${dict_username}</var>
</assign>
<msg timestamp="20220103 22:30:43.747" level="INFO">${dict_username} = {'zone12': 'admin'}</msg>
<status status="PASS" starttime="20220103 22:30:43.747" endtime="20220103 22:30:43.747"></status>
</kw>
<kw name="Create Dictionary" library="BuiltIn">
<doc>Creates and returns a dictionary based on the given ``items``.</doc>
<arguments>
<arg>zone12=123456</arg>
</arguments>
<assign>
<var>${dict_password}</var>
</assign>
<msg timestamp="20220103 22:30:43.747" level="INFO">${dict_password} = {'zone12': '123456'}</msg>
<status status="PASS" starttime="20220103 22:30:43.747" endtime="20220103 22:30:43.747"></status>
</kw>
<kw name="Create Dictionary" library="BuiltIn">
<doc>Creates and returns a dictionary based on the given ``items``.</doc>
<arguments>
<arg>zone12=testz12</arg>
</arguments>
<assign>
<var>${dict_retailer}</var>
</assign>
<msg timestamp="20220103 22:30:43.763" level="INFO">${dict_retailer} = {'zone12': 'testz12'}</msg>
<status status="PASS" starttime="20220103 22:30:43.763" endtime="20220103 22:30:43.763"></status>
</kw>
<kw name="Get From Dictionary" library="Collections">
<doc>Returns a value from the given ``dictionary`` based on the given ``key``.</doc>
<arguments>
<arg>${dict_username}</arg>
<arg>${env}</arg>
</arguments>
<assign>
<var>${username}</var>
</assign>
<msg timestamp="20220103 22:30:43.763" level="INFO">${username} = admin</msg>
<status status="PASS" starttime="20220103 22:30:43.763" endtime="20220103 22:30:43.763"></status>
</kw>
<kw name="Get From Dictionary" library="Collections">
<doc>Returns a value from the given ``dictionary`` based on the given ``key``.</doc>
<arguments>
<arg>${dict_password}</arg>
<arg>${env}</arg>
</arguments>
<assign>
<var>${password}</var>
</assign>
<msg timestamp="20220103 22:30:43.763" level="INFO">${password} = 123456</msg>
<status status="PASS" starttime="20220103 22:30:43.763" endtime="20220103 22:30:43.763"></status>
</kw>
<kw name="Get From Dictionary" library="Collections">
<doc>Returns a value from the given ``dictionary`` based on the given ``key``.</doc>
<arguments>
<arg>${dict_retailer}</arg>
<arg>${env}</arg>
</arguments>
<assign>
<var>${retailer}</var>
</assign>
<msg timestamp="20220103 22:30:43.763" level="INFO">${retailer} = testz12</msg>
<status status="PASS" starttime="20220103 22:30:43.763" endtime="20220103 22:30:43.763"></status>
</kw>
<kw name="Set Global Variable" library="BuiltIn">
<doc>Makes a variable available globally in all tests and suites.</doc>
<arguments>
<arg>${username}</arg>
<arg>${username}</arg>
</arguments>
<msg timestamp="20220103 22:30:43.763" level="INFO">${username} = admin</msg>
<status status="PASS" starttime="20220103 22:30:43.763" endtime="20220103 22:30:43.763"></status>
</kw>
<kw name="Set Global Variable" library="BuiltIn">
<doc>Makes a variable available globally in all tests and suites.</doc>
<arguments>
<arg>${password}</arg>
<arg>${password}</arg>
</arguments>
<msg timestamp="20220103 22:30:43.764" level="INFO">${password} = 123456</msg>
<status status="PASS" starttime="20220103 22:30:43.764" endtime="20220103 22:30:43.764"></status>
</kw>
<kw name="Set Global Variable" library="BuiltIn">
<doc>Makes a variable available globally in all tests and suites.</doc>
<arguments>
<arg>${retailer}</arg>
<arg>${retailer}</arg>
</arguments>
<msg timestamp="20220103 22:30:43.764" level="INFO">${retailer} = testz12</msg>
<status status="PASS" starttime="20220103 22:30:43.764" endtime="20220103 22:30:43.764"></status>
</kw>
<kw name="Create Dictionary" library="BuiltIn">
<doc>Creates and returns a dictionary based on the given ``items``.</doc>
<arguments>
<arg>retailer=${retailer}</arg>
<arg>Content-Type=application/json;charset=utf-8</arg>
</arguments>
<assign>
<var>${header}</var>
</assign>
<msg timestamp="20220103 22:30:43.764" level="INFO">${header} = {'retailer': 'testz12', 'Content-Type': 'application/json;charset=utf-8'}</msg>
<status status="PASS" starttime="20220103 22:30:43.764" endtime="20220103 22:30:43.765"></status>
</kw>
<kw name="Create Dictionary" library="BuiltIn">
<doc>Creates and returns a dictionary based on the given ``items``.</doc>
<arguments>
<arg>UserName=${username}</arg>
<arg>Password=${password}</arg>
</arguments>
<assign>
<var>${data_saleLogin}</var>
</assign>
<msg timestamp="20220103 22:30:43.765" level="INFO">${data_saleLogin} = {'UserName': 'admin', 'Password': '123456'}</msg>
<status status="PASS" starttime="20220103 22:30:43.765" endtime="20220103 22:30:43.765"></status>
</kw>
<kw name="Create Session" library="RequestsLibrary">
<doc>Create Session: create a HTTP session to a server</doc>
<arguments>
<arg>sessionLogin</arg>
<arg>${url_saleLogin}</arg>
</arguments>
<msg timestamp="20220103 22:30:43.765" level="INFO">Creating Session using : alias=sessionLogin, url=https://testz12.kiotviet.vn/api, headers={},                     cookies=None, auth=None, timeout=None, proxies=None, verify=False,                     debug=0 </msg>
<status status="PASS" starttime="20220103 22:30:43.765" endtime="20220103 22:30:43.765"></status>
</kw>
<kw name="Post Request" library="RequestsLibrary">
<doc>Send a POST request on the session object found using the</doc>
<arguments>
<arg>sessionLogin</arg>
<arg>${enp_saleLogin}</arg>
<arg>${header}</arg>
<arg>${data_saleLogin}</arg>
</arguments>
<assign>
<var>${resp}</var>
</assign>
<msg timestamp="20220103 22:30:44.227" level="INFO">Post Request using : alias=sessionLogin, uri=/auth/salelogin, data=&lt;empty&gt;, headers=None, files=None, allow_redirects=True </msg>
<msg timestamp="20220103 22:30:44.227" level="INFO">c:\users\phuoc\appdata\local\programs\python\python38\lib\site-packages\urllib3\connectionpool.py:1013: InsecureRequestWarning: Unverified HTTPS request is being made to host 'testz12.kiotviet.vn'. Adding certificate verification is strongly advised. See: https://urllib3.readthedocs.io/en/1.26.x/advanced-usage.html#ssl-warnings
  warnings.warn(</msg>
<msg timestamp="20220103 22:30:44.233" level="INFO">${resp} = &lt;Response [200]&gt;</msg>
<status status="PASS" starttime="20220103 22:30:43.766" endtime="20220103 22:30:44.233"></status>
</kw>
<kw name="Get Value From Json KV" library="share">
<arguments>
<arg>${resp.json()}</arg>
<arg>$.BearerToken</arg>
</arguments>
<assign>
<var>${token}</var>
</assign>
<kw name="Get Value From Json" library="JSONLibrary">
<doc>Get Value From JSON using JSONPath</doc>
<arguments>
<arg>${resp_json}</arg>
<arg>${json_path}</arg>
</arguments>
<assign>
<var>${result}</var>
</assign>
<msg timestamp="20220103 22:30:44.304" level="INFO">${result} = ['eyJ0eXAiOiJKV1QiLCJhbGciOiJSUzI1NiIsImtpZCI6IndYYSJ9.eyJpc3MiOiJrdnNzand0Iiwic3ViIjoyMzQxNDcsImlhdCI6MTY0MTIyMzg0NSwiZXhwIjoxNjQzNjQzMDQ1LCJwcmVmZXJyZWRfdXNlcm5hbWUiOiJhZG1pbiIsInJvbGVzIjpbIlVzZXIiX...</msg>
<status status="PASS" starttime="20220103 22:30:44.235" endtime="20220103 22:30:44.304"></status>
</kw>
<kw name="Get Length" library="BuiltIn">
<doc>Returns and logs the length of the given item as an integer.</doc>
<arguments>
<arg>${result}</arg>
</arguments>
<assign>
<var>${lenght}</var>
</assign>
<msg timestamp="20220103 22:30:44.304" level="INFO">Length is 1</msg>
<msg timestamp="20220103 22:30:44.305" level="INFO">${lenght} = 1</msg>
<status status="PASS" starttime="20220103 22:30:44.304" endtime="20220103 22:30:44.305"></status>
</kw>
<kw name="Get From List" library="Collections">
<doc>Returns the value specified with an ``index`` from ``list``.</doc>
<arguments>
<arg>${result}</arg>
<arg>0</arg>
</arguments>
<assign>
<var>${result}</var>
</assign>
<msg timestamp="20220103 22:30:44.305" level="INFO">${result} = eyJ0eXAiOiJKV1QiLCJhbGciOiJSUzI1NiIsImtpZCI6IndYYSJ9.eyJpc3MiOiJrdnNzand0Iiwic3ViIjoyMzQxNDcsImlhdCI6MTY0MTIyMzg0NSwiZXhwIjoxNjQzNjQzMDQ1LCJwcmVmZXJyZWRfdXNlcm5hbWUiOiJhZG1pbiIsInJvbGVzIjpbIlVzZXIiXSw...</msg>
<status status="PASS" starttime="20220103 22:30:44.305" endtime="20220103 22:30:44.305"></status>
</kw>
<kw name="Run Keyword If" library="BuiltIn">
<doc>Runs the given keyword with the given arguments, if ``condition`` is true.</doc>
<arguments>
<arg>${lenght}==0</arg>
<arg>Return From Keyword</arg>
<arg>${0}</arg>
<arg>ELSE</arg>
<arg>Return From Keyword</arg>
<arg>${result}</arg>
</arguments>
<kw name="Return From Keyword" library="BuiltIn">
<doc>Returns from the enclosing user keyword.</doc>
<arguments>
<arg>${result}</arg>
</arguments>
<msg timestamp="20220103 22:30:44.306" level="INFO">Returning from the enclosing user keyword.</msg>
<status status="PASS" starttime="20220103 22:30:44.306" endtime="20220103 22:30:44.306"></status>
</kw>
<status status="PASS" starttime="20220103 22:30:44.305" endtime="20220103 22:30:44.306"></status>
</kw>
<msg timestamp="20220103 22:30:44.306" level="INFO">${token} = eyJ0eXAiOiJKV1QiLCJhbGciOiJSUzI1NiIsImtpZCI6IndYYSJ9.eyJpc3MiOiJrdnNzand0Iiwic3ViIjoyMzQxNDcsImlhdCI6MTY0MTIyMzg0NSwiZXhwIjoxNjQzNjQzMDQ1LCJwcmVmZXJyZWRfdXNlcm5hbWUiOiJhZG1pbiIsInJvbGVzIjpbIlVzZXIiXSw...</msg>
<status status="PASS" starttime="20220103 22:30:44.234" endtime="20220103 22:30:44.306"></status>
</kw>
<kw name="Catenate" library="BuiltIn">
<doc>Catenates the given items together and returns the resulted string.</doc>
<arguments>
<arg>Bearer</arg>
<arg>${token}</arg>
</arguments>
<assign>
<var>${token}</var>
</assign>
<msg timestamp="20220103 22:30:44.307" level="INFO">${token} = Bearer eyJ0eXAiOiJKV1QiLCJhbGciOiJSUzI1NiIsImtpZCI6IndYYSJ9.eyJpc3MiOiJrdnNzand0Iiwic3ViIjoyMzQxNDcsImlhdCI6MTY0MTIyMzg0NSwiZXhwIjoxNjQzNjQzMDQ1LCJwcmVmZXJyZWRfdXNlcm5hbWUiOiJhZG1pbiIsInJvbGVzIjpbIlVz...</msg>
<status status="PASS" starttime="20220103 22:30:44.307" endtime="20220103 22:30:44.307"></status>
</kw>
<kw name="Get Value From Json KV" library="share">
<arguments>
<arg>${resp.json()}</arg>
<arg>$.CurrentBranchId</arg>
</arguments>
<assign>
<var>${branchId}</var>
</assign>
<kw name="Get Value From Json" library="JSONLibrary">
<doc>Get Value From JSON using JSONPath</doc>
<arguments>
<arg>${resp_json}</arg>
<arg>${json_path}</arg>
</arguments>
<assign>
<var>${result}</var>
</assign>
<msg timestamp="20220103 22:30:44.329" level="INFO">${result} = [302728]</msg>
<status status="PASS" starttime="20220103 22:30:44.307" endtime="20220103 22:30:44.329"></status>
</kw>
<kw name="Get Length" library="BuiltIn">
<doc>Returns and logs the length of the given item as an integer.</doc>
<arguments>
<arg>${result}</arg>
</arguments>
<assign>
<var>${lenght}</var>
</assign>
<msg timestamp="20220103 22:30:44.330" level="INFO">Length is 1</msg>
<msg timestamp="20220103 22:30:44.330" level="INFO">${lenght} = 1</msg>
<status status="PASS" starttime="20220103 22:30:44.330" endtime="20220103 22:30:44.330"></status>
</kw>
<kw name="Get From List" library="Collections">
<doc>Returns the value specified with an ``index`` from ``list``.</doc>
<arguments>
<arg>${result}</arg>
<arg>0</arg>
</arguments>
<assign>
<var>${result}</var>
</assign>
<msg timestamp="20220103 22:30:44.330" level="INFO">${result} = 302728</msg>
<status status="PASS" starttime="20220103 22:30:44.330" endtime="20220103 22:30:44.330"></status>
</kw>
<kw name="Run Keyword If" library="BuiltIn">
<doc>Runs the given keyword with the given arguments, if ``condition`` is true.</doc>
<arguments>
<arg>${lenght}==0</arg>
<arg>Return From Keyword</arg>
<arg>${0}</arg>
<arg>ELSE</arg>
<arg>Return From Keyword</arg>
<arg>${result}</arg>
</arguments>
<kw name="Return From Keyword" library="BuiltIn">
<doc>Returns from the enclosing user keyword.</doc>
<arguments>
<arg>${result}</arg>
</arguments>
<msg timestamp="20220103 22:30:44.331" level="INFO">Returning from the enclosing user keyword.</msg>
<status status="PASS" starttime="20220103 22:30:44.331" endtime="20220103 22:30:44.331"></status>
</kw>
<status status="PASS" starttime="20220103 22:30:44.330" endtime="20220103 22:30:44.331"></status>
</kw>
<msg timestamp="20220103 22:30:44.331" level="INFO">${branchId} = 302728</msg>
<status status="PASS" starttime="20220103 22:30:44.307" endtime="20220103 22:30:44.331"></status>
</kw>
<kw name="Convert To String" library="BuiltIn">
<doc>Converts the given item to a Unicode string.</doc>
<arguments>
<arg>${branchId}</arg>
</arguments>
<assign>
<var>${branchId}</var>
</assign>
<msg timestamp="20220103 22:30:44.331" level="INFO">${branchId} = 302728</msg>
<status status="PASS" starttime="20220103 22:30:44.331" endtime="20220103 22:30:44.331"></status>
</kw>
<kw name="Set Global Variable" library="BuiltIn">
<doc>Makes a variable available globally in all tests and suites.</doc>
<arguments>
<arg>${branchId}</arg>
<arg>${branchId}</arg>
</arguments>
<msg timestamp="20220103 22:30:44.331" level="INFO">${branchId} = 302728</msg>
<status status="PASS" starttime="20220103 22:30:44.331" endtime="20220103 22:30:44.331"></status>
</kw>
<kw name="Create Dictionary" library="BuiltIn">
<doc>Creates and returns a dictionary based on the given ``items``.</doc>
<arguments>
<arg>retailer=${retailer}</arg>
<arg>Content-Type=application/json;charset=utf-8</arg>
<arg>branchid=${branchId}</arg>
<arg>Authorization=${token}</arg>
</arguments>
<assign>
<var>${header}</var>
</assign>
<msg timestamp="20220103 22:30:44.331" level="INFO">${header} = {'retailer': 'testz12', 'Content-Type': 'application/json;charset=utf-8', 'branchid': '302728', 'Authorization': 'Bearer eyJ0eXAiOiJKV1QiLCJhbGciOiJSUzI1NiIsImtpZCI6IndYYSJ9.eyJpc3MiOiJrdnNzand0Iiwic3...</msg>
<status status="PASS" starttime="20220103 22:30:44.331" endtime="20220103 22:30:44.331"></status>
</kw>
<kw name="Create Dictionary" library="BuiltIn">
<doc>Creates and returns a dictionary based on the given ``items``.</doc>
<arguments>
<arg>retailer=${retailer}</arg>
<arg>branchid=${branchId}</arg>
<arg>Authorization=${token}</arg>
</arguments>
<assign>
<var>${headers_not_contenType}</var>
</assign>
<msg timestamp="20220103 22:30:44.331" level="INFO">${headers_not_contenType} = {'retailer': 'testz12', 'branchid': '302728', 'Authorization': 'Bearer eyJ0eXAiOiJKV1QiLCJhbGciOiJSUzI1NiIsImtpZCI6IndYYSJ9.eyJpc3MiOiJrdnNzand0Iiwic3ViIjoyMzQxNDcsImlhdCI6MTY0MTIyMzg0NSwiZXhwIjoxNjQz...</msg>
<status status="PASS" starttime="20220103 22:30:44.331" endtime="20220103 22:30:44.331"></status>
</kw>
<kw name="Set Global Variable" library="BuiltIn">
<doc>Makes a variable available globally in all tests and suites.</doc>
<arguments>
<arg>${header}</arg>
<arg>${header}</arg>
</arguments>
<msg timestamp="20220103 22:30:44.331" level="INFO">${header} = {'retailer': 'testz12', 'Content-Type': 'application/json;charset=utf-8', 'branchid': '302728', 'Authorization': 'Bearer eyJ0eXAiOiJKV1QiLCJhbGciOiJSUzI1NiIsImtpZCI6IndYYSJ9.eyJpc3MiOiJrdnNzand0Iiwic3...</msg>
<status status="PASS" starttime="20220103 22:30:44.331" endtime="20220103 22:30:44.331"></status>
</kw>
<kw name="Set Global Variable" library="BuiltIn">
<doc>Makes a variable available globally in all tests and suites.</doc>
<arguments>
<arg>${headers_not_contenType}</arg>
<arg>${headers_not_contenType}</arg>
</arguments>
<msg timestamp="20220103 22:30:44.331" level="INFO">${headers_not_contenType} = {'retailer': 'testz12', 'branchid': '302728', 'Authorization': 'Bearer eyJ0eXAiOiJKV1QiLCJhbGciOiJSUzI1NiIsImtpZCI6IndYYSJ9.eyJpc3MiOiJrdnNzand0Iiwic3ViIjoyMzQxNDcsImlhdCI6MTY0MTIyMzg0NSwiZXhwIjoxNjQz...</msg>
<status status="PASS" starttime="20220103 22:30:44.331" endtime="20220103 22:30:44.331"></status>
</kw>
<kw name="Create Session" library="RequestsLibrary">
<doc>Create Session: create a HTTP session to a server</doc>
<arguments>
<arg>session</arg>
<arg>${url}</arg>
<arg>${headers_not_contenType}</arg>
</arguments>
<msg timestamp="20220103 22:30:44.331" level="INFO">Creating Session using : alias=session, url=https://api-timesheet.kiotviet.vn, headers={'retailer': 'testz12', 'branchid': '302728', 'Authorization': 'Bearer eyJ0eXAiOiJKV1QiLCJhbGciOiJSUzI1NiIsImtpZCI6IndYYSJ9.eyJpc3MiOiJrdnNzand0Iiwic3ViIjoyMzQxNDcsImlhdCI6MTY0MTIyMzg0NSwiZXhwIjoxNjQzNjQzMDQ1LCJwcmVmZXJyZWRfdXNlcm5hbWUiOiJhZG1pbiIsInJvbGVzIjpbIlVzZXIiXSwia3ZzZXMiOiI0OWQzYWEyOTA1ODI0MmNkYWI3ZGE3NDllMWFhZGY5NCIsImt2dWlkIjoyMzQxNDcsImt2bGFuZyI6InZpLVZOIiwia3Z1dHlwZSI6MCwia3Z1bGltaXQiOiJGYWxzZSIsImt2dWFkbWluIjoiVHJ1ZSIsImt2dWFjdCI6IlRydWUiLCJrdnVsaW1pdHRyYW5zIjoiRmFsc2UiLCJrdnVzaG93c3VtIjoiVHJ1ZSIsImt2YmlkIjozMDI3MjgsImt2cmluZGlkIjoxMSwia3ZyY29kZSI6InRlc3R6MTIiLCJrdnJpZCI6NTU5NTUsImt2dXJpZCI6NTU5NTUsImt2cmdpZCI6MTIsInBlcm1zIjoiIn0.Lk8dAfPwPMEkXButIAsobUw8d4Q4awBNzp_k3AGg-xerLrwKx5H2Jc6ktF28empLGGfWwxDuwsUw5TtdJQTTtRNI7fjGRgOjvuU4q-R-nGIXSnHh6BcjTGmfvw2ufTR-gvrdMS4x7Oh62JLgT74vYkQXNPr873jLuzFD__H76WQdH5jQ3mU-9E-5FBwaIYRxv5jwGU0UWwj5mgfAYQIbfOhDbZ1inG9-TUD8TnvztcHJCxRTect-DrZC8A1d9i0l_XHM4XJhUYX-F468qEknlTrJlca0JMcZeNea5YohiZtTrakelCLpOQ2yO_I54KUQFRTjxu9JEJzpM2weE0pxLg'},                     cookies=None, auth=None, timeout=None, proxies=None, verify=False,                     debug=0 </msg>
<status status="PASS" starttime="20220103 22:30:44.331" endtime="20220103 22:30:44.331"></status>
</kw>
<kw name="Set Global Variable" library="BuiltIn">
<doc>Makes a variable available globally in all tests and suites.</doc>
<arguments>
<arg>${session}</arg>
<arg>session</arg>
</arguments>
<msg timestamp="20220103 22:30:44.331" level="INFO">${session} = session</msg>
<status status="PASS" starttime="20220103 22:30:44.331" endtime="20220103 22:30:44.331"></status>
</kw>
<status status="PASS" starttime="20220103 22:30:43.747" endtime="20220103 22:30:44.331"></status>
</kw>
<test id="s1-t1" name="Update employee">
<kw name="Create List" library="BuiltIn">
<doc>Returns a list containing given items.</doc>
<arguments>
<arg>Thanh</arg>
</arguments>
<assign>
<var>${list}</var>
</assign>
<msg timestamp="20220103 22:30:44.331" level="INFO">${list} = ['Thanh']</msg>
<status status="PASS" starttime="20220103 22:30:44.331" endtime="20220103 22:30:44.331"></status>
</kw>
<kw name="Format String Use [D0] [D1] [D2]" library="share">
<arguments>
<arg>${data_employee_update}</arg>
<arg>${list}</arg>
</arguments>
<assign>
<var>${data}</var>
</assign>
<kw name="Get Length" library="BuiltIn">
<doc>Returns and logs the length of the given item as an integer.</doc>
<arguments>
<arg>${list_format}</arg>
</arguments>
<assign>
<var>${length}</var>
</assign>
<msg timestamp="20220103 22:30:44.336" level="INFO">Length is 1</msg>
<msg timestamp="20220103 22:30:44.336" level="INFO">${length} = 1</msg>
<status status="PASS" starttime="20220103 22:30:44.336" endtime="20220103 22:30:44.336"></status>
</kw>
<kw name="${i} IN RANGE [ ${length} ]" type="for">
<kw name="${i} = 0" type="foritem">
<kw name="Get From List" library="Collections">
<doc>Returns the value specified with an ``index`` from ``list``.</doc>
<arguments>
<arg>${list_format}</arg>
<arg>${i}</arg>
</arguments>
<assign>
<var>${value_temp}</var>
</assign>
<msg timestamp="20220103 22:30:44.336" level="INFO">${value_temp} = Thanh</msg>
<status status="PASS" starttime="20220103 22:30:44.336" endtime="20220103 22:30:44.336"></status>
</kw>
<kw name="Convert To String" library="BuiltIn">
<doc>Converts the given item to a Unicode string.</doc>
<arguments>
<arg>${value_temp}</arg>
</arguments>
<assign>
<var>${value_temp}</var>
</assign>
<msg timestamp="20220103 22:30:44.337" level="INFO">${value_temp} = Thanh</msg>
<status status="PASS" starttime="20220103 22:30:44.336" endtime="20220103 22:30:44.337"></status>
</kw>
<kw name="Replace String" library="String">
<doc>Replaces ``search_for`` in the given ``string`` with ``replace_with``.</doc>
<arguments>
<arg>${data_format}</arg>
<arg>[D${i}]</arg>
<arg>${value_temp}</arg>
</arguments>
<assign>
<var>${data_format}</var>
</assign>
<msg timestamp="20220103 22:30:44.337" level="INFO">${data_format} = {"id":"30000000123311","code":"NV001605","name":"Thanh","branchId":302728,"tenantId":55955,"workBranchIds":[302728]}</msg>
<status status="PASS" starttime="20220103 22:30:44.337" endtime="20220103 22:30:44.337"></status>
</kw>
<status status="PASS" starttime="20220103 22:30:44.336" endtime="20220103 22:30:44.337"></status>
</kw>
<status status="PASS" starttime="20220103 22:30:44.336" endtime="20220103 22:30:44.337"></status>
</kw>
<kw name="Return From Keyword" library="BuiltIn">
<doc>Returns from the enclosing user keyword.</doc>
<arguments>
<arg>${data_format}</arg>
</arguments>
<msg timestamp="20220103 22:30:44.337" level="INFO">Returning from the enclosing user keyword.</msg>
<status status="PASS" starttime="20220103 22:30:44.337" endtime="20220103 22:30:44.337"></status>
</kw>
<msg timestamp="20220103 22:30:44.337" level="INFO">${data} = {"id":"30000000123311","code":"NV001605","name":"Thanh","branchId":302728,"tenantId":55955,"workBranchIds":[302728]}</msg>
<status status="PASS" starttime="20220103 22:30:44.331" endtime="20220103 22:30:44.337"></status>
</kw>
<kw name="Evaluate" library="BuiltIn">
<doc>Evaluates the given expression in Python and returns the results.</doc>
<arguments>
<arg>(None,'${data}')</arg>
</arguments>
<assign>
<var>${data}</var>
</assign>
<msg timestamp="20220103 22:30:44.338" level="INFO">${data} = (None, '{"id":"30000000123311","code":"NV001605","name":"Thanh","branchId":302728,"tenantId":55955,"workBranchIds":[302728]}')</msg>
<status status="PASS" starttime="20220103 22:30:44.338" endtime="20220103 22:30:44.338"></status>
</kw>
<kw name="Create Dictionary" library="BuiltIn">
<doc>Creates and returns a dictionary based on the given ``items``.</doc>
<arguments>
<arg>employee=${data}</arg>
</arguments>
<assign>
<var>${formdata}</var>
</assign>
<msg timestamp="20220103 22:30:44.339" level="INFO">${formdata} = {'employee': (None, '{"id":"30000000123311","code":"NV001605","name":"Thanh","branchId":302728,"tenantId":55955,"workBranchIds":[302728]}')}</msg>
<status status="PASS" starttime="20220103 22:30:44.339" endtime="20220103 22:30:44.339"></status>
</kw>
<kw name="Log" library="BuiltIn">
<doc>Logs the given message with the given level.</doc>
<arguments>
<arg>${formdata}</arg>
</arguments>
<msg timestamp="20220103 22:30:44.340" level="INFO">{'employee': (None, '{"id":"30000000123311","code":"NV001605","name":"Thanh","branchId":302728,"tenantId":55955,"workBranchIds":[302728]}')}</msg>
<status status="PASS" starttime="20220103 22:30:44.339" endtime="20220103 22:30:44.340"></status>
</kw>
<kw name="Put" library="RequestsLibrary">
<doc>**Deprecated- See Put Request now**</doc>
<arguments>
<arg>${session}</arg>
<arg>${enp_employee}/30000000123311</arg>
<arg>${headers_not_contenType}</arg>
<arg>files=${formdata}</arg>
</arguments>
<assign>
<var>${resp}</var>
</assign>
<msg timestamp="20220103 22:30:44.340" level="WARN">Deprecation Warning: Use Put Request in the future</msg>
<msg timestamp="20220103 22:30:44.343" level="FAIL">AttributeError: 'str' object has no attribute 'items'</msg>
<status status="FAIL" starttime="20220103 22:30:44.340" endtime="20220103 22:30:44.343"></status>
</kw>
<status status="FAIL" starttime="20220103 22:30:44.331" endtime="20220103 22:30:44.344" critical="yes">AttributeError: 'str' object has no attribute 'items'</status>
</test>
<status status="FAIL" starttime="20220103 22:30:43.500" endtime="20220103 22:30:44.345"></status>
</suite>
<statistics>
<total>
<stat pass="0" fail="1">Critical Tests</stat>
<stat pass="0" fail="1">All Tests</stat>
</total>
<tag>
</tag>
<suite>
<stat pass="0" fail="1" id="s1" name="Employee">Employee</stat>
</suite>
</statistics>
<errors>
<msg timestamp="20220103 22:30:44.340" level="WARN">Deprecation Warning: Use Put Request in the future</msg>
</errors>
</robot>
