<?xml version="1.0" encoding="UTF-8"?>
<robot generator="Rebot 3.0.4 (Python 3.8.8 on win32)" generated="20220116 15:33:30.256">
<suite id="s1" name="Testsuites" source="B:\Auto_Company\timesheet\testsuites">
<suite id="s1-s1" name="Allowance" source="B:\Auto_Company\timesheet\testsuites\allowance.robot">
<kw name="Fill enviroment and get token" library="enviroment" type="setup">
<arguments>
<arg>${env}</arg>
</arguments>
<kw name="Create Dictionary" library="BuiltIn">
<doc>Creates and returns a dictionary based on the given ``items``.</doc>
<arguments>
<arg>zone5=https://auto5.kiotviet.vn/api</arg>
<arg>zone13=https://auto13.kiotviet.vn/api</arg>
<arg>zone12=https://auto12.kiotviet.vn/api</arg>
<arg>zone14=https://auto14.kiotviet.vn/api</arg>
<arg>59902=</arg>
<arg>59903=</arg>
</arguments>
<assign>
<var>${dict_url_saleLogin}</var>
</assign>
<msg timestamp="20220116 15:33:24.207" level="INFO">${dict_url_saleLogin} = {'zone5': 'https://auto5.kiotviet.vn/api', 'zone13': 'https://auto13.kiotviet.vn/api', 'zone12': 'https://auto12.kiotviet.vn/api', 'zone14': 'https://auto14.kiotviet.vn/api', '59902': '', '59903': ''}</msg>
<status status="PASS" starttime="20220116 15:33:24.207" endtime="20220116 15:33:24.207"></status>
</kw>
<kw name="Create Dictionary" library="BuiltIn">
<doc>Creates and returns a dictionary based on the given ``items``.</doc>
<arguments>
<arg>zone5=/auth/salelogin</arg>
<arg>zone13=/auth/salelogin</arg>
<arg>zone12=/auth/salelogin</arg>
<arg>zone14=/auth/salelogin</arg>
<arg>59902=/auth/salelogin</arg>
<arg>59903=/auth/salelogin</arg>
</arguments>
<assign>
<var>${dict_enp_saleLogin}</var>
</assign>
<msg timestamp="20220116 15:33:24.207" level="INFO">${dict_enp_saleLogin} = {'zone5': '/auth/salelogin', 'zone13': '/auth/salelogin', 'zone12': '/auth/salelogin', 'zone14': '/auth/salelogin', '59902': '/auth/salelogin', '59903': '/auth/salelogin'}</msg>
<status status="PASS" starttime="20220116 15:33:24.207" endtime="20220116 15:33:24.207"></status>
</kw>
<kw name="Create Dictionary" library="BuiltIn">
<doc>Creates and returns a dictionary based on the given ``items``.</doc>
<arguments>
<arg>zone5= https://api-timesheet.kiotviet.vn</arg>
<arg>zone13= https://api-timesheet.kiotviet.vn</arg>
<arg>zone12= https://api-timesheet.kiotviet.vn</arg>
<arg>zone14= https://api-timesheet.kiotviet.vn</arg>
<arg>59902=</arg>
<arg>59903=</arg>
</arguments>
<assign>
<var>${dict_url}</var>
</assign>
<msg timestamp="20220116 15:33:24.207" level="INFO">${dict_url} = {'zone5': ' https://api-timesheet.kiotviet.vn', 'zone13': ' https://api-timesheet.kiotviet.vn', 'zone12': ' https://api-timesheet.kiotviet.vn', 'zone14': ' https://api-timesheet.kiotviet.vn', '59902':...</msg>
<status status="PASS" starttime="20220116 15:33:24.207" endtime="20220116 15:33:24.207"></status>
</kw>
<kw name="Create Dictionary" library="BuiltIn">
<doc>Creates and returns a dictionary based on the given ``items``.</doc>
<arguments>
<arg>zone5=admin</arg>
<arg>zone13=admin</arg>
<arg>zone12=admin</arg>
<arg>zone14=admin</arg>
<arg>59902=1</arg>
<arg>59903=1</arg>
</arguments>
<assign>
<var>${dict_username}</var>
</assign>
<msg timestamp="20220116 15:33:24.207" level="INFO">${dict_username} = {'zone5': 'admin', 'zone13': 'admin', 'zone12': 'admin', 'zone14': 'admin', '59902': '1', '59903': '1'}</msg>
<status status="PASS" starttime="20220116 15:33:24.207" endtime="20220116 15:33:24.207"></status>
</kw>
<kw name="Create Dictionary" library="BuiltIn">
<doc>Creates and returns a dictionary based on the given ``items``.</doc>
<arguments>
<arg>zone5=123</arg>
<arg>zone13=123</arg>
<arg>zone12=123</arg>
<arg>zone14=123</arg>
<arg>59902=1</arg>
<arg>59903=1</arg>
</arguments>
<assign>
<var>${dict_password}</var>
</assign>
<msg timestamp="20220116 15:33:24.207" level="INFO">${dict_password} = {'zone5': '123', 'zone13': '123', 'zone12': '123', 'zone14': '123', '59902': '1', '59903': '1'}</msg>
<status status="PASS" starttime="20220116 15:33:24.207" endtime="20220116 15:33:24.207"></status>
</kw>
<kw name="Create Dictionary" library="BuiltIn">
<doc>Creates and returns a dictionary based on the given ``items``.</doc>
<arguments>
<arg>zone5=auto5</arg>
<arg>zone13=auto13</arg>
<arg>zone12=auto12</arg>
<arg>zone14=auto14</arg>
<arg>59902=phuoc902</arg>
<arg>59903=phuoc903</arg>
</arguments>
<assign>
<var>${dict_retailer}</var>
</assign>
<msg timestamp="20220116 15:33:24.207" level="INFO">${dict_retailer} = {'zone5': 'auto5', 'zone13': 'auto13', 'zone12': 'auto12', 'zone14': 'auto14', '59902': 'phuoc902', '59903': 'phuoc903'}</msg>
<status status="PASS" starttime="20220116 15:33:24.207" endtime="20220116 15:33:24.207"></status>
</kw>
<kw name="Get From Dictionary" library="Collections">
<doc>Returns a value from the given ``dictionary`` based on the given ``key``.</doc>
<arguments>
<arg>${dict_username}</arg>
<arg>${env}</arg>
</arguments>
<assign>
<var>${username}</var>
</assign>
<msg timestamp="20220116 15:33:24.207" level="INFO">${username} = admin</msg>
<status status="PASS" starttime="20220116 15:33:24.207" endtime="20220116 15:33:24.207"></status>
</kw>
<kw name="Get From Dictionary" library="Collections">
<doc>Returns a value from the given ``dictionary`` based on the given ``key``.</doc>
<arguments>
<arg>${dict_password}</arg>
<arg>${env}</arg>
</arguments>
<assign>
<var>${password}</var>
</assign>
<msg timestamp="20220116 15:33:24.207" level="INFO">${password} = 123</msg>
<status status="PASS" starttime="20220116 15:33:24.207" endtime="20220116 15:33:24.207"></status>
</kw>
<kw name="Get From Dictionary" library="Collections">
<doc>Returns a value from the given ``dictionary`` based on the given ``key``.</doc>
<arguments>
<arg>${dict_retailer}</arg>
<arg>${env}</arg>
</arguments>
<assign>
<var>${retailer}</var>
</assign>
<msg timestamp="20220116 15:33:24.207" level="INFO">${retailer} = auto12</msg>
<status status="PASS" starttime="20220116 15:33:24.207" endtime="20220116 15:33:24.207"></status>
</kw>
<kw name="Get From Dictionary" library="Collections">
<doc>Returns a value from the given ``dictionary`` based on the given ``key``.</doc>
<arguments>
<arg>${dict_url_saleLogin}</arg>
<arg>${env}</arg>
</arguments>
<assign>
<var>${url_saleLogin}</var>
</assign>
<msg timestamp="20220116 15:33:24.207" level="INFO">${url_saleLogin} = https://auto12.kiotviet.vn/api</msg>
<status status="PASS" starttime="20220116 15:33:24.207" endtime="20220116 15:33:24.207"></status>
</kw>
<kw name="Get From Dictionary" library="Collections">
<doc>Returns a value from the given ``dictionary`` based on the given ``key``.</doc>
<arguments>
<arg>${dict_enp_saleLogin}</arg>
<arg>${env}</arg>
</arguments>
<assign>
<var>${enp_saleLogin}</var>
</assign>
<msg timestamp="20220116 15:33:24.207" level="INFO">${enp_saleLogin} = /auth/salelogin</msg>
<status status="PASS" starttime="20220116 15:33:24.207" endtime="20220116 15:33:24.207"></status>
</kw>
<kw name="Get From Dictionary" library="Collections">
<doc>Returns a value from the given ``dictionary`` based on the given ``key``.</doc>
<arguments>
<arg>${dict_url}</arg>
<arg>${env}</arg>
</arguments>
<assign>
<var>${url}</var>
</assign>
<msg timestamp="20220116 15:33:24.207" level="INFO">${url} =  https://api-timesheet.kiotviet.vn</msg>
<status status="PASS" starttime="20220116 15:33:24.207" endtime="20220116 15:33:24.207"></status>
</kw>
<kw name="Set Global Variable" library="BuiltIn">
<doc>Makes a variable available globally in all tests and suites.</doc>
<arguments>
<arg>${username}</arg>
<arg>${username}</arg>
</arguments>
<msg timestamp="20220116 15:33:24.207" level="INFO">${username} = admin</msg>
<status status="PASS" starttime="20220116 15:33:24.207" endtime="20220116 15:33:24.207"></status>
</kw>
<kw name="Set Global Variable" library="BuiltIn">
<doc>Makes a variable available globally in all tests and suites.</doc>
<arguments>
<arg>${password}</arg>
<arg>${password}</arg>
</arguments>
<msg timestamp="20220116 15:33:24.207" level="INFO">${password} = 123</msg>
<status status="PASS" starttime="20220116 15:33:24.207" endtime="20220116 15:33:24.207"></status>
</kw>
<kw name="Set Global Variable" library="BuiltIn">
<doc>Makes a variable available globally in all tests and suites.</doc>
<arguments>
<arg>${retailer}</arg>
<arg>${retailer}</arg>
</arguments>
<msg timestamp="20220116 15:33:24.207" level="INFO">${retailer} = auto12</msg>
<status status="PASS" starttime="20220116 15:33:24.207" endtime="20220116 15:33:24.207"></status>
</kw>
<kw name="Set Global Variable" library="BuiltIn">
<doc>Makes a variable available globally in all tests and suites.</doc>
<arguments>
<arg>${url_saleLogin}</arg>
<arg>${url_saleLogin}</arg>
</arguments>
<msg timestamp="20220116 15:33:24.207" level="INFO">${url_saleLogin} = https://auto12.kiotviet.vn/api</msg>
<status status="PASS" starttime="20220116 15:33:24.207" endtime="20220116 15:33:24.207"></status>
</kw>
<kw name="Set Global Variable" library="BuiltIn">
<doc>Makes a variable available globally in all tests and suites.</doc>
<arguments>
<arg>${enp_saleLogin}</arg>
<arg>${enp_saleLogin}</arg>
</arguments>
<msg timestamp="20220116 15:33:24.207" level="INFO">${enp_saleLogin} = /auth/salelogin</msg>
<status status="PASS" starttime="20220116 15:33:24.207" endtime="20220116 15:33:24.207"></status>
</kw>
<kw name="Set Global Variable" library="BuiltIn">
<doc>Makes a variable available globally in all tests and suites.</doc>
<arguments>
<arg>${url}</arg>
<arg>${url}</arg>
</arguments>
<msg timestamp="20220116 15:33:24.207" level="INFO">${url} =  https://api-timesheet.kiotviet.vn</msg>
<status status="PASS" starttime="20220116 15:33:24.207" endtime="20220116 15:33:24.207"></status>
</kw>
<kw name="Create Dictionary" library="BuiltIn">
<doc>Creates and returns a dictionary based on the given ``items``.</doc>
<arguments>
<arg>retailer=${retailer}</arg>
<arg>Content-Type=application/json;charset=utf-8</arg>
</arguments>
<assign>
<var>${header}</var>
</assign>
<msg timestamp="20220116 15:33:24.207" level="INFO">${header} = {'retailer': 'auto12', 'Content-Type': 'application/json;charset=utf-8'}</msg>
<status status="PASS" starttime="20220116 15:33:24.207" endtime="20220116 15:33:24.207"></status>
</kw>
<kw name="Create Dictionary" library="BuiltIn">
<doc>Creates and returns a dictionary based on the given ``items``.</doc>
<arguments>
<arg>UserName=${username}</arg>
<arg>Password=${password}</arg>
</arguments>
<assign>
<var>${data_saleLogin}</var>
</assign>
<msg timestamp="20220116 15:33:24.207" level="INFO">${data_saleLogin} = {'UserName': 'admin', 'Password': '123'}</msg>
<status status="PASS" starttime="20220116 15:33:24.207" endtime="20220116 15:33:24.207"></status>
</kw>
<kw name="Create Session" library="RequestsLibrary">
<doc>Create Session: create a HTTP session to a server</doc>
<arguments>
<arg>sessionLogin</arg>
<arg>${url_saleLogin}</arg>
</arguments>
<msg timestamp="20220116 15:33:24.207" level="INFO">Creating Session using : alias=sessionLogin, url=https://auto12.kiotviet.vn/api, headers={},                     cookies=None, auth=None, timeout=None, proxies=None, verify=False,                     debug=0 </msg>
<status status="PASS" starttime="20220116 15:33:24.207" endtime="20220116 15:33:24.207"></status>
</kw>
<kw name="Post Request" library="RequestsLibrary">
<doc>Send a POST request on the session object found using the</doc>
<arguments>
<arg>sessionLogin</arg>
<arg>${enp_saleLogin}</arg>
<arg>${header}</arg>
<arg>${data_saleLogin}</arg>
</arguments>
<assign>
<var>${resp}</var>
</assign>
<msg timestamp="20220116 15:33:24.671" level="INFO">Post Request using : alias=sessionLogin, uri=/auth/salelogin, data=&lt;empty&gt;, headers=None, files=None, allow_redirects=True </msg>
<msg timestamp="20220116 15:33:24.671" level="INFO">C:\Users\phuoc\AppData\Local\Programs\Python\Python38\lib\site-packages\urllib3\connectionpool.py:1013: InsecureRequestWarning: Unverified HTTPS request is being made to host 'auto12.kiotviet.vn'. Adding certificate verification is strongly advised. See: https://urllib3.readthedocs.io/en/1.26.x/advanced-usage.html#ssl-warnings
  warnings.warn(</msg>
<msg timestamp="20220116 15:33:24.671" level="INFO">${resp} = &lt;Response [200]&gt;</msg>
<status status="PASS" starttime="20220116 15:33:24.207" endtime="20220116 15:33:24.671"></status>
</kw>
<kw name="Log" library="BuiltIn">
<doc>Logs the given message with the given level.</doc>
<arguments>
<arg>${resp.json()}</arg>
</arguments>
<msg timestamp="20220116 15:33:24.671" level="INFO">{'UserId': 438680, 'UserName': 'admin', 'SessionId': 'SqazPzBD1mwGHcRFY0T1', 'BearerToken': 'eyJ0eXAiOiJKV1QiLCJhbGciOiJSUzI1NiIsImtpZCI6IndYYSJ9.eyJpc3MiOiJrdnNzand0Iiwic3ViIjo0Mzg2ODAsImlhdCI6MTY0MjMyMjAwNCwiZXhwIjoxNjQ0NzQxMjA0LCJwcmVmZXJyZWRfdXNlcm5hbWUiOiJhZG1pbiIsInJvbGVzIjpbIlVzZXIiXSwia3ZzZXMiOiJlODk4YzIyYTU2NmI0MjJkODQwZjc1ZjU4YmY2Y2VhYSIsImt2dWlkIjo0Mzg2ODAsImt2bGFuZyI6InZpLVZOIiwia3Z1dHlwZSI6MCwia3Z1bGltaXQiOiJGYWxzZSIsImt2dWFkbWluIjoiVHJ1ZSIsImt2dWFjdCI6IlRydWUiLCJrdnVsaW1pdHRyYW5zIjoiRmFsc2UiLCJrdnVzaG93c3VtIjoiVHJ1ZSIsImt2YmlkIjoxODEyMzUsImt2cmluZGlkIjoxMCwia3ZyY29kZSI6ImF1dG8xMiIsImt2cmlkIjozMzk3NTgsImt2dXJpZCI6MzM5NzU4LCJrdnJnaWQiOjEyLCJwZXJtcyI6IiJ9.PDDfFPbCrjWHOycADbSM8NYI3VY1uTvxQ9da028EvDBud1d8hSePb-1E4VQWqbfVPfwtcTBNA4Ss0vHinLaSxunQZy-VgG7lzKi9gXM2AH3UqN3Qzwv-xalnQtJuhk0_uGvXTOkS2z7rEFmXImxbgvmqOENpBXNbUXlZmZKLNIitXrVkX_9vihBDdukKMzyTnF3pHckDdrAslhzCizw_S13zfhjh1a1eoFxjnVuaLciWsEQzrY7mpytPFR9WvBjuvbVu6mxm2mX-LQ-R61QVdjzDPT7FxryaueJvHbhkJX1hJaYc5rKhA2H2IasmCPtiaHd-tZU7NGUfYUJmeHDROg', 'CurrentBranchId': 181235, 'IsShowNotificationPopupDr': True, 'IsOTPVerifcationRequired': False}</msg>
<status status="PASS" starttime="20220116 15:33:24.671" endtime="20220116 15:33:24.671"></status>
</kw>
<kw name="Get Value From Json KV" library="share">
<arguments>
<arg>${resp.json()}</arg>
<arg>$.BearerToken</arg>
</arguments>
<assign>
<var>${token}</var>
</assign>
<kw name="Get Value From Json" library="JSONLibrary">
<doc>Get Value From JSON using JSONPath</doc>
<arguments>
<arg>${resp_json}</arg>
<arg>${json_path}</arg>
</arguments>
<assign>
<var>${result}</var>
</assign>
<msg timestamp="20220116 15:33:24.699" level="INFO">${result} = ['eyJ0eXAiOiJKV1QiLCJhbGciOiJSUzI1NiIsImtpZCI6IndYYSJ9.eyJpc3MiOiJrdnNzand0Iiwic3ViIjo0Mzg2ODAsImlhdCI6MTY0MjMyMjAwNCwiZXhwIjoxNjQ0NzQxMjA0LCJwcmVmZXJyZWRfdXNlcm5hbWUiOiJhZG1pbiIsInJvbGVzIjpbIlVzZXIiX...</msg>
<status status="PASS" starttime="20220116 15:33:24.672" endtime="20220116 15:33:24.699"></status>
</kw>
<kw name="Get Length" library="BuiltIn">
<doc>Returns and logs the length of the given item as an integer.</doc>
<arguments>
<arg>${result}</arg>
</arguments>
<assign>
<var>${lenght}</var>
</assign>
<msg timestamp="20220116 15:33:24.699" level="INFO">Length is 1</msg>
<msg timestamp="20220116 15:33:24.699" level="INFO">${lenght} = 1</msg>
<status status="PASS" starttime="20220116 15:33:24.699" endtime="20220116 15:33:24.699"></status>
</kw>
<kw name="Get From List" library="Collections">
<doc>Returns the value specified with an ``index`` from ``list``.</doc>
<arguments>
<arg>${result}</arg>
<arg>0</arg>
</arguments>
<assign>
<var>${result}</var>
</assign>
<msg timestamp="20220116 15:33:24.699" level="INFO">${result} = eyJ0eXAiOiJKV1QiLCJhbGciOiJSUzI1NiIsImtpZCI6IndYYSJ9.eyJpc3MiOiJrdnNzand0Iiwic3ViIjo0Mzg2ODAsImlhdCI6MTY0MjMyMjAwNCwiZXhwIjoxNjQ0NzQxMjA0LCJwcmVmZXJyZWRfdXNlcm5hbWUiOiJhZG1pbiIsInJvbGVzIjpbIlVzZXIiXSw...</msg>
<status status="PASS" starttime="20220116 15:33:24.699" endtime="20220116 15:33:24.699"></status>
</kw>
<kw name="Run Keyword If" library="BuiltIn">
<doc>Runs the given keyword with the given arguments, if ``condition`` is true.</doc>
<arguments>
<arg>${lenght}==0</arg>
<arg>Return From Keyword</arg>
<arg>${0}</arg>
<arg>ELSE</arg>
<arg>Return From Keyword</arg>
<arg>${result}</arg>
</arguments>
<kw name="Return From Keyword" library="BuiltIn">
<doc>Returns from the enclosing user keyword.</doc>
<arguments>
<arg>${result}</arg>
</arguments>
<msg timestamp="20220116 15:33:24.700" level="INFO">Returning from the enclosing user keyword.</msg>
<status status="PASS" starttime="20220116 15:33:24.700" endtime="20220116 15:33:24.700"></status>
</kw>
<status status="PASS" starttime="20220116 15:33:24.699" endtime="20220116 15:33:24.700"></status>
</kw>
<msg timestamp="20220116 15:33:24.700" level="INFO">${token} = eyJ0eXAiOiJKV1QiLCJhbGciOiJSUzI1NiIsImtpZCI6IndYYSJ9.eyJpc3MiOiJrdnNzand0Iiwic3ViIjo0Mzg2ODAsImlhdCI6MTY0MjMyMjAwNCwiZXhwIjoxNjQ0NzQxMjA0LCJwcmVmZXJyZWRfdXNlcm5hbWUiOiJhZG1pbiIsInJvbGVzIjpbIlVzZXIiXSw...</msg>
<status status="PASS" starttime="20220116 15:33:24.672" endtime="20220116 15:33:24.700"></status>
</kw>
<kw name="Catenate" library="BuiltIn">
<doc>Catenates the given items together and returns the resulted string.</doc>
<arguments>
<arg>Bearer</arg>
<arg>${token}</arg>
</arguments>
<assign>
<var>${token}</var>
</assign>
<msg timestamp="20220116 15:33:24.701" level="INFO">${token} = Bearer eyJ0eXAiOiJKV1QiLCJhbGciOiJSUzI1NiIsImtpZCI6IndYYSJ9.eyJpc3MiOiJrdnNzand0Iiwic3ViIjo0Mzg2ODAsImlhdCI6MTY0MjMyMjAwNCwiZXhwIjoxNjQ0NzQxMjA0LCJwcmVmZXJyZWRfdXNlcm5hbWUiOiJhZG1pbiIsInJvbGVzIjpbIlVz...</msg>
<status status="PASS" starttime="20220116 15:33:24.700" endtime="20220116 15:33:24.701"></status>
</kw>
<kw name="Get Value From Json KV" library="share">
<arguments>
<arg>${resp.json()}</arg>
<arg>$.CurrentBranchId</arg>
</arguments>
<assign>
<var>${branchId}</var>
</assign>
<kw name="Get Value From Json" library="JSONLibrary">
<doc>Get Value From JSON using JSONPath</doc>
<arguments>
<arg>${resp_json}</arg>
<arg>${json_path}</arg>
</arguments>
<assign>
<var>${result}</var>
</assign>
<msg timestamp="20220116 15:33:24.722" level="INFO">${result} = [181235]</msg>
<status status="PASS" starttime="20220116 15:33:24.701" endtime="20220116 15:33:24.723"></status>
</kw>
<kw name="Get Length" library="BuiltIn">
<doc>Returns and logs the length of the given item as an integer.</doc>
<arguments>
<arg>${result}</arg>
</arguments>
<assign>
<var>${lenght}</var>
</assign>
<msg timestamp="20220116 15:33:24.723" level="INFO">Length is 1</msg>
<msg timestamp="20220116 15:33:24.723" level="INFO">${lenght} = 1</msg>
<status status="PASS" starttime="20220116 15:33:24.723" endtime="20220116 15:33:24.723"></status>
</kw>
<kw name="Get From List" library="Collections">
<doc>Returns the value specified with an ``index`` from ``list``.</doc>
<arguments>
<arg>${result}</arg>
<arg>0</arg>
</arguments>
<assign>
<var>${result}</var>
</assign>
<msg timestamp="20220116 15:33:24.723" level="INFO">${result} = 181235</msg>
<status status="PASS" starttime="20220116 15:33:24.723" endtime="20220116 15:33:24.723"></status>
</kw>
<kw name="Run Keyword If" library="BuiltIn">
<doc>Runs the given keyword with the given arguments, if ``condition`` is true.</doc>
<arguments>
<arg>${lenght}==0</arg>
<arg>Return From Keyword</arg>
<arg>${0}</arg>
<arg>ELSE</arg>
<arg>Return From Keyword</arg>
<arg>${result}</arg>
</arguments>
<kw name="Return From Keyword" library="BuiltIn">
<doc>Returns from the enclosing user keyword.</doc>
<arguments>
<arg>${result}</arg>
</arguments>
<msg timestamp="20220116 15:33:24.724" level="INFO">Returning from the enclosing user keyword.</msg>
<status status="PASS" starttime="20220116 15:33:24.724" endtime="20220116 15:33:24.724"></status>
</kw>
<status status="PASS" starttime="20220116 15:33:24.723" endtime="20220116 15:33:24.724"></status>
</kw>
<msg timestamp="20220116 15:33:24.724" level="INFO">${branchId} = 181235</msg>
<status status="PASS" starttime="20220116 15:33:24.701" endtime="20220116 15:33:24.724"></status>
</kw>
<kw name="Convert To String" library="BuiltIn">
<doc>Converts the given item to a Unicode string.</doc>
<arguments>
<arg>${branchId}</arg>
</arguments>
<assign>
<var>${branchId}</var>
</assign>
<msg timestamp="20220116 15:33:24.724" level="INFO">${branchId} = 181235</msg>
<status status="PASS" starttime="20220116 15:33:24.724" endtime="20220116 15:33:24.724"></status>
</kw>
<kw name="Set Global Variable" library="BuiltIn">
<doc>Makes a variable available globally in all tests and suites.</doc>
<arguments>
<arg>${branchId}</arg>
<arg>${branchId}</arg>
</arguments>
<msg timestamp="20220116 15:33:24.725" level="INFO">${branchId} = 181235</msg>
<status status="PASS" starttime="20220116 15:33:24.724" endtime="20220116 15:33:24.725"></status>
</kw>
<kw name="Get Value From Json KV" library="share">
<arguments>
<arg>${resp.json()}</arg>
<arg>$.UserId</arg>
</arguments>
<assign>
<var>${user_login}</var>
</assign>
<kw name="Get Value From Json" library="JSONLibrary">
<doc>Get Value From JSON using JSONPath</doc>
<arguments>
<arg>${resp_json}</arg>
<arg>${json_path}</arg>
</arguments>
<assign>
<var>${result}</var>
</assign>
<msg timestamp="20220116 15:33:24.746" level="INFO">${result} = [438680]</msg>
<status status="PASS" starttime="20220116 15:33:24.725" endtime="20220116 15:33:24.746"></status>
</kw>
<kw name="Get Length" library="BuiltIn">
<doc>Returns and logs the length of the given item as an integer.</doc>
<arguments>
<arg>${result}</arg>
</arguments>
<assign>
<var>${lenght}</var>
</assign>
<msg timestamp="20220116 15:33:24.747" level="INFO">Length is 1</msg>
<msg timestamp="20220116 15:33:24.747" level="INFO">${lenght} = 1</msg>
<status status="PASS" starttime="20220116 15:33:24.747" endtime="20220116 15:33:24.747"></status>
</kw>
<kw name="Get From List" library="Collections">
<doc>Returns the value specified with an ``index`` from ``list``.</doc>
<arguments>
<arg>${result}</arg>
<arg>0</arg>
</arguments>
<assign>
<var>${result}</var>
</assign>
<msg timestamp="20220116 15:33:24.747" level="INFO">${result} = 438680</msg>
<status status="PASS" starttime="20220116 15:33:24.747" endtime="20220116 15:33:24.747"></status>
</kw>
<kw name="Run Keyword If" library="BuiltIn">
<doc>Runs the given keyword with the given arguments, if ``condition`` is true.</doc>
<arguments>
<arg>${lenght}==0</arg>
<arg>Return From Keyword</arg>
<arg>${0}</arg>
<arg>ELSE</arg>
<arg>Return From Keyword</arg>
<arg>${result}</arg>
</arguments>
<kw name="Return From Keyword" library="BuiltIn">
<doc>Returns from the enclosing user keyword.</doc>
<arguments>
<arg>${result}</arg>
</arguments>
<msg timestamp="20220116 15:33:24.748" level="INFO">Returning from the enclosing user keyword.</msg>
<status status="PASS" starttime="20220116 15:33:24.748" endtime="20220116 15:33:24.748"></status>
</kw>
<status status="PASS" starttime="20220116 15:33:24.747" endtime="20220116 15:33:24.748"></status>
</kw>
<msg timestamp="20220116 15:33:24.748" level="INFO">${user_login} = 438680</msg>
<status status="PASS" starttime="20220116 15:33:24.725" endtime="20220116 15:33:24.748"></status>
</kw>
<kw name="Set Global Variable" library="BuiltIn">
<doc>Makes a variable available globally in all tests and suites.</doc>
<arguments>
<arg>${user_login}</arg>
<arg>${user_login}</arg>
</arguments>
<msg timestamp="20220116 15:33:24.748" level="INFO">${user_login} = 438680</msg>
<status status="PASS" starttime="20220116 15:33:24.748" endtime="20220116 15:33:24.748"></status>
</kw>
<kw name="Create Dictionary" library="BuiltIn">
<doc>Creates and returns a dictionary based on the given ``items``.</doc>
<arguments>
<arg>retailer=${retailer}</arg>
<arg>Content-Type=application/json;charset=utf-8</arg>
<arg>branchid=${branchId}</arg>
<arg>Authorization=${token}</arg>
</arguments>
<assign>
<var>${header}</var>
</assign>
<msg timestamp="20220116 15:33:24.749" level="INFO">${header} = {'retailer': 'auto12', 'Content-Type': 'application/json;charset=utf-8', 'branchid': '181235', 'Authorization': 'Bearer eyJ0eXAiOiJKV1QiLCJhbGciOiJSUzI1NiIsImtpZCI6IndYYSJ9.eyJpc3MiOiJrdnNzand0Iiwic3V...</msg>
<status status="PASS" starttime="20220116 15:33:24.748" endtime="20220116 15:33:24.749"></status>
</kw>
<kw name="Create Dictionary" library="BuiltIn">
<doc>Creates and returns a dictionary based on the given ``items``.</doc>
<arguments>
<arg>retailer=${retailer}</arg>
<arg>branchid=${branchId}</arg>
<arg>Authorization=${token}</arg>
</arguments>
<assign>
<var>${headers_not_contenType}</var>
</assign>
<msg timestamp="20220116 15:33:24.749" level="INFO">${headers_not_contenType} = {'retailer': 'auto12', 'branchid': '181235', 'Authorization': 'Bearer eyJ0eXAiOiJKV1QiLCJhbGciOiJSUzI1NiIsImtpZCI6IndYYSJ9.eyJpc3MiOiJrdnNzand0Iiwic3ViIjo0Mzg2ODAsImlhdCI6MTY0MjMyMjAwNCwiZXhwIjoxNjQ0N...</msg>
<status status="PASS" starttime="20220116 15:33:24.749" endtime="20220116 15:33:24.749"></status>
</kw>
<kw name="Set Global Variable" library="BuiltIn">
<doc>Makes a variable available globally in all tests and suites.</doc>
<arguments>
<arg>${header}</arg>
<arg>${header}</arg>
</arguments>
<msg timestamp="20220116 15:33:24.750" level="INFO">${header} = {'retailer': 'auto12', 'Content-Type': 'application/json;charset=utf-8', 'branchid': '181235', 'Authorization': 'Bearer eyJ0eXAiOiJKV1QiLCJhbGciOiJSUzI1NiIsImtpZCI6IndYYSJ9.eyJpc3MiOiJrdnNzand0Iiwic3V...</msg>
<status status="PASS" starttime="20220116 15:33:24.749" endtime="20220116 15:33:24.750"></status>
</kw>
<kw name="Set Global Variable" library="BuiltIn">
<doc>Makes a variable available globally in all tests and suites.</doc>
<arguments>
<arg>${headers_not_contenType}</arg>
<arg>${headers_not_contenType}</arg>
</arguments>
<msg timestamp="20220116 15:33:24.750" level="INFO">${headers_not_contenType} = {'retailer': 'auto12', 'branchid': '181235', 'Authorization': 'Bearer eyJ0eXAiOiJKV1QiLCJhbGciOiJSUzI1NiIsImtpZCI6IndYYSJ9.eyJpc3MiOiJrdnNzand0Iiwic3ViIjo0Mzg2ODAsImlhdCI6MTY0MjMyMjAwNCwiZXhwIjoxNjQ0N...</msg>
<status status="PASS" starttime="20220116 15:33:24.750" endtime="20220116 15:33:24.750"></status>
</kw>
<kw name="Create Session" library="RequestsLibrary">
<doc>Create Session: create a HTTP session to a server</doc>
<arguments>
<arg>session</arg>
<arg>${url}</arg>
<arg>${headers_not_contenType}</arg>
</arguments>
<msg timestamp="20220116 15:33:24.750" level="INFO">Creating Session using : alias=session, url= https://api-timesheet.kiotviet.vn, headers={'retailer': 'auto12', 'branchid': '181235', 'Authorization': 'Bearer eyJ0eXAiOiJKV1QiLCJhbGciOiJSUzI1NiIsImtpZCI6IndYYSJ9.eyJpc3MiOiJrdnNzand0Iiwic3ViIjo0Mzg2ODAsImlhdCI6MTY0MjMyMjAwNCwiZXhwIjoxNjQ0NzQxMjA0LCJwcmVmZXJyZWRfdXNlcm5hbWUiOiJhZG1pbiIsInJvbGVzIjpbIlVzZXIiXSwia3ZzZXMiOiJlODk4YzIyYTU2NmI0MjJkODQwZjc1ZjU4YmY2Y2VhYSIsImt2dWlkIjo0Mzg2ODAsImt2bGFuZyI6InZpLVZOIiwia3Z1dHlwZSI6MCwia3Z1bGltaXQiOiJGYWxzZSIsImt2dWFkbWluIjoiVHJ1ZSIsImt2dWFjdCI6IlRydWUiLCJrdnVsaW1pdHRyYW5zIjoiRmFsc2UiLCJrdnVzaG93c3VtIjoiVHJ1ZSIsImt2YmlkIjoxODEyMzUsImt2cmluZGlkIjoxMCwia3ZyY29kZSI6ImF1dG8xMiIsImt2cmlkIjozMzk3NTgsImt2dXJpZCI6MzM5NzU4LCJrdnJnaWQiOjEyLCJwZXJtcyI6IiJ9.PDDfFPbCrjWHOycADbSM8NYI3VY1uTvxQ9da028EvDBud1d8hSePb-1E4VQWqbfVPfwtcTBNA4Ss0vHinLaSxunQZy-VgG7lzKi9gXM2AH3UqN3Qzwv-xalnQtJuhk0_uGvXTOkS2z7rEFmXImxbgvmqOENpBXNbUXlZmZKLNIitXrVkX_9vihBDdukKMzyTnF3pHckDdrAslhzCizw_S13zfhjh1a1eoFxjnVuaLciWsEQzrY7mpytPFR9WvBjuvbVu6mxm2mX-LQ-R61QVdjzDPT7FxryaueJvHbhkJX1hJaYc5rKhA2H2IasmCPtiaHd-tZU7NGUfYUJmeHDROg'},                     cookies=None, auth=None, timeout=None, proxies=None, verify=False,                     debug=0 </msg>
<status status="PASS" starttime="20220116 15:33:24.750" endtime="20220116 15:33:24.751"></status>
</kw>
<kw name="Set Global Variable" library="BuiltIn">
<doc>Makes a variable available globally in all tests and suites.</doc>
<arguments>
<arg>${session}</arg>
<arg>session</arg>
</arguments>
<msg timestamp="20220116 15:33:24.751" level="INFO">${session} = session</msg>
<status status="PASS" starttime="20220116 15:33:24.751" endtime="20220116 15:33:24.751"></status>
</kw>
<kw name="Random a String Letter" library="share_random">
<arguments>
<arg>4</arg>
</arguments>
<assign>
<var>${random_str}</var>
</assign>
<kw name="Generate Random String" library="String">
<doc>Generates a string with a desired ``length`` from the given ``chars``.</doc>
<arguments>
<arg>${number}</arg>
<arg>[LETTERS]</arg>
</arguments>
<assign>
<var>${random_str}</var>
</assign>
<msg timestamp="20220116 15:33:24.752" level="INFO">${random_str} = hQCC</msg>
<status status="PASS" starttime="20220116 15:33:24.752" endtime="20220116 15:33:24.752"></status>
</kw>
<kw name="Return From Keyword" library="BuiltIn">
<doc>Returns from the enclosing user keyword.</doc>
<arguments>
<arg>${random_str}</arg>
</arguments>
<msg timestamp="20220116 15:33:24.752" level="INFO">Returning from the enclosing user keyword.</msg>
<status status="PASS" starttime="20220116 15:33:24.752" endtime="20220116 15:33:24.752"></status>
</kw>
<msg timestamp="20220116 15:33:24.752" level="INFO">${random_str} = hQCC</msg>
<status status="PASS" starttime="20220116 15:33:24.752" endtime="20220116 15:33:24.753"></status>
</kw>
<kw name="Set Global Variable" library="BuiltIn">
<doc>Makes a variable available globally in all tests and suites.</doc>
<arguments>
<arg>${random_str}</arg>
<arg>${random_str}</arg>
</arguments>
<msg timestamp="20220116 15:33:24.753" level="INFO">${random_str} = hQCC</msg>
<status status="PASS" starttime="20220116 15:33:24.753" endtime="20220116 15:33:24.753"></status>
</kw>
<kw name="Random a Number" library="share_random">
<arguments>
<arg>8</arg>
</arguments>
<assign>
<var>${random_number}</var>
</assign>
<kw name="Generate Random String" library="String">
<doc>Generates a string with a desired ``length`` from the given ``chars``.</doc>
<arguments>
<arg>${number}</arg>
<arg>[NUMBERS]</arg>
</arguments>
<assign>
<var>${random_number}</var>
</assign>
<msg timestamp="20220116 15:33:24.753" level="INFO">${random_number} = 35670024</msg>
<status status="PASS" starttime="20220116 15:33:24.753" endtime="20220116 15:33:24.753"></status>
</kw>
<kw name="Return From Keyword" library="BuiltIn">
<doc>Returns from the enclosing user keyword.</doc>
<arguments>
<arg>${random_number}</arg>
</arguments>
<msg timestamp="20220116 15:33:24.754" level="INFO">Returning from the enclosing user keyword.</msg>
<status status="PASS" starttime="20220116 15:33:24.753" endtime="20220116 15:33:24.754"></status>
</kw>
<msg timestamp="20220116 15:33:24.754" level="INFO">${random_number} = 35670024</msg>
<status status="PASS" starttime="20220116 15:33:24.753" endtime="20220116 15:33:24.754"></status>
</kw>
<kw name="Set Global Variable" library="BuiltIn">
<doc>Makes a variable available globally in all tests and suites.</doc>
<arguments>
<arg>${random_number}</arg>
<arg>${random_number}</arg>
</arguments>
<msg timestamp="20220116 15:33:24.754" level="INFO">${random_number} = 35670024</msg>
<status status="PASS" starttime="20220116 15:33:24.754" endtime="20220116 15:33:24.754"></status>
</kw>
<status status="PASS" starttime="20220116 15:33:24.207" endtime="20220116 15:33:24.754"></status>
</kw>
<test id="s1-s1-t1" name="Create allowance">
<kw name="Create List" library="BuiltIn">
<doc>Returns a list containing given items.</doc>
<arguments>
<arg>Null</arg>
<arg>${random_str}</arg>
<arg>1</arg>
<arg>20000</arg>
</arguments>
<assign>
<var>${list_format}</var>
</assign>
<msg timestamp="20220116 15:33:24.755" level="INFO">${list_format} = ['Null', 'hQCC', '1', '20000']</msg>
<status status="PASS" starttime="20220116 15:33:24.755" endtime="20220116 15:33:24.755"></status>
</kw>
<kw name="Format String Use [D0] [D1] [D2]" library="share">
<arguments>
<arg>${data_allowance}</arg>
<arg>${list_format}</arg>
</arguments>
<assign>
<var>${data_allowance}</var>
</assign>
<kw name="Get Length" library="BuiltIn">
<doc>Returns and logs the length of the given item as an integer.</doc>
<arguments>
<arg>${list_format}</arg>
</arguments>
<assign>
<var>${length}</var>
</assign>
<msg timestamp="20220116 15:33:24.756" level="INFO">Length is 4</msg>
<msg timestamp="20220116 15:33:24.756" level="INFO">${length} = 4</msg>
<status status="PASS" starttime="20220116 15:33:24.756" endtime="20220116 15:33:24.756"></status>
</kw>
<kw name="${i} IN RANGE [ ${length} ]" type="for">
<kw name="${i} = 0" type="foritem">
<kw name="Get From List" library="Collections">
<doc>Returns the value specified with an ``index`` from ``list``.</doc>
<arguments>
<arg>${list_format}</arg>
<arg>${i}</arg>
</arguments>
<assign>
<var>${value_temp}</var>
</assign>
<msg timestamp="20220116 15:33:24.757" level="INFO">${value_temp} = Null</msg>
<status status="PASS" starttime="20220116 15:33:24.756" endtime="20220116 15:33:24.757"></status>
</kw>
<kw name="Convert To String" library="BuiltIn">
<doc>Converts the given item to a Unicode string.</doc>
<arguments>
<arg>${value_temp}</arg>
</arguments>
<assign>
<var>${value_temp}</var>
</assign>
<msg timestamp="20220116 15:33:24.757" level="INFO">${value_temp} = Null</msg>
<status status="PASS" starttime="20220116 15:33:24.757" endtime="20220116 15:33:24.757"></status>
</kw>
<kw name="Replace String" library="String">
<doc>Replaces ``search_for`` in the given ``string`` with ``replace_with``.</doc>
<arguments>
<arg>${data_format}</arg>
<arg>[D${i}]</arg>
<arg>${value_temp}</arg>
</arguments>
<assign>
<var>${data_format}</var>
</assign>
<msg timestamp="20220116 15:33:24.757" level="INFO">${data_format} = {"allowance":{"Id":"Null","Name":"[D1]","Type":[D2],"Value":[D3],"ValueRatio":0,"IsChecked":true}}</msg>
<status status="PASS" starttime="20220116 15:33:24.757" endtime="20220116 15:33:24.757"></status>
</kw>
<status status="PASS" starttime="20220116 15:33:24.756" endtime="20220116 15:33:24.757"></status>
</kw>
<kw name="${i} = 1" type="foritem">
<kw name="Get From List" library="Collections">
<doc>Returns the value specified with an ``index`` from ``list``.</doc>
<arguments>
<arg>${list_format}</arg>
<arg>${i}</arg>
</arguments>
<assign>
<var>${value_temp}</var>
</assign>
<msg timestamp="20220116 15:33:24.758" level="INFO">${value_temp} = hQCC</msg>
<status status="PASS" starttime="20220116 15:33:24.758" endtime="20220116 15:33:24.758"></status>
</kw>
<kw name="Convert To String" library="BuiltIn">
<doc>Converts the given item to a Unicode string.</doc>
<arguments>
<arg>${value_temp}</arg>
</arguments>
<assign>
<var>${value_temp}</var>
</assign>
<msg timestamp="20220116 15:33:24.758" level="INFO">${value_temp} = hQCC</msg>
<status status="PASS" starttime="20220116 15:33:24.758" endtime="20220116 15:33:24.758"></status>
</kw>
<kw name="Replace String" library="String">
<doc>Replaces ``search_for`` in the given ``string`` with ``replace_with``.</doc>
<arguments>
<arg>${data_format}</arg>
<arg>[D${i}]</arg>
<arg>${value_temp}</arg>
</arguments>
<assign>
<var>${data_format}</var>
</assign>
<msg timestamp="20220116 15:33:24.758" level="INFO">${data_format} = {"allowance":{"Id":"Null","Name":"hQCC","Type":[D2],"Value":[D3],"ValueRatio":0,"IsChecked":true}}</msg>
<status status="PASS" starttime="20220116 15:33:24.758" endtime="20220116 15:33:24.758"></status>
</kw>
<status status="PASS" starttime="20220116 15:33:24.757" endtime="20220116 15:33:24.758"></status>
</kw>
<kw name="${i} = 2" type="foritem">
<kw name="Get From List" library="Collections">
<doc>Returns the value specified with an ``index`` from ``list``.</doc>
<arguments>
<arg>${list_format}</arg>
<arg>${i}</arg>
</arguments>
<assign>
<var>${value_temp}</var>
</assign>
<msg timestamp="20220116 15:33:24.759" level="INFO">${value_temp} = 1</msg>
<status status="PASS" starttime="20220116 15:33:24.759" endtime="20220116 15:33:24.759"></status>
</kw>
<kw name="Convert To String" library="BuiltIn">
<doc>Converts the given item to a Unicode string.</doc>
<arguments>
<arg>${value_temp}</arg>
</arguments>
<assign>
<var>${value_temp}</var>
</assign>
<msg timestamp="20220116 15:33:24.759" level="INFO">${value_temp} = 1</msg>
<status status="PASS" starttime="20220116 15:33:24.759" endtime="20220116 15:33:24.759"></status>
</kw>
<kw name="Replace String" library="String">
<doc>Replaces ``search_for`` in the given ``string`` with ``replace_with``.</doc>
<arguments>
<arg>${data_format}</arg>
<arg>[D${i}]</arg>
<arg>${value_temp}</arg>
</arguments>
<assign>
<var>${data_format}</var>
</assign>
<msg timestamp="20220116 15:33:24.759" level="INFO">${data_format} = {"allowance":{"Id":"Null","Name":"hQCC","Type":1,"Value":[D3],"ValueRatio":0,"IsChecked":true}}</msg>
<status status="PASS" starttime="20220116 15:33:24.759" endtime="20220116 15:33:24.759"></status>
</kw>
<status status="PASS" starttime="20220116 15:33:24.758" endtime="20220116 15:33:24.759"></status>
</kw>
<kw name="${i} = 3" type="foritem">
<kw name="Get From List" library="Collections">
<doc>Returns the value specified with an ``index`` from ``list``.</doc>
<arguments>
<arg>${list_format}</arg>
<arg>${i}</arg>
</arguments>
<assign>
<var>${value_temp}</var>
</assign>
<msg timestamp="20220116 15:33:24.760" level="INFO">${value_temp} = 20000</msg>
<status status="PASS" starttime="20220116 15:33:24.760" endtime="20220116 15:33:24.760"></status>
</kw>
<kw name="Convert To String" library="BuiltIn">
<doc>Converts the given item to a Unicode string.</doc>
<arguments>
<arg>${value_temp}</arg>
</arguments>
<assign>
<var>${value_temp}</var>
</assign>
<msg timestamp="20220116 15:33:24.760" level="INFO">${value_temp} = 20000</msg>
<status status="PASS" starttime="20220116 15:33:24.760" endtime="20220116 15:33:24.760"></status>
</kw>
<kw name="Replace String" library="String">
<doc>Replaces ``search_for`` in the given ``string`` with ``replace_with``.</doc>
<arguments>
<arg>${data_format}</arg>
<arg>[D${i}]</arg>
<arg>${value_temp}</arg>
</arguments>
<assign>
<var>${data_format}</var>
</assign>
<msg timestamp="20220116 15:33:24.760" level="INFO">${data_format} = {"allowance":{"Id":"Null","Name":"hQCC","Type":1,"Value":20000,"ValueRatio":0,"IsChecked":true}}</msg>
<status status="PASS" starttime="20220116 15:33:24.760" endtime="20220116 15:33:24.760"></status>
</kw>
<status status="PASS" starttime="20220116 15:33:24.759" endtime="20220116 15:33:24.760"></status>
</kw>
<status status="PASS" starttime="20220116 15:33:24.756" endtime="20220116 15:33:24.760"></status>
</kw>
<kw name="Return From Keyword" library="BuiltIn">
<doc>Returns from the enclosing user keyword.</doc>
<arguments>
<arg>${data_format}</arg>
</arguments>
<msg timestamp="20220116 15:33:24.761" level="INFO">Returning from the enclosing user keyword.</msg>
<status status="PASS" starttime="20220116 15:33:24.761" endtime="20220116 15:33:24.761"></status>
</kw>
<msg timestamp="20220116 15:33:24.761" level="INFO">${data_allowance} = {"allowance":{"Id":"Null","Name":"hQCC","Type":1,"Value":20000,"ValueRatio":0,"IsChecked":true}}</msg>
<status status="PASS" starttime="20220116 15:33:24.755" endtime="20220116 15:33:24.761"></status>
</kw>
<kw name="Post Request Json KV" library="share">
<arguments>
<arg>${session}</arg>
<arg>${enp_allowance}</arg>
<arg>${data_allowance}</arg>
<arg>200</arg>
</arguments>
<assign>
<var>${resp}</var>
</assign>
<kw name="Post Request" library="RequestsLibrary">
<doc>Send a POST request on the session object found using the</doc>
<arguments>
<arg>${session}</arg>
<arg>${endpoint}</arg>
<arg>headers=${header}</arg>
<arg>data=${data_func}</arg>
</arguments>
<assign>
<var>${resp}</var>
</assign>
<msg timestamp="20220116 15:33:25.022" level="INFO">Post Request using : alias=session, uri=/allowance, data={"allowance":{"Id":"Null","Name":"hQCC","Type":1,"Value":20000,"ValueRatio":0,"IsChecked":true}}, headers={'retailer': 'auto12', 'Content-Type': 'application/json;charset=utf-8', 'branchid': '181235', 'Authorization': 'Bearer eyJ0eXAiOiJKV1QiLCJhbGciOiJSUzI1NiIsImtpZCI6IndYYSJ9.eyJpc3MiOiJrdnNzand0Iiwic3ViIjo0Mzg2ODAsImlhdCI6MTY0MjMyMjAwNCwiZXhwIjoxNjQ0NzQxMjA0LCJwcmVmZXJyZWRfdXNlcm5hbWUiOiJhZG1pbiIsInJvbGVzIjpbIlVzZXIiXSwia3ZzZXMiOiJlODk4YzIyYTU2NmI0MjJkODQwZjc1ZjU4YmY2Y2VhYSIsImt2dWlkIjo0Mzg2ODAsImt2bGFuZyI6InZpLVZOIiwia3Z1dHlwZSI6MCwia3Z1bGltaXQiOiJGYWxzZSIsImt2dWFkbWluIjoiVHJ1ZSIsImt2dWFjdCI6IlRydWUiLCJrdnVsaW1pdHRyYW5zIjoiRmFsc2UiLCJrdnVzaG93c3VtIjoiVHJ1ZSIsImt2YmlkIjoxODEyMzUsImt2cmluZGlkIjoxMCwia3ZyY29kZSI6ImF1dG8xMiIsImt2cmlkIjozMzk3NTgsImt2dXJpZCI6MzM5NzU4LCJrdnJnaWQiOjEyLCJwZXJtcyI6IiJ9.PDDfFPbCrjWHOycADbSM8NYI3VY1uTvxQ9da028EvDBud1d8hSePb-1E4VQWqbfVPfwtcTBNA4Ss0vHinLaSxunQZy-VgG7lzKi9gXM2AH3UqN3Qzwv-xalnQtJuhk0_uGvXTOkS2z7rEFmXImxbgvmqOENpBXNbUXlZmZKLNIitXrVkX_9vihBDdukKMzyTnF3pHckDdrAslhzCizw_S13zfhjh1a1eoFxjnVuaLciWsEQzrY7mpytPFR9WvBjuvbVu6mxm2mX-LQ-R61QVdjzDPT7FxryaueJvHbhkJX1hJaYc5rKhA2H2IasmCPtiaHd-tZU7NGUfYUJmeHDROg'}, files=None, allow_redirects=True </msg>
<msg timestamp="20220116 15:33:25.022" level="INFO">C:\Users\phuoc\AppData\Local\Programs\Python\Python38\lib\site-packages\urllib3\connectionpool.py:1013: InsecureRequestWarning: Unverified HTTPS request is being made to host 'api-timesheet.kiotviet.vn'. Adding certificate verification is strongly advised. See: https://urllib3.readthedocs.io/en/1.26.x/advanced-usage.html#ssl-warnings
  warnings.warn(</msg>
<msg timestamp="20220116 15:33:25.022" level="INFO">${resp} = &lt;Response [200]&gt;</msg>
<status status="PASS" starttime="20220116 15:33:24.761" endtime="20220116 15:33:25.022"></status>
</kw>
<kw name="Should Be Equal As Strings" library="BuiltIn">
<doc>Fails if objects are unequal after converting them to strings.</doc>
<arguments>
<arg>${resp.status_code}</arg>
<arg>${expected_status_code}</arg>
</arguments>
<msg timestamp="20220116 15:33:25.023" level="INFO">Argument types are:
&lt;class 'int'&gt;
&lt;type 'unicode'&gt;</msg>
<status status="PASS" starttime="20220116 15:33:25.022" endtime="20220116 15:33:25.023"></status>
</kw>
<kw name="Return From Keyword" library="BuiltIn">
<doc>Returns from the enclosing user keyword.</doc>
<arguments>
<arg>${resp.json()}</arg>
</arguments>
<msg timestamp="20220116 15:33:25.023" level="INFO">Returning from the enclosing user keyword.</msg>
<status status="PASS" starttime="20220116 15:33:25.023" endtime="20220116 15:33:25.023"></status>
</kw>
<msg timestamp="20220116 15:33:25.023" level="INFO">${resp} = {'result': {'id': 140000000104635, 'name': 'hQCC', 'tenantId': 339758, 'code': 'PC000004', 'isDeleted': False, 'value': 20000, 'valueRatio': 0, 'isChecked': True, 'type': 1, 'rank': 0}, 'message': ''}</msg>
<status status="PASS" starttime="20220116 15:33:24.761" endtime="20220116 15:33:25.024"></status>
</kw>
<kw name="Get Value From Json KV" library="share">
<arguments>
<arg>${resp}</arg>
<arg>$.result.id</arg>
</arguments>
<assign>
<var>${id_allowance}</var>
</assign>
<kw name="Get Value From Json" library="JSONLibrary">
<doc>Get Value From JSON using JSONPath</doc>
<arguments>
<arg>${resp_json}</arg>
<arg>${json_path}</arg>
</arguments>
<assign>
<var>${result}</var>
</assign>
<msg timestamp="20220116 15:33:25.052" level="INFO">${result} = [140000000104635]</msg>
<status status="PASS" starttime="20220116 15:33:25.024" endtime="20220116 15:33:25.052"></status>
</kw>
<kw name="Get Length" library="BuiltIn">
<doc>Returns and logs the length of the given item as an integer.</doc>
<arguments>
<arg>${result}</arg>
</arguments>
<assign>
<var>${lenght}</var>
</assign>
<msg timestamp="20220116 15:33:25.053" level="INFO">Length is 1</msg>
<msg timestamp="20220116 15:33:25.053" level="INFO">${lenght} = 1</msg>
<status status="PASS" starttime="20220116 15:33:25.053" endtime="20220116 15:33:25.053"></status>
</kw>
<kw name="Get From List" library="Collections">
<doc>Returns the value specified with an ``index`` from ``list``.</doc>
<arguments>
<arg>${result}</arg>
<arg>0</arg>
</arguments>
<assign>
<var>${result}</var>
</assign>
<msg timestamp="20220116 15:33:25.053" level="INFO">${result} = 140000000104635</msg>
<status status="PASS" starttime="20220116 15:33:25.053" endtime="20220116 15:33:25.053"></status>
</kw>
<kw name="Run Keyword If" library="BuiltIn">
<doc>Runs the given keyword with the given arguments, if ``condition`` is true.</doc>
<arguments>
<arg>${lenght}==0</arg>
<arg>Return From Keyword</arg>
<arg>${0}</arg>
<arg>ELSE</arg>
<arg>Return From Keyword</arg>
<arg>${result}</arg>
</arguments>
<kw name="Return From Keyword" library="BuiltIn">
<doc>Returns from the enclosing user keyword.</doc>
<arguments>
<arg>${result}</arg>
</arguments>
<msg timestamp="20220116 15:33:25.054" level="INFO">Returning from the enclosing user keyword.</msg>
<status status="PASS" starttime="20220116 15:33:25.054" endtime="20220116 15:33:25.054"></status>
</kw>
<status status="PASS" starttime="20220116 15:33:25.053" endtime="20220116 15:33:25.054"></status>
</kw>
<msg timestamp="20220116 15:33:25.054" level="INFO">${id_allowance} = 140000000104635</msg>
<status status="PASS" starttime="20220116 15:33:25.024" endtime="20220116 15:33:25.054"></status>
</kw>
<kw name="Set Global Variable" library="BuiltIn">
<doc>Makes a variable available globally in all tests and suites.</doc>
<arguments>
<arg>${id_allowance}</arg>
<arg>${id_allowance}</arg>
</arguments>
<msg timestamp="20220116 15:33:25.054" level="INFO">${id_allowance} = 140000000104635</msg>
<status status="PASS" starttime="20220116 15:33:25.054" endtime="20220116 15:33:25.054"></status>
</kw>
<doc>Thêm mới phụ cấp</doc>
<tags>
<tag>all</tag>
<tag>allowance</tag>
<tag>payrate</tag>
</tags>
<status status="PASS" starttime="20220116 15:33:24.754" endtime="20220116 15:33:25.054" critical="yes"></status>
</test>
<test id="s1-s1-t2" name="Create duplicate allowance">
<kw name="Get value in list KV" library="share">
<arguments>
<arg>${enp_allowance}</arg>
<arg>$.result.data..name</arg>
</arguments>
<assign>
<var>${name}</var>
</assign>
<kw name="Get Request" library="RequestsLibrary">
<doc>Send a GET request on the session object found using the</doc>
<arguments>
<arg>${session}</arg>
<arg>${enpoint}</arg>
</arguments>
<assign>
<var>${resp}</var>
</assign>
<msg timestamp="20220116 15:33:25.112" level="INFO">Get Request using : alias=session, uri=/allowance, headers=None json=None</msg>
<msg timestamp="20220116 15:33:25.113" level="INFO">C:\Users\phuoc\AppData\Local\Programs\Python\Python38\lib\site-packages\urllib3\connectionpool.py:1013: InsecureRequestWarning: Unverified HTTPS request is being made to host 'api-timesheet.kiotviet.vn'. Adding certificate verification is strongly advised. See: https://urllib3.readthedocs.io/en/1.26.x/advanced-usage.html#ssl-warnings
  warnings.warn(</msg>
<msg timestamp="20220116 15:33:25.113" level="INFO">${resp} = &lt;Response [200]&gt;</msg>
<status status="PASS" starttime="20220116 15:33:25.055" endtime="20220116 15:33:25.113"></status>
</kw>
<kw name="Log" library="BuiltIn">
<doc>Logs the given message with the given level.</doc>
<arguments>
<arg>${resp.json()}</arg>
</arguments>
<msg timestamp="20220116 15:33:25.115" level="INFO">{'result': {'total': 4, 'data': [{'id': 60000000013123, 'name': 'Xăng xe', 'tenantId': 339758, 'code': 'PC000002', 'isDeleted': False, 'value': 0, 'valueRatio': 0, 'isChecked': False, 'rank': 0}, {'id': 60000000013124, 'name': 'Độc hại', 'tenantId': 339758, 'code': 'PC000003', 'isDeleted': False, 'value': 0, 'valueRatio': 0, 'isChecked': False, 'rank': 0}, {'id': 60000000013310, 'name': 'Ăn trưa', 'tenantId': 339758, 'code': 'PC000001', 'isDeleted': False, 'value': 0, 'valueRatio': 0, 'isChecked': False, 'rank': 0}, {'id': 140000000104635, 'name': 'hQCC', 'tenantId': 339758, 'code': 'PC000004', 'isDeleted': False, 'value': 20000, 'valueRatio': 0, 'isChecked': True, 'type': 1, 'rank': 0}]}, 'message': ''}</msg>
<status status="PASS" starttime="20220116 15:33:25.114" endtime="20220116 15:33:25.115"></status>
</kw>
<kw name="Get Value From Json" library="JSONLibrary">
<doc>Get Value From JSON using JSONPath</doc>
<arguments>
<arg>${resp.json()}</arg>
<arg>${json_path}</arg>
</arguments>
<assign>
<var>${list}</var>
</assign>
<msg timestamp="20220116 15:33:25.167" level="INFO">${list} = ['Xăng xe', 'Độc hại', 'Ăn trưa', 'hQCC']</msg>
<status status="PASS" starttime="20220116 15:33:25.115" endtime="20220116 15:33:25.167"></status>
</kw>
<kw name="Evaluate" library="BuiltIn">
<doc>Evaluates the given expression in Python and returns the results.</doc>
<arguments>
<arg>random.choice($list)</arg>
<arg>random</arg>
</arguments>
<assign>
<var>${value}</var>
</assign>
<msg timestamp="20220116 15:33:25.171" level="INFO">${value} = Xăng xe</msg>
<status status="PASS" starttime="20220116 15:33:25.168" endtime="20220116 15:33:25.171"></status>
</kw>
<kw name="Return From Keyword" library="BuiltIn">
<doc>Returns from the enclosing user keyword.</doc>
<arguments>
<arg>${value}</arg>
</arguments>
<msg timestamp="20220116 15:33:25.172" level="INFO">Returning from the enclosing user keyword.</msg>
<status status="PASS" starttime="20220116 15:33:25.171" endtime="20220116 15:33:25.172"></status>
</kw>
<msg timestamp="20220116 15:33:25.172" level="INFO">${name} = Xăng xe</msg>
<status status="PASS" starttime="20220116 15:33:25.055" endtime="20220116 15:33:25.172"></status>
</kw>
<kw name="Create List" library="BuiltIn">
<doc>Returns a list containing given items.</doc>
<arguments>
<arg>Null</arg>
<arg>${name}</arg>
<arg>0</arg>
<arg>10000</arg>
</arguments>
<assign>
<var>${list_format}</var>
</assign>
<msg timestamp="20220116 15:33:25.172" level="INFO">${list_format} = ['Null', 'Xăng xe', '0', '10000']</msg>
<status status="PASS" starttime="20220116 15:33:25.172" endtime="20220116 15:33:25.172"></status>
</kw>
<kw name="Format String Use [D0] [D1] [D2]" library="share">
<arguments>
<arg>${data_allowance}</arg>
<arg>${list_format}</arg>
</arguments>
<assign>
<var>${data_allowance}</var>
</assign>
<kw name="Get Length" library="BuiltIn">
<doc>Returns and logs the length of the given item as an integer.</doc>
<arguments>
<arg>${list_format}</arg>
</arguments>
<assign>
<var>${length}</var>
</assign>
<msg timestamp="20220116 15:33:25.173" level="INFO">Length is 4</msg>
<msg timestamp="20220116 15:33:25.173" level="INFO">${length} = 4</msg>
<status status="PASS" starttime="20220116 15:33:25.173" endtime="20220116 15:33:25.173"></status>
</kw>
<kw name="${i} IN RANGE [ ${length} ]" type="for">
<kw name="${i} = 0" type="foritem">
<kw name="Get From List" library="Collections">
<doc>Returns the value specified with an ``index`` from ``list``.</doc>
<arguments>
<arg>${list_format}</arg>
<arg>${i}</arg>
</arguments>
<assign>
<var>${value_temp}</var>
</assign>
<msg timestamp="20220116 15:33:25.173" level="INFO">${value_temp} = Null</msg>
<status status="PASS" starttime="20220116 15:33:25.173" endtime="20220116 15:33:25.173"></status>
</kw>
<kw name="Convert To String" library="BuiltIn">
<doc>Converts the given item to a Unicode string.</doc>
<arguments>
<arg>${value_temp}</arg>
</arguments>
<assign>
<var>${value_temp}</var>
</assign>
<msg timestamp="20220116 15:33:25.174" level="INFO">${value_temp} = Null</msg>
<status status="PASS" starttime="20220116 15:33:25.173" endtime="20220116 15:33:25.174"></status>
</kw>
<kw name="Replace String" library="String">
<doc>Replaces ``search_for`` in the given ``string`` with ``replace_with``.</doc>
<arguments>
<arg>${data_format}</arg>
<arg>[D${i}]</arg>
<arg>${value_temp}</arg>
</arguments>
<assign>
<var>${data_format}</var>
</assign>
<msg timestamp="20220116 15:33:25.174" level="INFO">${data_format} = {"allowance":{"Id":"Null","Name":"[D1]","Type":[D2],"Value":[D3],"ValueRatio":0,"IsChecked":true}}</msg>
<status status="PASS" starttime="20220116 15:33:25.174" endtime="20220116 15:33:25.174"></status>
</kw>
<status status="PASS" starttime="20220116 15:33:25.173" endtime="20220116 15:33:25.174"></status>
</kw>
<kw name="${i} = 1" type="foritem">
<kw name="Get From List" library="Collections">
<doc>Returns the value specified with an ``index`` from ``list``.</doc>
<arguments>
<arg>${list_format}</arg>
<arg>${i}</arg>
</arguments>
<assign>
<var>${value_temp}</var>
</assign>
<msg timestamp="20220116 15:33:25.174" level="INFO">${value_temp} = Xăng xe</msg>
<status status="PASS" starttime="20220116 15:33:25.174" endtime="20220116 15:33:25.174"></status>
</kw>
<kw name="Convert To String" library="BuiltIn">
<doc>Converts the given item to a Unicode string.</doc>
<arguments>
<arg>${value_temp}</arg>
</arguments>
<assign>
<var>${value_temp}</var>
</assign>
<msg timestamp="20220116 15:33:25.175" level="INFO">${value_temp} = Xăng xe</msg>
<status status="PASS" starttime="20220116 15:33:25.174" endtime="20220116 15:33:25.175"></status>
</kw>
<kw name="Replace String" library="String">
<doc>Replaces ``search_for`` in the given ``string`` with ``replace_with``.</doc>
<arguments>
<arg>${data_format}</arg>
<arg>[D${i}]</arg>
<arg>${value_temp}</arg>
</arguments>
<assign>
<var>${data_format}</var>
</assign>
<msg timestamp="20220116 15:33:25.175" level="INFO">${data_format} = {"allowance":{"Id":"Null","Name":"Xăng xe","Type":[D2],"Value":[D3],"ValueRatio":0,"IsChecked":true}}</msg>
<status status="PASS" starttime="20220116 15:33:25.175" endtime="20220116 15:33:25.175"></status>
</kw>
<status status="PASS" starttime="20220116 15:33:25.174" endtime="20220116 15:33:25.175"></status>
</kw>
<kw name="${i} = 2" type="foritem">
<kw name="Get From List" library="Collections">
<doc>Returns the value specified with an ``index`` from ``list``.</doc>
<arguments>
<arg>${list_format}</arg>
<arg>${i}</arg>
</arguments>
<assign>
<var>${value_temp}</var>
</assign>
<msg timestamp="20220116 15:33:25.175" level="INFO">${value_temp} = 0</msg>
<status status="PASS" starttime="20220116 15:33:25.175" endtime="20220116 15:33:25.175"></status>
</kw>
<kw name="Convert To String" library="BuiltIn">
<doc>Converts the given item to a Unicode string.</doc>
<arguments>
<arg>${value_temp}</arg>
</arguments>
<assign>
<var>${value_temp}</var>
</assign>
<msg timestamp="20220116 15:33:25.176" level="INFO">${value_temp} = 0</msg>
<status status="PASS" starttime="20220116 15:33:25.175" endtime="20220116 15:33:25.176"></status>
</kw>
<kw name="Replace String" library="String">
<doc>Replaces ``search_for`` in the given ``string`` with ``replace_with``.</doc>
<arguments>
<arg>${data_format}</arg>
<arg>[D${i}]</arg>
<arg>${value_temp}</arg>
</arguments>
<assign>
<var>${data_format}</var>
</assign>
<msg timestamp="20220116 15:33:25.176" level="INFO">${data_format} = {"allowance":{"Id":"Null","Name":"Xăng xe","Type":0,"Value":[D3],"ValueRatio":0,"IsChecked":true}}</msg>
<status status="PASS" starttime="20220116 15:33:25.176" endtime="20220116 15:33:25.176"></status>
</kw>
<status status="PASS" starttime="20220116 15:33:25.175" endtime="20220116 15:33:25.176"></status>
</kw>
<kw name="${i} = 3" type="foritem">
<kw name="Get From List" library="Collections">
<doc>Returns the value specified with an ``index`` from ``list``.</doc>
<arguments>
<arg>${list_format}</arg>
<arg>${i}</arg>
</arguments>
<assign>
<var>${value_temp}</var>
</assign>
<msg timestamp="20220116 15:33:25.176" level="INFO">${value_temp} = 10000</msg>
<status status="PASS" starttime="20220116 15:33:25.176" endtime="20220116 15:33:25.176"></status>
</kw>
<kw name="Convert To String" library="BuiltIn">
<doc>Converts the given item to a Unicode string.</doc>
<arguments>
<arg>${value_temp}</arg>
</arguments>
<assign>
<var>${value_temp}</var>
</assign>
<msg timestamp="20220116 15:33:25.177" level="INFO">${value_temp} = 10000</msg>
<status status="PASS" starttime="20220116 15:33:25.176" endtime="20220116 15:33:25.177"></status>
</kw>
<kw name="Replace String" library="String">
<doc>Replaces ``search_for`` in the given ``string`` with ``replace_with``.</doc>
<arguments>
<arg>${data_format}</arg>
<arg>[D${i}]</arg>
<arg>${value_temp}</arg>
</arguments>
<assign>
<var>${data_format}</var>
</assign>
<msg timestamp="20220116 15:33:25.177" level="INFO">${data_format} = {"allowance":{"Id":"Null","Name":"Xăng xe","Type":0,"Value":10000,"ValueRatio":0,"IsChecked":true}}</msg>
<status status="PASS" starttime="20220116 15:33:25.177" endtime="20220116 15:33:25.177"></status>
</kw>
<status status="PASS" starttime="20220116 15:33:25.176" endtime="20220116 15:33:25.177"></status>
</kw>
<status status="PASS" starttime="20220116 15:33:25.173" endtime="20220116 15:33:25.177"></status>
</kw>
<kw name="Return From Keyword" library="BuiltIn">
<doc>Returns from the enclosing user keyword.</doc>
<arguments>
<arg>${data_format}</arg>
</arguments>
<msg timestamp="20220116 15:33:25.177" level="INFO">Returning from the enclosing user keyword.</msg>
<status status="PASS" starttime="20220116 15:33:25.177" endtime="20220116 15:33:25.177"></status>
</kw>
<msg timestamp="20220116 15:33:25.177" level="INFO">${data_allowance} = {"allowance":{"Id":"Null","Name":"Xăng xe","Type":0,"Value":10000,"ValueRatio":0,"IsChecked":true}}</msg>
<status status="PASS" starttime="20220116 15:33:25.172" endtime="20220116 15:33:25.177"></status>
</kw>
<kw name="Create value duplicate_empty" library="share">
<arguments>
<arg>${enp_allowance}</arg>
<arg>${data_allowance}</arg>
<arg>Tên phụ cấp đã tồn tại trên hệ thống</arg>
</arguments>
<assign>
<var>${resp}</var>
</assign>
<kw name="Post Request Json KV" library="share">
<arguments>
<arg>${session}</arg>
<arg>${endpoint}</arg>
<arg>${data}</arg>
<arg>400</arg>
</arguments>
<assign>
<var>${resp}</var>
</assign>
<kw name="Post Request" library="RequestsLibrary">
<doc>Send a POST request on the session object found using the</doc>
<arguments>
<arg>${session}</arg>
<arg>${endpoint}</arg>
<arg>headers=${header}</arg>
<arg>data=${data_func}</arg>
</arguments>
<assign>
<var>${resp}</var>
</assign>
<msg timestamp="20220116 15:33:25.251" level="INFO">Post Request using : alias=session, uri=/allowance, data={"allowance":{"Id":"Null","Name":"Xăng xe","Type":0,"Value":10000,"ValueRatio":0,"IsChecked":true}}, headers={'retailer': 'auto12', 'Content-Type': 'application/json;charset=utf-8', 'branchid': '181235', 'Authorization': 'Bearer eyJ0eXAiOiJKV1QiLCJhbGciOiJSUzI1NiIsImtpZCI6IndYYSJ9.eyJpc3MiOiJrdnNzand0Iiwic3ViIjo0Mzg2ODAsImlhdCI6MTY0MjMyMjAwNCwiZXhwIjoxNjQ0NzQxMjA0LCJwcmVmZXJyZWRfdXNlcm5hbWUiOiJhZG1pbiIsInJvbGVzIjpbIlVzZXIiXSwia3ZzZXMiOiJlODk4YzIyYTU2NmI0MjJkODQwZjc1ZjU4YmY2Y2VhYSIsImt2dWlkIjo0Mzg2ODAsImt2bGFuZyI6InZpLVZOIiwia3Z1dHlwZSI6MCwia3Z1bGltaXQiOiJGYWxzZSIsImt2dWFkbWluIjoiVHJ1ZSIsImt2dWFjdCI6IlRydWUiLCJrdnVsaW1pdHRyYW5zIjoiRmFsc2UiLCJrdnVzaG93c3VtIjoiVHJ1ZSIsImt2YmlkIjoxODEyMzUsImt2cmluZGlkIjoxMCwia3ZyY29kZSI6ImF1dG8xMiIsImt2cmlkIjozMzk3NTgsImt2dXJpZCI6MzM5NzU4LCJrdnJnaWQiOjEyLCJwZXJtcyI6IiJ9.PDDfFPbCrjWHOycADbSM8NYI3VY1uTvxQ9da028EvDBud1d8hSePb-1E4VQWqbfVPfwtcTBNA4Ss0vHinLaSxunQZy-VgG7lzKi9gXM2AH3UqN3Qzwv-xalnQtJuhk0_uGvXTOkS2z7rEFmXImxbgvmqOENpBXNbUXlZmZKLNIitXrVkX_9vihBDdukKMzyTnF3pHckDdrAslhzCizw_S13zfhjh1a1eoFxjnVuaLciWsEQzrY7mpytPFR9WvBjuvbVu6mxm2mX-LQ-R61QVdjzDPT7FxryaueJvHbhkJX1hJaYc5rKhA2H2IasmCPtiaHd-tZU7NGUfYUJmeHDROg'}, files=None, allow_redirects=True </msg>
<msg timestamp="20220116 15:33:25.251" level="INFO">C:\Users\phuoc\AppData\Local\Programs\Python\Python38\lib\site-packages\urllib3\connectionpool.py:1013: InsecureRequestWarning: Unverified HTTPS request is being made to host 'api-timesheet.kiotviet.vn'. Adding certificate verification is strongly advised. See: https://urllib3.readthedocs.io/en/1.26.x/advanced-usage.html#ssl-warnings
  warnings.warn(</msg>
<msg timestamp="20220116 15:33:25.252" level="INFO">${resp} = &lt;Response [400]&gt;</msg>
<status status="PASS" starttime="20220116 15:33:25.178" endtime="20220116 15:33:25.252"></status>
</kw>
<kw name="Should Be Equal As Strings" library="BuiltIn">
<doc>Fails if objects are unequal after converting them to strings.</doc>
<arguments>
<arg>${resp.status_code}</arg>
<arg>${expected_status_code}</arg>
</arguments>
<msg timestamp="20220116 15:33:25.252" level="INFO">Argument types are:
&lt;class 'int'&gt;
&lt;type 'unicode'&gt;</msg>
<status status="PASS" starttime="20220116 15:33:25.252" endtime="20220116 15:33:25.252"></status>
</kw>
<kw name="Return From Keyword" library="BuiltIn">
<doc>Returns from the enclosing user keyword.</doc>
<arguments>
<arg>${resp.json()}</arg>
</arguments>
<msg timestamp="20220116 15:33:25.252" level="INFO">Returning from the enclosing user keyword.</msg>
<status status="PASS" starttime="20220116 15:33:25.252" endtime="20220116 15:33:25.252"></status>
</kw>
<msg timestamp="20220116 15:33:25.253" level="INFO">${resp} = {'message': 'Tên phụ cấp đã tồn tại trên hệ thống', 'errors': [{'message': 'Tên phụ cấp đã tồn tại trên hệ thống'}]}</msg>
<status status="PASS" starttime="20220116 15:33:25.178" endtime="20220116 15:33:25.253"></status>
</kw>
<kw name="Get Value From Json KV" library="share">
<arguments>
<arg>${resp}</arg>
<arg>$.errors..message</arg>
</arguments>
<assign>
<var>${mess_err}</var>
</assign>
<kw name="Get Value From Json" library="JSONLibrary">
<doc>Get Value From JSON using JSONPath</doc>
<arguments>
<arg>${resp_json}</arg>
<arg>${json_path}</arg>
</arguments>
<assign>
<var>${result}</var>
</assign>
<msg timestamp="20220116 15:33:25.285" level="INFO">${result} = ['Tên phụ cấp đã tồn tại trên hệ thống']</msg>
<status status="PASS" starttime="20220116 15:33:25.253" endtime="20220116 15:33:25.285"></status>
</kw>
<kw name="Get Length" library="BuiltIn">
<doc>Returns and logs the length of the given item as an integer.</doc>
<arguments>
<arg>${result}</arg>
</arguments>
<assign>
<var>${lenght}</var>
</assign>
<msg timestamp="20220116 15:33:25.285" level="INFO">Length is 1</msg>
<msg timestamp="20220116 15:33:25.285" level="INFO">${lenght} = 1</msg>
<status status="PASS" starttime="20220116 15:33:25.285" endtime="20220116 15:33:25.285"></status>
</kw>
<kw name="Get From List" library="Collections">
<doc>Returns the value specified with an ``index`` from ``list``.</doc>
<arguments>
<arg>${result}</arg>
<arg>0</arg>
</arguments>
<assign>
<var>${result}</var>
</assign>
<msg timestamp="20220116 15:33:25.285" level="INFO">${result} = Tên phụ cấp đã tồn tại trên hệ thống</msg>
<status status="PASS" starttime="20220116 15:33:25.285" endtime="20220116 15:33:25.285"></status>
</kw>
<kw name="Run Keyword If" library="BuiltIn">
<doc>Runs the given keyword with the given arguments, if ``condition`` is true.</doc>
<arguments>
<arg>${lenght}==0</arg>
<arg>Return From Keyword</arg>
<arg>${0}</arg>
<arg>ELSE</arg>
<arg>Return From Keyword</arg>
<arg>${result}</arg>
</arguments>
<kw name="Return From Keyword" library="BuiltIn">
<doc>Returns from the enclosing user keyword.</doc>
<arguments>
<arg>${result}</arg>
</arguments>
<msg timestamp="20220116 15:33:25.285" level="INFO">Returning from the enclosing user keyword.</msg>
<status status="PASS" starttime="20220116 15:33:25.285" endtime="20220116 15:33:25.285"></status>
</kw>
<status status="PASS" starttime="20220116 15:33:25.285" endtime="20220116 15:33:25.285"></status>
</kw>
<msg timestamp="20220116 15:33:25.285" level="INFO">${mess_err} = Tên phụ cấp đã tồn tại trên hệ thống</msg>
<status status="PASS" starttime="20220116 15:33:25.253" endtime="20220116 15:33:25.285"></status>
</kw>
<kw name="Should Be Equal" library="BuiltIn">
<doc>Fails if the given objects are unequal.</doc>
<arguments>
<arg>${mess_err}</arg>
<arg>${mess_err_expected}</arg>
</arguments>
<status status="PASS" starttime="20220116 15:33:25.285" endtime="20220116 15:33:25.285"></status>
</kw>
<msg timestamp="20220116 15:33:25.285" level="INFO">${resp} = None</msg>
<status status="PASS" starttime="20220116 15:33:25.177" endtime="20220116 15:33:25.285"></status>
</kw>
<doc>Thêm mới phụ cấp trùng tên</doc>
<tags>
<tag>all</tag>
<tag>allowance</tag>
</tags>
<status status="PASS" starttime="20220116 15:33:25.055" endtime="20220116 15:33:25.285" critical="yes"></status>
</test>
<test id="s1-s1-t3" name="Create empty allowance">
<kw name="Create List" library="BuiltIn">
<doc>Returns a list containing given items.</doc>
<arguments>
<arg>Null</arg>
<arg>\ \</arg>
<arg>0</arg>
<arg>10000</arg>
</arguments>
<assign>
<var>${list_format}</var>
</assign>
<msg timestamp="20220116 15:33:25.285" level="INFO">${list_format} = ['Null', ' ', '0', '10000']</msg>
<status status="PASS" starttime="20220116 15:33:25.285" endtime="20220116 15:33:25.285"></status>
</kw>
<kw name="Format String Use [D0] [D1] [D2]" library="share">
<arguments>
<arg>${data_allowance}</arg>
<arg>${list_format}</arg>
</arguments>
<assign>
<var>${data_allowance}</var>
</assign>
<kw name="Get Length" library="BuiltIn">
<doc>Returns and logs the length of the given item as an integer.</doc>
<arguments>
<arg>${list_format}</arg>
</arguments>
<assign>
<var>${length}</var>
</assign>
<msg timestamp="20220116 15:33:25.285" level="INFO">Length is 4</msg>
<msg timestamp="20220116 15:33:25.285" level="INFO">${length} = 4</msg>
<status status="PASS" starttime="20220116 15:33:25.285" endtime="20220116 15:33:25.285"></status>
</kw>
<kw name="${i} IN RANGE [ ${length} ]" type="for">
<kw name="${i} = 0" type="foritem">
<kw name="Get From List" library="Collections">
<doc>Returns the value specified with an ``index`` from ``list``.</doc>
<arguments>
<arg>${list_format}</arg>
<arg>${i}</arg>
</arguments>
<assign>
<var>${value_temp}</var>
</assign>
<msg timestamp="20220116 15:33:25.285" level="INFO">${value_temp} = Null</msg>
<status status="PASS" starttime="20220116 15:33:25.285" endtime="20220116 15:33:25.285"></status>
</kw>
<kw name="Convert To String" library="BuiltIn">
<doc>Converts the given item to a Unicode string.</doc>
<arguments>
<arg>${value_temp}</arg>
</arguments>
<assign>
<var>${value_temp}</var>
</assign>
<msg timestamp="20220116 15:33:25.285" level="INFO">${value_temp} = Null</msg>
<status status="PASS" starttime="20220116 15:33:25.285" endtime="20220116 15:33:25.285"></status>
</kw>
<kw name="Replace String" library="String">
<doc>Replaces ``search_for`` in the given ``string`` with ``replace_with``.</doc>
<arguments>
<arg>${data_format}</arg>
<arg>[D${i}]</arg>
<arg>${value_temp}</arg>
</arguments>
<assign>
<var>${data_format}</var>
</assign>
<msg timestamp="20220116 15:33:25.285" level="INFO">${data_format} = {"allowance":{"Id":"Null","Name":"[D1]","Type":[D2],"Value":[D3],"ValueRatio":0,"IsChecked":true}}</msg>
<status status="PASS" starttime="20220116 15:33:25.285" endtime="20220116 15:33:25.285"></status>
</kw>
<status status="PASS" starttime="20220116 15:33:25.285" endtime="20220116 15:33:25.285"></status>
</kw>
<kw name="${i} = 1" type="foritem">
<kw name="Get From List" library="Collections">
<doc>Returns the value specified with an ``index`` from ``list``.</doc>
<arguments>
<arg>${list_format}</arg>
<arg>${i}</arg>
</arguments>
<assign>
<var>${value_temp}</var>
</assign>
<msg timestamp="20220116 15:33:25.285" level="INFO">${value_temp} =  </msg>
<status status="PASS" starttime="20220116 15:33:25.285" endtime="20220116 15:33:25.285"></status>
</kw>
<kw name="Convert To String" library="BuiltIn">
<doc>Converts the given item to a Unicode string.</doc>
<arguments>
<arg>${value_temp}</arg>
</arguments>
<assign>
<var>${value_temp}</var>
</assign>
<msg timestamp="20220116 15:33:25.285" level="INFO">${value_temp} =  </msg>
<status status="PASS" starttime="20220116 15:33:25.285" endtime="20220116 15:33:25.285"></status>
</kw>
<kw name="Replace String" library="String">
<doc>Replaces ``search_for`` in the given ``string`` with ``replace_with``.</doc>
<arguments>
<arg>${data_format}</arg>
<arg>[D${i}]</arg>
<arg>${value_temp}</arg>
</arguments>
<assign>
<var>${data_format}</var>
</assign>
<msg timestamp="20220116 15:33:25.285" level="INFO">${data_format} = {"allowance":{"Id":"Null","Name":" ","Type":[D2],"Value":[D3],"ValueRatio":0,"IsChecked":true}}</msg>
<status status="PASS" starttime="20220116 15:33:25.285" endtime="20220116 15:33:25.285"></status>
</kw>
<status status="PASS" starttime="20220116 15:33:25.285" endtime="20220116 15:33:25.285"></status>
</kw>
<kw name="${i} = 2" type="foritem">
<kw name="Get From List" library="Collections">
<doc>Returns the value specified with an ``index`` from ``list``.</doc>
<arguments>
<arg>${list_format}</arg>
<arg>${i}</arg>
</arguments>
<assign>
<var>${value_temp}</var>
</assign>
<msg timestamp="20220116 15:33:25.285" level="INFO">${value_temp} = 0</msg>
<status status="PASS" starttime="20220116 15:33:25.285" endtime="20220116 15:33:25.285"></status>
</kw>
<kw name="Convert To String" library="BuiltIn">
<doc>Converts the given item to a Unicode string.</doc>
<arguments>
<arg>${value_temp}</arg>
</arguments>
<assign>
<var>${value_temp}</var>
</assign>
<msg timestamp="20220116 15:33:25.285" level="INFO">${value_temp} = 0</msg>
<status status="PASS" starttime="20220116 15:33:25.285" endtime="20220116 15:33:25.285"></status>
</kw>
<kw name="Replace String" library="String">
<doc>Replaces ``search_for`` in the given ``string`` with ``replace_with``.</doc>
<arguments>
<arg>${data_format}</arg>
<arg>[D${i}]</arg>
<arg>${value_temp}</arg>
</arguments>
<assign>
<var>${data_format}</var>
</assign>
<msg timestamp="20220116 15:33:25.285" level="INFO">${data_format} = {"allowance":{"Id":"Null","Name":" ","Type":0,"Value":[D3],"ValueRatio":0,"IsChecked":true}}</msg>
<status status="PASS" starttime="20220116 15:33:25.285" endtime="20220116 15:33:25.285"></status>
</kw>
<status status="PASS" starttime="20220116 15:33:25.285" endtime="20220116 15:33:25.285"></status>
</kw>
<kw name="${i} = 3" type="foritem">
<kw name="Get From List" library="Collections">
<doc>Returns the value specified with an ``index`` from ``list``.</doc>
<arguments>
<arg>${list_format}</arg>
<arg>${i}</arg>
</arguments>
<assign>
<var>${value_temp}</var>
</assign>
<msg timestamp="20220116 15:33:25.285" level="INFO">${value_temp} = 10000</msg>
<status status="PASS" starttime="20220116 15:33:25.285" endtime="20220116 15:33:25.285"></status>
</kw>
<kw name="Convert To String" library="BuiltIn">
<doc>Converts the given item to a Unicode string.</doc>
<arguments>
<arg>${value_temp}</arg>
</arguments>
<assign>
<var>${value_temp}</var>
</assign>
<msg timestamp="20220116 15:33:25.285" level="INFO">${value_temp} = 10000</msg>
<status status="PASS" starttime="20220116 15:33:25.285" endtime="20220116 15:33:25.285"></status>
</kw>
<kw name="Replace String" library="String">
<doc>Replaces ``search_for`` in the given ``string`` with ``replace_with``.</doc>
<arguments>
<arg>${data_format}</arg>
<arg>[D${i}]</arg>
<arg>${value_temp}</arg>
</arguments>
<assign>
<var>${data_format}</var>
</assign>
<msg timestamp="20220116 15:33:25.285" level="INFO">${data_format} = {"allowance":{"Id":"Null","Name":" ","Type":0,"Value":10000,"ValueRatio":0,"IsChecked":true}}</msg>
<status status="PASS" starttime="20220116 15:33:25.285" endtime="20220116 15:33:25.285"></status>
</kw>
<status status="PASS" starttime="20220116 15:33:25.285" endtime="20220116 15:33:25.285"></status>
</kw>
<status status="PASS" starttime="20220116 15:33:25.285" endtime="20220116 15:33:25.285"></status>
</kw>
<kw name="Return From Keyword" library="BuiltIn">
<doc>Returns from the enclosing user keyword.</doc>
<arguments>
<arg>${data_format}</arg>
</arguments>
<msg timestamp="20220116 15:33:25.285" level="INFO">Returning from the enclosing user keyword.</msg>
<status status="PASS" starttime="20220116 15:33:25.285" endtime="20220116 15:33:25.285"></status>
</kw>
<msg timestamp="20220116 15:33:25.285" level="INFO">${data_allowance} = {"allowance":{"Id":"Null","Name":" ","Type":0,"Value":10000,"ValueRatio":0,"IsChecked":true}}</msg>
<status status="PASS" starttime="20220116 15:33:25.285" endtime="20220116 15:33:25.285"></status>
</kw>
<kw name="Create value duplicate_empty" library="share">
<arguments>
<arg>${enp_allowance}</arg>
<arg>${data_allowance}</arg>
<arg>Tên phụ cấp không được để trống</arg>
</arguments>
<kw name="Post Request Json KV" library="share">
<arguments>
<arg>${session}</arg>
<arg>${endpoint}</arg>
<arg>${data}</arg>
<arg>400</arg>
</arguments>
<assign>
<var>${resp}</var>
</assign>
<kw name="Post Request" library="RequestsLibrary">
<doc>Send a POST request on the session object found using the</doc>
<arguments>
<arg>${session}</arg>
<arg>${endpoint}</arg>
<arg>headers=${header}</arg>
<arg>data=${data_func}</arg>
</arguments>
<assign>
<var>${resp}</var>
</assign>
<msg timestamp="20220116 15:33:25.436" level="INFO">Post Request using : alias=session, uri=/allowance, data={"allowance":{"Id":"Null","Name":" ","Type":0,"Value":10000,"ValueRatio":0,"IsChecked":true}}, headers={'retailer': 'auto12', 'Content-Type': 'application/json;charset=utf-8', 'branchid': '181235', 'Authorization': 'Bearer eyJ0eXAiOiJKV1QiLCJhbGciOiJSUzI1NiIsImtpZCI6IndYYSJ9.eyJpc3MiOiJrdnNzand0Iiwic3ViIjo0Mzg2ODAsImlhdCI6MTY0MjMyMjAwNCwiZXhwIjoxNjQ0NzQxMjA0LCJwcmVmZXJyZWRfdXNlcm5hbWUiOiJhZG1pbiIsInJvbGVzIjpbIlVzZXIiXSwia3ZzZXMiOiJlODk4YzIyYTU2NmI0MjJkODQwZjc1ZjU4YmY2Y2VhYSIsImt2dWlkIjo0Mzg2ODAsImt2bGFuZyI6InZpLVZOIiwia3Z1dHlwZSI6MCwia3Z1bGltaXQiOiJGYWxzZSIsImt2dWFkbWluIjoiVHJ1ZSIsImt2dWFjdCI6IlRydWUiLCJrdnVsaW1pdHRyYW5zIjoiRmFsc2UiLCJrdnVzaG93c3VtIjoiVHJ1ZSIsImt2YmlkIjoxODEyMzUsImt2cmluZGlkIjoxMCwia3ZyY29kZSI6ImF1dG8xMiIsImt2cmlkIjozMzk3NTgsImt2dXJpZCI6MzM5NzU4LCJrdnJnaWQiOjEyLCJwZXJtcyI6IiJ9.PDDfFPbCrjWHOycADbSM8NYI3VY1uTvxQ9da028EvDBud1d8hSePb-1E4VQWqbfVPfwtcTBNA4Ss0vHinLaSxunQZy-VgG7lzKi9gXM2AH3UqN3Qzwv-xalnQtJuhk0_uGvXTOkS2z7rEFmXImxbgvmqOENpBXNbUXlZmZKLNIitXrVkX_9vihBDdukKMzyTnF3pHckDdrAslhzCizw_S13zfhjh1a1eoFxjnVuaLciWsEQzrY7mpytPFR9WvBjuvbVu6mxm2mX-LQ-R61QVdjzDPT7FxryaueJvHbhkJX1hJaYc5rKhA2H2IasmCPtiaHd-tZU7NGUfYUJmeHDROg'}, files=None, allow_redirects=True </msg>
<msg timestamp="20220116 15:33:25.436" level="INFO">C:\Users\phuoc\AppData\Local\Programs\Python\Python38\lib\site-packages\urllib3\connectionpool.py:1013: InsecureRequestWarning: Unverified HTTPS request is being made to host 'api-timesheet.kiotviet.vn'. Adding certificate verification is strongly advised. See: https://urllib3.readthedocs.io/en/1.26.x/advanced-usage.html#ssl-warnings
  warnings.warn(</msg>
<msg timestamp="20220116 15:33:25.436" level="INFO">${resp} = &lt;Response [400]&gt;</msg>
<status status="PASS" starttime="20220116 15:33:25.285" endtime="20220116 15:33:25.436"></status>
</kw>
<kw name="Should Be Equal As Strings" library="BuiltIn">
<doc>Fails if objects are unequal after converting them to strings.</doc>
<arguments>
<arg>${resp.status_code}</arg>
<arg>${expected_status_code}</arg>
</arguments>
<msg timestamp="20220116 15:33:25.437" level="INFO">Argument types are:
&lt;class 'int'&gt;
&lt;type 'unicode'&gt;</msg>
<status status="PASS" starttime="20220116 15:33:25.436" endtime="20220116 15:33:25.437"></status>
</kw>
<kw name="Return From Keyword" library="BuiltIn">
<doc>Returns from the enclosing user keyword.</doc>
<arguments>
<arg>${resp.json()}</arg>
</arguments>
<msg timestamp="20220116 15:33:25.437" level="INFO">Returning from the enclosing user keyword.</msg>
<status status="PASS" starttime="20220116 15:33:25.437" endtime="20220116 15:33:25.437"></status>
</kw>
<msg timestamp="20220116 15:33:25.438" level="INFO">${resp} = {'message': 'Tên phụ cấp không được để trống', 'errors': [{'message': 'Tên phụ cấp không được để trống'}]}</msg>
<status status="PASS" starttime="20220116 15:33:25.285" endtime="20220116 15:33:25.438"></status>
</kw>
<kw name="Get Value From Json KV" library="share">
<arguments>
<arg>${resp}</arg>
<arg>$.errors..message</arg>
</arguments>
<assign>
<var>${mess_err}</var>
</assign>
<kw name="Get Value From Json" library="JSONLibrary">
<doc>Get Value From JSON using JSONPath</doc>
<arguments>
<arg>${resp_json}</arg>
<arg>${json_path}</arg>
</arguments>
<assign>
<var>${result}</var>
</assign>
<msg timestamp="20220116 15:33:25.461" level="INFO">${result} = ['Tên phụ cấp không được để trống']</msg>
<status status="PASS" starttime="20220116 15:33:25.438" endtime="20220116 15:33:25.461"></status>
</kw>
<kw name="Get Length" library="BuiltIn">
<doc>Returns and logs the length of the given item as an integer.</doc>
<arguments>
<arg>${result}</arg>
</arguments>
<assign>
<var>${lenght}</var>
</assign>
<msg timestamp="20220116 15:33:25.461" level="INFO">Length is 1</msg>
<msg timestamp="20220116 15:33:25.461" level="INFO">${lenght} = 1</msg>
<status status="PASS" starttime="20220116 15:33:25.461" endtime="20220116 15:33:25.461"></status>
</kw>
<kw name="Get From List" library="Collections">
<doc>Returns the value specified with an ``index`` from ``list``.</doc>
<arguments>
<arg>${result}</arg>
<arg>0</arg>
</arguments>
<assign>
<var>${result}</var>
</assign>
<msg timestamp="20220116 15:33:25.461" level="INFO">${result} = Tên phụ cấp không được để trống</msg>
<status status="PASS" starttime="20220116 15:33:25.461" endtime="20220116 15:33:25.461"></status>
</kw>
<kw name="Run Keyword If" library="BuiltIn">
<doc>Runs the given keyword with the given arguments, if ``condition`` is true.</doc>
<arguments>
<arg>${lenght}==0</arg>
<arg>Return From Keyword</arg>
<arg>${0}</arg>
<arg>ELSE</arg>
<arg>Return From Keyword</arg>
<arg>${result}</arg>
</arguments>
<kw name="Return From Keyword" library="BuiltIn">
<doc>Returns from the enclosing user keyword.</doc>
<arguments>
<arg>${result}</arg>
</arguments>
<msg timestamp="20220116 15:33:25.462" level="INFO">Returning from the enclosing user keyword.</msg>
<status status="PASS" starttime="20220116 15:33:25.462" endtime="20220116 15:33:25.462"></status>
</kw>
<status status="PASS" starttime="20220116 15:33:25.461" endtime="20220116 15:33:25.462"></status>
</kw>
<msg timestamp="20220116 15:33:25.462" level="INFO">${mess_err} = Tên phụ cấp không được để trống</msg>
<status status="PASS" starttime="20220116 15:33:25.438" endtime="20220116 15:33:25.462"></status>
</kw>
<kw name="Should Be Equal" library="BuiltIn">
<doc>Fails if the given objects are unequal.</doc>
<arguments>
<arg>${mess_err}</arg>
<arg>${mess_err_expected}</arg>
</arguments>
<status status="PASS" starttime="20220116 15:33:25.462" endtime="20220116 15:33:25.462"></status>
</kw>
<status status="PASS" starttime="20220116 15:33:25.285" endtime="20220116 15:33:25.463"></status>
</kw>
<doc>Thêm mới phụ cấp rỗng</doc>
<tags>
<tag>all</tag>
<tag>allowance</tag>
</tags>
<status status="PASS" starttime="20220116 15:33:25.285" endtime="20220116 15:33:25.463" critical="yes"></status>
</test>
<test id="s1-s1-t4" name="Update allowance">
<kw name="Get value in list KV" library="share">
<arguments>
<arg>${enp_allowance}</arg>
<arg>$.result.data..id</arg>
</arguments>
<assign>
<var>${id_allowance}</var>
</assign>
<kw name="Get Request" library="RequestsLibrary">
<doc>Send a GET request on the session object found using the</doc>
<arguments>
<arg>${session}</arg>
<arg>${enpoint}</arg>
</arguments>
<assign>
<var>${resp}</var>
</assign>
<msg timestamp="20220116 15:33:25.612" level="INFO">Get Request using : alias=session, uri=/allowance, headers=None json=None</msg>
<msg timestamp="20220116 15:33:25.612" level="INFO">C:\Users\phuoc\AppData\Local\Programs\Python\Python38\lib\site-packages\urllib3\connectionpool.py:1013: InsecureRequestWarning: Unverified HTTPS request is being made to host 'api-timesheet.kiotviet.vn'. Adding certificate verification is strongly advised. See: https://urllib3.readthedocs.io/en/1.26.x/advanced-usage.html#ssl-warnings
  warnings.warn(</msg>
<msg timestamp="20220116 15:33:25.612" level="INFO">${resp} = &lt;Response [200]&gt;</msg>
<status status="PASS" starttime="20220116 15:33:25.464" endtime="20220116 15:33:25.612"></status>
</kw>
<kw name="Log" library="BuiltIn">
<doc>Logs the given message with the given level.</doc>
<arguments>
<arg>${resp.json()}</arg>
</arguments>
<msg timestamp="20220116 15:33:25.613" level="INFO">{'result': {'total': 4, 'data': [{'id': 60000000013123, 'name': 'Xăng xe', 'tenantId': 339758, 'code': 'PC000002', 'isDeleted': False, 'value': 0, 'valueRatio': 0, 'isChecked': False, 'rank': 0}, {'id': 60000000013124, 'name': 'Độc hại', 'tenantId': 339758, 'code': 'PC000003', 'isDeleted': False, 'value': 0, 'valueRatio': 0, 'isChecked': False, 'rank': 0}, {'id': 60000000013310, 'name': 'Ăn trưa', 'tenantId': 339758, 'code': 'PC000001', 'isDeleted': False, 'value': 0, 'valueRatio': 0, 'isChecked': False, 'rank': 0}, {'id': 140000000104635, 'name': 'hQCC', 'tenantId': 339758, 'code': 'PC000004', 'isDeleted': False, 'value': 20000, 'valueRatio': 0, 'isChecked': True, 'type': 1, 'rank': 0}]}, 'message': ''}</msg>
<status status="PASS" starttime="20220116 15:33:25.612" endtime="20220116 15:33:25.613"></status>
</kw>
[...]
<status status="PASS" starttime="20220116 15:33:28.452" endtime="20220116 15:33:28.452"></status>
</kw>
<kw name="Update Request KV" library="share">
<arguments>
<arg>${session}</arg>
<arg>${enp_shift}/${id_shift}</arg>
<arg>${data_shift}</arg>
<arg>200</arg>
</arguments>
<assign>
<var>${resp}</var>
</assign>
<kw name="Put Request" library="RequestsLibrary">
<doc>Send a PUT request on the session object found using the</doc>
<arguments>
<arg>${session}</arg>
<arg>${endpoint}</arg>
<arg>headers=${header}</arg>
<arg>data=${data_func}</arg>
</arguments>
<assign>
<var>${resp}</var>
</assign>
<msg timestamp="20220116 15:33:28.663" level="INFO">Put Request using : alias=session, uri=/shifts/60000000014625, data={"shift":{"id":60000000014625,"name":"UpdatecmpE","from":420,"to":660,"isActive":true,"branchId":181235,"checkInBefore":240,"checkOutAfter":840}},                     headers={'retailer': 'auto12', 'Content-Type': 'application/json;charset=utf-8', 'branchid': '181235', 'Authorization': 'Bearer eyJ0eXAiOiJKV1QiLCJhbGciOiJSUzI1NiIsImtpZCI6IndYYSJ9.eyJpc3MiOiJrdnNzand0Iiwic3ViIjo0Mzg2ODAsImlhdCI6MTY0MjMyMjAwNywiZXhwIjoxNjQ0NzQxMjA3LCJwcmVmZXJyZWRfdXNlcm5hbWUiOiJhZG1pbiIsInJvbGVzIjpbIlVzZXIiXSwia3ZzZXMiOiIyMDAxMjQyMTFhMzE0NmY4OWUzOGQ0YTM4NzNjNTMzYyIsImt2dWlkIjo0Mzg2ODAsImt2bGFuZyI6InZpLVZOIiwia3Z1dHlwZSI6MCwia3Z1bGltaXQiOiJGYWxzZSIsImt2dWFkbWluIjoiVHJ1ZSIsImt2dWFjdCI6IlRydWUiLCJrdnVsaW1pdHRyYW5zIjoiRmFsc2UiLCJrdnVzaG93c3VtIjoiVHJ1ZSIsImt2YmlkIjoxODEyMzUsImt2cmluZGlkIjoxMCwia3ZyY29kZSI6ImF1dG8xMiIsImt2cmlkIjozMzk3NTgsImt2dXJpZCI6MzM5NzU4LCJrdnJnaWQiOjEyLCJwZXJtcyI6IiJ9.U-p7aIXr8rA4N6BbTBTMIp56wpoXoOpBSqyNNTuU5LVjarcwHSjdGSWM6StA6zZTIgpJgwUVHYX4gKb_W12F3DneBw1_1E8TNowSU8I2JomcigKbZh20B6jXuiMqka2xtDlk2cH0H1fZrPnoQZmkMIJJ6QvQfdpsgk6PkSzFc98I8HEj5qvD2SjpYJpWfQl6eiZLH4za_5h-KdYzhq0N7B-R-wsDi9t0wKAuwkIwwDOyrG9fiRV8I1rvop-rpAUNhwRnvp4J1O1nnGPGvJZG5y6uVafKP3ojXOkyI0MSNb-pjkgv8euYPr9kShuh7HuhmS4zL9hRHfFaw75M_yxKXA'}, allow_redirects=True </msg>
<msg timestamp="20220116 15:33:28.663" level="INFO">C:\Users\phuoc\AppData\Local\Programs\Python\Python38\lib\site-packages\urllib3\connectionpool.py:1013: InsecureRequestWarning: Unverified HTTPS request is being made to host 'api-timesheet.kiotviet.vn'. Adding certificate verification is strongly advised. See: https://urllib3.readthedocs.io/en/1.26.x/advanced-usage.html#ssl-warnings
  warnings.warn(</msg>
<msg timestamp="20220116 15:33:28.664" level="INFO">${resp} = &lt;Response [200]&gt;</msg>
<status status="PASS" starttime="20220116 15:33:28.452" endtime="20220116 15:33:28.664"></status>
</kw>
<kw name="Should Be Equal As Strings" library="BuiltIn">
<doc>Fails if objects are unequal after converting them to strings.</doc>
<arguments>
<arg>${resp.status_code}</arg>
<arg>${expected_status_code}</arg>
</arguments>
<msg timestamp="20220116 15:33:28.664" level="INFO">Argument types are:
&lt;class 'int'&gt;
&lt;type 'unicode'&gt;</msg>
<status status="PASS" starttime="20220116 15:33:28.664" endtime="20220116 15:33:28.665"></status>
</kw>
<kw name="Return From Keyword" library="BuiltIn">
<doc>Returns from the enclosing user keyword.</doc>
<arguments>
<arg>${resp.json()}</arg>
</arguments>
<msg timestamp="20220116 15:33:28.665" level="INFO">Returning from the enclosing user keyword.</msg>
<status status="PASS" starttime="20220116 15:33:28.665" endtime="20220116 15:33:28.665"></status>
</kw>
<msg timestamp="20220116 15:33:28.665" level="INFO">${resp} = {'message': 'Cập nhật ca thành công'}</msg>
<status status="PASS" starttime="20220116 15:33:28.452" endtime="20220116 15:33:28.665"></status>
</kw>
<kw name="Get Value From Json KV" library="share">
<arguments>
<arg>${resp}</arg>
<arg>$.message</arg>
</arguments>
<assign>
<var>${mess_expected}</var>
</assign>
<kw name="Get Value From Json" library="JSONLibrary">
<doc>Get Value From JSON using JSONPath</doc>
<arguments>
<arg>${resp_json}</arg>
<arg>${json_path}</arg>
</arguments>
<assign>
<var>${result}</var>
</assign>
<msg timestamp="20220116 15:33:28.688" level="INFO">${result} = ['Cập nhật ca thành công']</msg>
<status status="PASS" starttime="20220116 15:33:28.666" endtime="20220116 15:33:28.688"></status>
</kw>
<kw name="Get Length" library="BuiltIn">
<doc>Returns and logs the length of the given item as an integer.</doc>
<arguments>
<arg>${result}</arg>
</arguments>
<assign>
<var>${lenght}</var>
</assign>
<msg timestamp="20220116 15:33:28.689" level="INFO">Length is 1</msg>
<msg timestamp="20220116 15:33:28.689" level="INFO">${lenght} = 1</msg>
<status status="PASS" starttime="20220116 15:33:28.688" endtime="20220116 15:33:28.689"></status>
</kw>
<kw name="Get From List" library="Collections">
<doc>Returns the value specified with an ``index`` from ``list``.</doc>
<arguments>
<arg>${result}</arg>
<arg>0</arg>
</arguments>
<assign>
<var>${result}</var>
</assign>
<msg timestamp="20220116 15:33:28.689" level="INFO">${result} = Cập nhật ca thành công</msg>
<status status="PASS" starttime="20220116 15:33:28.689" endtime="20220116 15:33:28.689"></status>
</kw>
<kw name="Run Keyword If" library="BuiltIn">
<doc>Runs the given keyword with the given arguments, if ``condition`` is true.</doc>
<arguments>
<arg>${lenght}==0</arg>
<arg>Return From Keyword</arg>
<arg>${0}</arg>
<arg>ELSE</arg>
<arg>Return From Keyword</arg>
<arg>${result}</arg>
</arguments>
<kw name="Return From Keyword" library="BuiltIn">
<doc>Returns from the enclosing user keyword.</doc>
<arguments>
<arg>${result}</arg>
</arguments>
<msg timestamp="20220116 15:33:28.689" level="INFO">Returning from the enclosing user keyword.</msg>
<status status="PASS" starttime="20220116 15:33:28.689" endtime="20220116 15:33:28.689"></status>
</kw>
<status status="PASS" starttime="20220116 15:33:28.689" endtime="20220116 15:33:28.690"></status>
</kw>
<msg timestamp="20220116 15:33:28.690" level="INFO">${mess_expected} = Cập nhật ca thành công</msg>
<status status="PASS" starttime="20220116 15:33:28.665" endtime="20220116 15:33:28.690"></status>
</kw>
<kw name="Should Be Equal" library="BuiltIn">
<doc>Fails if the given objects are unequal.</doc>
<arguments>
<arg>${mess_expected}</arg>
<arg>Cập nhật ca thành công</arg>
</arguments>
<status status="PASS" starttime="20220116 15:33:28.690" endtime="20220116 15:33:28.690"></status>
</kw>
<doc>Cập nhật ca làm việc</doc>
<tags>
<tag>all</tag>
<tag>shift</tag>
</tags>
<status status="PASS" starttime="20220116 15:33:28.312" endtime="20220116 15:33:28.690" critical="yes"></status>
</test>
<test id="s1-s9-t6" name="Delete shift">
<kw name="Get value in list KV" library="share">
<arguments>
<arg>${enp_shift_branch}</arg>
<arg>$.result..id</arg>
</arguments>
<assign>
<var>${id_shift}</var>
</assign>
<kw name="Get Request" library="RequestsLibrary">
<doc>Send a GET request on the session object found using the</doc>
<arguments>
<arg>${session}</arg>
<arg>${enpoint}</arg>
</arguments>
<assign>
<var>${resp}</var>
</assign>
<msg timestamp="20220116 15:33:28.745" level="INFO">Get Request using : alias=session, uri=/shifts/multiple-branch/orderby-from-to?BranchIds=181235&amp;ShiftIds=, headers=None json=None</msg>
<msg timestamp="20220116 15:33:28.745" level="INFO">C:\Users\phuoc\AppData\Local\Programs\Python\Python38\lib\site-packages\urllib3\connectionpool.py:1013: InsecureRequestWarning: Unverified HTTPS request is being made to host 'api-timesheet.kiotviet.vn'. Adding certificate verification is strongly advised. See: https://urllib3.readthedocs.io/en/1.26.x/advanced-usage.html#ssl-warnings
  warnings.warn(</msg>
<msg timestamp="20220116 15:33:28.746" level="INFO">${resp} = &lt;Response [200]&gt;</msg>
<status status="PASS" starttime="20220116 15:33:28.691" endtime="20220116 15:33:28.746"></status>
</kw>
<kw name="Log" library="BuiltIn">
<doc>Logs the given message with the given level.</doc>
<arguments>
<arg>${resp.json()}</arg>
</arguments>
<msg timestamp="20220116 15:33:28.747" level="INFO">{'result': [{'id': 60000000014719, 'name': 'ca 1', 'from': 420, 'to': 600, 'isActive': True, 'branchId': 181235, 'tenantId': 339758, 'checkInBefore': 240, 'checkOutAfter': 780}, {'id': 170000000125634, 'name': 'cmpE', 'from': 420, 'to': 660, 'isActive': True, 'branchId': 181235, 'tenantId': 339758, 'checkInBefore': 240, 'checkOutAfter': 840}, {'id': 60000000014625, 'name': 'UpdatecmpE', 'from': 420, 'to': 660, 'isActive': True, 'branchId': 181235, 'tenantId': 339758, 'checkInBefore': 240, 'checkOutAfter': 840}, {'id': 60000000016321, 'name': 'ca 3', 'from': 480, 'to': 720, 'isActive': True, 'branchId': 181235, 'tenantId': 339758, 'checkInBefore': 300, 'checkOutAfter': 900}, {'id': 60000000016219, 'name': 'ca 4', 'from': 1200, 'to': 1380, 'isActive': True, 'branchId': 181235, 'tenantId': 339758, 'checkInBefore': 1020, 'checkOutAfter': 120}], 'message': ''}</msg>
<status status="PASS" starttime="20220116 15:33:28.746" endtime="20220116 15:33:28.748"></status>
</kw>
<kw name="Get Value From Json" library="JSONLibrary">
<doc>Get Value From JSON using JSONPath</doc>
<arguments>
<arg>${resp.json()}</arg>
<arg>${json_path}</arg>
</arguments>
<assign>
<var>${list}</var>
</assign>
<msg timestamp="20220116 15:33:28.798" level="INFO">${list} = [60000000014719, 170000000125634, 60000000014625, 60000000016321, 60000000016219]</msg>
<status status="PASS" starttime="20220116 15:33:28.748" endtime="20220116 15:33:28.798"></status>
</kw>
<kw name="Evaluate" library="BuiltIn">
<doc>Evaluates the given expression in Python and returns the results.</doc>
<arguments>
<arg>random.choice($list)</arg>
<arg>random</arg>
</arguments>
<assign>
<var>${value}</var>
</assign>
<msg timestamp="20220116 15:33:28.799" level="INFO">${value} = 60000000016219</msg>
<status status="PASS" starttime="20220116 15:33:28.799" endtime="20220116 15:33:28.799"></status>
</kw>
<kw name="Return From Keyword" library="BuiltIn">
<doc>Returns from the enclosing user keyword.</doc>
<arguments>
<arg>${value}</arg>
</arguments>
<msg timestamp="20220116 15:33:28.799" level="INFO">Returning from the enclosing user keyword.</msg>
<status status="PASS" starttime="20220116 15:33:28.799" endtime="20220116 15:33:28.800"></status>
</kw>
<msg timestamp="20220116 15:33:28.800" level="INFO">${id_shift} = 60000000016219</msg>
<status status="PASS" starttime="20220116 15:33:28.691" endtime="20220116 15:33:28.800"></status>
</kw>
<kw name="Get detail from id KV" library="share">
<arguments>
<arg>${enp_shift}/${id_shift}</arg>
<arg>$.result.name</arg>
</arguments>
<assign>
<var>${name_shift}</var>
</assign>
<kw name="Get Request from KV" library="share">
<arguments>
<arg>${session}</arg>
<arg>${enpoint}</arg>
</arguments>
<assign>
<var>${resp}</var>
</assign>
<kw name="Get Request" library="RequestsLibrary">
<doc>Send a GET request on the session object found using the</doc>
<arguments>
<arg>${session}</arg>
<arg>${endpoint}</arg>
</arguments>
<assign>
<var>${resp}</var>
</assign>
<msg timestamp="20220116 15:33:28.852" level="INFO">Get Request using : alias=session, uri=/shifts/60000000016219, headers=None json=None</msg>
<msg timestamp="20220116 15:33:28.853" level="INFO">C:\Users\phuoc\AppData\Local\Programs\Python\Python38\lib\site-packages\urllib3\connectionpool.py:1013: InsecureRequestWarning: Unverified HTTPS request is being made to host 'api-timesheet.kiotviet.vn'. Adding certificate verification is strongly advised. See: https://urllib3.readthedocs.io/en/1.26.x/advanced-usage.html#ssl-warnings
  warnings.warn(</msg>
<msg timestamp="20220116 15:33:28.853" level="INFO">${resp} = &lt;Response [200]&gt;</msg>
<status status="PASS" starttime="20220116 15:33:28.800" endtime="20220116 15:33:28.853"></status>
</kw>
<kw name="Return From Keyword" library="BuiltIn">
<doc>Returns from the enclosing user keyword.</doc>
<arguments>
<arg>${resp.json()}</arg>
</arguments>
<msg timestamp="20220116 15:33:28.853" level="INFO">Returning from the enclosing user keyword.</msg>
<status status="PASS" starttime="20220116 15:33:28.853" endtime="20220116 15:33:28.853"></status>
</kw>
<msg timestamp="20220116 15:33:28.854" level="INFO">${resp} = {'result': {'id': 60000000016219, 'name': 'ca 4', 'from': 1200, 'to': 1380, 'isActive': True, 'branchId': 181235, 'tenantId': 339758, 'checkInBefore': 1020, 'checkOutAfter': 120}, 'message': ''}</msg>
<status status="PASS" starttime="20220116 15:33:28.800" endtime="20220116 15:33:28.854"></status>
</kw>
<kw name="Get Value From Json KV" library="share">
<arguments>
<arg>${resp}</arg>
<arg>${json_path}</arg>
</arguments>
<assign>
<var>${value}</var>
</assign>
<kw name="Get Value From Json" library="JSONLibrary">
<doc>Get Value From JSON using JSONPath</doc>
<arguments>
<arg>${resp_json}</arg>
<arg>${json_path}</arg>
</arguments>
<assign>
<var>${result}</var>
</assign>
<msg timestamp="20220116 15:33:28.899" level="INFO">${result} = ['ca 4']</msg>
<status status="PASS" starttime="20220116 15:33:28.856" endtime="20220116 15:33:28.899"></status>
</kw>
<kw name="Get Length" library="BuiltIn">
<doc>Returns and logs the length of the given item as an integer.</doc>
<arguments>
<arg>${result}</arg>
</arguments>
<assign>
<var>${lenght}</var>
</assign>
<msg timestamp="20220116 15:33:28.899" level="INFO">Length is 1</msg>
<msg timestamp="20220116 15:33:28.900" level="INFO">${lenght} = 1</msg>
<status status="PASS" starttime="20220116 15:33:28.899" endtime="20220116 15:33:28.900"></status>
</kw>
<kw name="Get From List" library="Collections">
<doc>Returns the value specified with an ``index`` from ``list``.</doc>
<arguments>
<arg>${result}</arg>
<arg>0</arg>
</arguments>
<assign>
<var>${result}</var>
</assign>
<msg timestamp="20220116 15:33:28.900" level="INFO">${result} = ca 4</msg>
<status status="PASS" starttime="20220116 15:33:28.900" endtime="20220116 15:33:28.900"></status>
</kw>
<kw name="Run Keyword If" library="BuiltIn">
<doc>Runs the given keyword with the given arguments, if ``condition`` is true.</doc>
<arguments>
<arg>${lenght}==0</arg>
<arg>Return From Keyword</arg>
<arg>${0}</arg>
<arg>ELSE</arg>
<arg>Return From Keyword</arg>
<arg>${result}</arg>
</arguments>
<kw name="Return From Keyword" library="BuiltIn">
<doc>Returns from the enclosing user keyword.</doc>
<arguments>
<arg>${result}</arg>
</arguments>
<msg timestamp="20220116 15:33:28.900" level="INFO">Returning from the enclosing user keyword.</msg>
<status status="PASS" starttime="20220116 15:33:28.900" endtime="20220116 15:33:28.901"></status>
</kw>
<status status="PASS" starttime="20220116 15:33:28.900" endtime="20220116 15:33:28.901"></status>
</kw>
<msg timestamp="20220116 15:33:28.901" level="INFO">${value} = ca 4</msg>
<status status="PASS" starttime="20220116 15:33:28.855" endtime="20220116 15:33:28.901"></status>
</kw>
<kw name="Return From Keyword" library="BuiltIn">
<doc>Returns from the enclosing user keyword.</doc>
<arguments>
<arg>${value}</arg>
</arguments>
<msg timestamp="20220116 15:33:28.901" level="INFO">Returning from the enclosing user keyword.</msg>
<status status="PASS" starttime="20220116 15:33:28.901" endtime="20220116 15:33:28.901"></status>
</kw>
<msg timestamp="20220116 15:33:28.901" level="INFO">${name_shift} = ca 4</msg>
<status status="PASS" starttime="20220116 15:33:28.800" endtime="20220116 15:33:28.901"></status>
</kw>
<kw name="Delete Request" library="RequestsLibrary">
<doc>Send a DELETE request on the session object found using the</doc>
<arguments>
<arg>${session}</arg>
<arg>${enp_shift}/${id_shift}</arg>
</arguments>
<assign>
<var>${resp}</var>
</assign>
<msg timestamp="20220116 15:33:29.057" level="INFO">Delete Request using : alias=session, uri=/shifts/60000000016219, data=(),                     headers=None, allow_redirects=True </msg>
<msg timestamp="20220116 15:33:29.057" level="INFO">C:\Users\phuoc\AppData\Local\Programs\Python\Python38\lib\site-packages\urllib3\connectionpool.py:1013: InsecureRequestWarning: Unverified HTTPS request is being made to host 'api-timesheet.kiotviet.vn'. Adding certificate verification is strongly advised. See: https://urllib3.readthedocs.io/en/1.26.x/advanced-usage.html#ssl-warnings
  warnings.warn(</msg>
<msg timestamp="20220116 15:33:29.057" level="INFO">${resp} = &lt;Response [200]&gt;</msg>
<status status="PASS" starttime="20220116 15:33:28.901" endtime="20220116 15:33:29.057"></status>
</kw>
<kw name="Convert To String" library="BuiltIn">
<doc>Converts the given item to a Unicode string.</doc>
<arguments>
<arg>${resp.status_code}</arg>
</arguments>
<status status="PASS" starttime="20220116 15:33:29.057" endtime="20220116 15:33:29.057"></status>
</kw>
<kw name="Run Keyword If" library="BuiltIn">
<doc>Runs the given keyword with the given arguments, if ``condition`` is true.</doc>
<arguments>
<arg>'${resp.status_code}'=='200'</arg>
<arg>Log</arg>
<arg>Đã xóa thành công</arg>
<arg>ELSE</arg>
<arg>Delete Request Shift</arg>
<arg>${resp.json()}</arg>
</arguments>
<kw name="Log" library="BuiltIn">
<doc>Logs the given message with the given level.</doc>
<arguments>
<arg>Đã xóa thành công</arg>
</arguments>
<msg timestamp="20220116 15:33:29.057" level="INFO">Đã xóa thành công</msg>
<status status="PASS" starttime="20220116 15:33:29.057" endtime="20220116 15:33:29.057"></status>
</kw>
<status status="PASS" starttime="20220116 15:33:29.057" endtime="20220116 15:33:29.057"></status>
</kw>
<doc>Xóa ca làm việc</doc>
<tags>
<tag>all</tag>
<tag>shift</tag>
</tags>
<status status="PASS" starttime="20220116 15:33:28.690" endtime="20220116 15:33:29.057" critical="yes"></status>
</test>
<status status="PASS" starttime="20220116 15:33:26.776" endtime="20220116 15:33:29.057"></status>
</suite>
<status status="FAIL" starttime="20220116 15:33:23.798" endtime="20220116 15:33:29.741"></status>
</suite>
<statistics>
<total>
<stat pass="45" fail="1">Critical Tests</stat>
<stat pass="45" fail="1">All Tests</stat>
</total>
<tag>
<stat pass="45" fail="1">all</stat>
<stat pass="5" fail="0">allowance</stat>
<stat pass="5" fail="0">commission</stat>
<stat pass="5" fail="0">deduction</stat>
<stat pass="5" fail="0">department</stat>
<stat pass="9" fail="0">employee</stat>
<stat pass="5" fail="0">holiday</stat>
<stat pass="5" fail="0">jobtitle</stat>
<stat pass="1" fail="1">payrate</stat>
<stat pass="6" fail="0">shift</stat>
</tag>
<suite>
<stat pass="45" fail="1" id="s1" name="Testsuites">Testsuites</stat>
<stat pass="5" fail="0" id="s1-s1" name="Allowance">Testsuites.Allowance</stat>
<stat pass="5" fail="0" id="s1-s2" name="Commission">Testsuites.Commission</stat>
<stat pass="5" fail="0" id="s1-s3" name="Deduction">Testsuites.Deduction</stat>
<stat pass="5" fail="0" id="s1-s4" name="Department">Testsuites.Department</stat>
<stat pass="9" fail="0" id="s1-s5" name="Employee">Testsuites.Employee</stat>
<stat pass="5" fail="0" id="s1-s6" name="Holiday">Testsuites.Holiday</stat>
<stat pass="5" fail="0" id="s1-s7" name="Jobtiltle">Testsuites.Jobtiltle</stat>
<stat pass="0" fail="1" id="s1-s8" name="Payrate">Testsuites.Payrate</stat>
<stat pass="6" fail="0" id="s1-s9" name="Shift">Testsuites.Shift</stat>
</suite>
</statistics>
<errors>
<msg timestamp="20220116 15:33:24.207" level="ERROR">Error in file 'B:\Auto_Company\timesheet\testsuites\shift.robot': Non-existing setting 'Suite setup'.</msg>
<msg timestamp="20220116 15:33:24.207" level="ERROR">Error in file 'B:\Auto_Company\timesheet\testsuites\employee.robot': Resource file 'B:\Auto_Company\timesheet\testsuites\shift.robot' contains a test case table which is not allowed.</msg>
<msg timestamp="20220116 15:33:26.846" level="ERROR">Error in file 'B:\Auto_Company\timesheet\testsuites\shift.robot': Non-existing setting 'Suite setup'.</msg>
<msg timestamp="20220116 15:33:26.847" level="ERROR">Error in file 'B:\Auto_Company\timesheet\testsuites\payrate.robot': Resource file 'B:\Auto_Company\timesheet\testsuites\shift.robot' contains a test case table which is not allowed.</msg>
</errors>
</robot>
