<?xml version="1.0" encoding="UTF-8"?>
<robot generator="Rebot 3.0.4 (Python 3.8.8 on win32)" generated="20220121 14:17:05.334">
<suite id="s1" name="Testsuites" source="D:\timesheet\testsuites">
<suite id="s1-s1" name="NhanVien" source="D:\timesheet\testsuites\NhanVien">
<suite id="s1-s1-s1" name="Allowance" source="D:\timesheet\testsuites\NhanVien\allowance.robot">
<kw name="Fill enviroment and get token" library="enviroment" type="setup">
<arguments>
<arg>${env}</arg>
</arguments>
<kw name="Create Dictionary" library="BuiltIn">
<doc>Creates and returns a dictionary based on the given ``items``.</doc>
<arguments>
<arg>zone5=https://auto5.kiotviet.vn/api</arg>
<arg>zone13=https://auto13.kiotviet.vn/api</arg>
<arg>zone12=https://auto12.kiotviet.vn/api</arg>
<arg>zone14=https://auto14.kiotviet.vn/api</arg>
<arg>59902=https://phuoc902.kvpos.com:59902/api</arg>
<arg>59903=https://phuoc903.kvpos.com:59303/api</arg>
</arguments>
<assign>
<var>${dict_url_saleLogin}</var>
</assign>
<msg timestamp="20220121 14:17:04.213" level="INFO">${dict_url_saleLogin} = {'zone5': 'https://auto5.kiotviet.vn/api', 'zone13': 'https://auto13.kiotviet.vn/api', 'zone12': 'https://auto12.kiotviet.vn/api', 'zone14': 'https://auto14.kiotviet.vn/api', '59902': 'https://phuoc90...</msg>
<status status="PASS" starttime="20220121 14:17:04.212" endtime="20220121 14:17:04.213"></status>
</kw>
<kw name="Create Dictionary" library="BuiltIn">
<doc>Creates and returns a dictionary based on the given ``items``.</doc>
<arguments>
<arg>zone5=/auth/salelogin</arg>
<arg>zone13=/auth/salelogin</arg>
<arg>zone12=/auth/salelogin</arg>
<arg>zone14=/auth/salelogin</arg>
<arg>59902=/auth/salelogin</arg>
<arg>59903=/auth/salelogin</arg>
</arguments>
<assign>
<var>${dict_enp_saleLogin}</var>
</assign>
<msg timestamp="20220121 14:17:04.213" level="INFO">${dict_enp_saleLogin} = {'zone5': '/auth/salelogin', 'zone13': '/auth/salelogin', 'zone12': '/auth/salelogin', 'zone14': '/auth/salelogin', '59902': '/auth/salelogin', '59903': '/auth/salelogin'}</msg>
<status status="PASS" starttime="20220121 14:17:04.213" endtime="20220121 14:17:04.213"></status>
</kw>
<kw name="Create Dictionary" library="BuiltIn">
<doc>Creates and returns a dictionary based on the given ``items``.</doc>
<arguments>
<arg>zone5=https://api-timesheet.kiotviet.vn</arg>
<arg>zone13=https://api-timesheet.kiotviet.vn</arg>
<arg>zone12=https://api-timesheet.kiotviet.vn</arg>
<arg>zone14=https://api-timesheet.kiotviet.vn</arg>
<arg>59902=https://kvpos.com:55002</arg>
<arg>59903=https://kvpos.com:55003</arg>
</arguments>
<assign>
<var>${dict_url}</var>
</assign>
<msg timestamp="20220121 14:17:04.213" level="INFO">${dict_url} = {'zone5': 'https://api-timesheet.kiotviet.vn', 'zone13': 'https://api-timesheet.kiotviet.vn', 'zone12': 'https://api-timesheet.kiotviet.vn', 'zone14': 'https://api-timesheet.kiotviet.vn', '59902': 'ht...</msg>
<status status="PASS" starttime="20220121 14:17:04.213" endtime="20220121 14:17:04.213"></status>
</kw>
<kw name="Create Dictionary" library="BuiltIn">
<doc>Creates and returns a dictionary based on the given ``items``.</doc>
<arguments>
<arg>zone5=https://api-man.kiotviet.vn/api</arg>
<arg>zone13=https://api-man.kiotviet.vn/api</arg>
<arg>zone12=https://api-man.kiotviet.vn/api</arg>
<arg>zone14=https://api-man.kiotviet.vn/api</arg>
<arg>59902=https://kvpos.com:59932/api</arg>
<arg>59903=https://kvpos.com:59933/api</arg>
</arguments>
<assign>
<var>${dict_url_man}</var>
</assign>
<msg timestamp="20220121 14:17:04.213" level="INFO">${dict_url_man} = {'zone5': 'https://api-man.kiotviet.vn/api', 'zone13': 'https://api-man.kiotviet.vn/api', 'zone12': 'https://api-man.kiotviet.vn/api', 'zone14': 'https://api-man.kiotviet.vn/api', '59902': 'https://kv...</msg>
<status status="PASS" starttime="20220121 14:17:04.213" endtime="20220121 14:17:04.213"></status>
</kw>
<kw name="Create Dictionary" library="BuiltIn">
<doc>Creates and returns a dictionary based on the given ``items``.</doc>
<arguments>
<arg>zone5=admin</arg>
<arg>zone13=admin</arg>
<arg>zone12=admin</arg>
<arg>zone14=admin</arg>
<arg>59902=1</arg>
<arg>59903=1</arg>
</arguments>
<assign>
<var>${dict_username}</var>
</assign>
<msg timestamp="20220121 14:17:04.214" level="INFO">${dict_username} = {'zone5': 'admin', 'zone13': 'admin', 'zone12': 'admin', 'zone14': 'admin', '59902': '1', '59903': '1'}</msg>
<status status="PASS" starttime="20220121 14:17:04.214" endtime="20220121 14:17:04.214"></status>
</kw>
<kw name="Create Dictionary" library="BuiltIn">
<doc>Creates and returns a dictionary based on the given ``items``.</doc>
<arguments>
<arg>zone5=123</arg>
<arg>zone13=123</arg>
<arg>zone12=123</arg>
<arg>zone14=123</arg>
<arg>59902=1</arg>
<arg>59903=1</arg>
</arguments>
<assign>
<var>${dict_password}</var>
</assign>
<msg timestamp="20220121 14:17:04.214" level="INFO">${dict_password} = {'zone5': '123', 'zone13': '123', 'zone12': '123', 'zone14': '123', '59902': '1', '59903': '1'}</msg>
<status status="PASS" starttime="20220121 14:17:04.214" endtime="20220121 14:17:04.214"></status>
</kw>
<kw name="Create Dictionary" library="BuiltIn">
<doc>Creates and returns a dictionary based on the given ``items``.</doc>
<arguments>
<arg>zone5=auto5</arg>
<arg>zone13=auto13</arg>
<arg>zone12=auto12</arg>
<arg>zone14=auto14</arg>
<arg>59902=phuoc902</arg>
<arg>59903=phuoc903</arg>
</arguments>
<assign>
<var>${dict_retailer}</var>
</assign>
<msg timestamp="20220121 14:17:04.214" level="INFO">${dict_retailer} = {'zone5': 'auto5', 'zone13': 'auto13', 'zone12': 'auto12', 'zone14': 'auto14', '59902': 'phuoc902', '59903': 'phuoc903'}</msg>
<status status="PASS" starttime="20220121 14:17:04.214" endtime="20220121 14:17:04.214"></status>
</kw>
<kw name="Get From Dictionary" library="Collections">
<doc>Returns a value from the given ``dictionary`` based on the given ``key``.</doc>
<arguments>
<arg>${dict_username}</arg>
<arg>${env}</arg>
</arguments>
<assign>
<var>${username}</var>
</assign>
<msg timestamp="20220121 14:17:04.215" level="INFO">${username} = admin</msg>
<status status="PASS" starttime="20220121 14:17:04.214" endtime="20220121 14:17:04.215"></status>
</kw>
<kw name="Get From Dictionary" library="Collections">
<doc>Returns a value from the given ``dictionary`` based on the given ``key``.</doc>
<arguments>
<arg>${dict_password}</arg>
<arg>${env}</arg>
</arguments>
<assign>
<var>${password}</var>
</assign>
<msg timestamp="20220121 14:17:04.215" level="INFO">${password} = 123</msg>
<status status="PASS" starttime="20220121 14:17:04.215" endtime="20220121 14:17:04.215"></status>
</kw>
<kw name="Get From Dictionary" library="Collections">
<doc>Returns a value from the given ``dictionary`` based on the given ``key``.</doc>
<arguments>
<arg>${dict_retailer}</arg>
<arg>${env}</arg>
</arguments>
<assign>
<var>${retailer}</var>
</assign>
<msg timestamp="20220121 14:17:04.215" level="INFO">${retailer} = auto12</msg>
<status status="PASS" starttime="20220121 14:17:04.215" endtime="20220121 14:17:04.215"></status>
</kw>
<kw name="Get From Dictionary" library="Collections">
<doc>Returns a value from the given ``dictionary`` based on the given ``key``.</doc>
<arguments>
<arg>${dict_url_saleLogin}</arg>
<arg>${env}</arg>
</arguments>
<assign>
<var>${url_saleLogin}</var>
</assign>
<msg timestamp="20220121 14:17:04.215" level="INFO">${url_saleLogin} = https://auto12.kiotviet.vn/api</msg>
<status status="PASS" starttime="20220121 14:17:04.215" endtime="20220121 14:17:04.215"></status>
</kw>
<kw name="Get From Dictionary" library="Collections">
<doc>Returns a value from the given ``dictionary`` based on the given ``key``.</doc>
<arguments>
<arg>${dict_enp_saleLogin}</arg>
<arg>${env}</arg>
</arguments>
<assign>
<var>${enp_saleLogin}</var>
</assign>
<msg timestamp="20220121 14:17:04.216" level="INFO">${enp_saleLogin} = /auth/salelogin</msg>
<status status="PASS" starttime="20220121 14:17:04.215" endtime="20220121 14:17:04.216"></status>
</kw>
<kw name="Get From Dictionary" library="Collections">
<doc>Returns a value from the given ``dictionary`` based on the given ``key``.</doc>
<arguments>
<arg>${dict_url}</arg>
<arg>${env}</arg>
</arguments>
<assign>
<var>${url}</var>
</assign>
<msg timestamp="20220121 14:17:04.216" level="INFO">${url} = https://api-timesheet.kiotviet.vn</msg>
<status status="PASS" starttime="20220121 14:17:04.216" endtime="20220121 14:17:04.216"></status>
</kw>
<kw name="Get From Dictionary" library="Collections">
<doc>Returns a value from the given ``dictionary`` based on the given ``key``.</doc>
<arguments>
<arg>${dict_url_man}</arg>
<arg>${env}</arg>
</arguments>
<assign>
<var>${url_man}</var>
</assign>
<msg timestamp="20220121 14:17:04.216" level="INFO">${url_man} = https://api-man.kiotviet.vn/api</msg>
<status status="PASS" starttime="20220121 14:17:04.216" endtime="20220121 14:17:04.216"></status>
</kw>
<kw name="Set Global Variable" library="BuiltIn">
<doc>Makes a variable available globally in all tests and suites.</doc>
<arguments>
<arg>${username}</arg>
<arg>${username}</arg>
</arguments>
<msg timestamp="20220121 14:17:04.216" level="INFO">${username} = admin</msg>
<status status="PASS" starttime="20220121 14:17:04.216" endtime="20220121 14:17:04.216"></status>
</kw>
<kw name="Set Global Variable" library="BuiltIn">
<doc>Makes a variable available globally in all tests and suites.</doc>
<arguments>
<arg>${password}</arg>
<arg>${password}</arg>
</arguments>
<msg timestamp="20220121 14:17:04.217" level="INFO">${password} = 123</msg>
<status status="PASS" starttime="20220121 14:17:04.216" endtime="20220121 14:17:04.217"></status>
</kw>
<kw name="Set Global Variable" library="BuiltIn">
<doc>Makes a variable available globally in all tests and suites.</doc>
<arguments>
<arg>${retailer}</arg>
<arg>${retailer}</arg>
</arguments>
<msg timestamp="20220121 14:17:04.217" level="INFO">${retailer} = auto12</msg>
<status status="PASS" starttime="20220121 14:17:04.217" endtime="20220121 14:17:04.217"></status>
</kw>
<kw name="Set Global Variable" library="BuiltIn">
<doc>Makes a variable available globally in all tests and suites.</doc>
<arguments>
<arg>${url_saleLogin}</arg>
<arg>${url_saleLogin}</arg>
</arguments>
<msg timestamp="20220121 14:17:04.217" level="INFO">${url_saleLogin} = https://auto12.kiotviet.vn/api</msg>
<status status="PASS" starttime="20220121 14:17:04.217" endtime="20220121 14:17:04.217"></status>
</kw>
<kw name="Set Global Variable" library="BuiltIn">
<doc>Makes a variable available globally in all tests and suites.</doc>
<arguments>
<arg>${enp_saleLogin}</arg>
<arg>${enp_saleLogin}</arg>
</arguments>
<msg timestamp="20220121 14:17:04.217" level="INFO">${enp_saleLogin} = /auth/salelogin</msg>
<status status="PASS" starttime="20220121 14:17:04.217" endtime="20220121 14:17:04.218"></status>
</kw>
<kw name="Set Global Variable" library="BuiltIn">
<doc>Makes a variable available globally in all tests and suites.</doc>
<arguments>
<arg>${url}</arg>
<arg>${url}</arg>
</arguments>
<msg timestamp="20220121 14:17:04.218" level="INFO">${url} = https://api-timesheet.kiotviet.vn</msg>
<status status="PASS" starttime="20220121 14:17:04.218" endtime="20220121 14:17:04.218"></status>
</kw>
<kw name="Set Global Variable" library="BuiltIn">
<doc>Makes a variable available globally in all tests and suites.</doc>
<arguments>
<arg>${url_man}</arg>
<arg>${url_man}</arg>
</arguments>
<msg timestamp="20220121 14:17:04.218" level="INFO">${url_man} = https://api-man.kiotviet.vn/api</msg>
<status status="PASS" starttime="20220121 14:17:04.218" endtime="20220121 14:17:04.218"></status>
</kw>
<kw name="Create Dictionary" library="BuiltIn">
<doc>Creates and returns a dictionary based on the given ``items``.</doc>
<arguments>
<arg>retailer=${retailer}</arg>
<arg>Content-Type=application/json;charset=utf-8</arg>
</arguments>
<assign>
<var>${header}</var>
</assign>
<msg timestamp="20220121 14:17:04.218" level="INFO">${header} = {'retailer': 'auto12', 'Content-Type': 'application/json;charset=utf-8'}</msg>
<status status="PASS" starttime="20220121 14:17:04.218" endtime="20220121 14:17:04.218"></status>
</kw>
<kw name="Create Dictionary" library="BuiltIn">
<doc>Creates and returns a dictionary based on the given ``items``.</doc>
<arguments>
<arg>UserName=${username}</arg>
<arg>Password=${password}</arg>
</arguments>
<assign>
<var>${data_saleLogin}</var>
</assign>
<msg timestamp="20220121 14:17:04.219" level="INFO">${data_saleLogin} = {'UserName': 'admin', 'Password': '123'}</msg>
<status status="PASS" starttime="20220121 14:17:04.218" endtime="20220121 14:17:04.219"></status>
</kw>
<kw name="Create Session" library="RequestsLibrary">
<doc>Create Session: create a HTTP session to a server</doc>
<arguments>
<arg>sessionLogin</arg>
<arg>${url_saleLogin}</arg>
</arguments>
<msg timestamp="20220121 14:17:04.219" level="INFO">Creating Session using : alias=sessionLogin, url=https://auto12.kiotviet.vn/api, headers={},                     cookies=None, auth=None, timeout=None, proxies=None, verify=False,                     debug=0 </msg>
<status status="PASS" starttime="20220121 14:17:04.219" endtime="20220121 14:17:04.219"></status>
</kw>
<kw name="Post Request" library="RequestsLibrary">
<doc>Send a POST request on the session object found using the</doc>
<arguments>
<arg>sessionLogin</arg>
<arg>${enp_saleLogin}</arg>
<arg>${header}</arg>
<arg>${data_saleLogin}</arg>
</arguments>
<assign>
<var>${resp}</var>
</assign>
<msg timestamp="20220121 14:17:04.878" level="INFO">Post Request using : alias=sessionLogin, uri=/auth/salelogin, data=&lt;empty&gt;, headers=None, files=None, allow_redirects=True </msg>
<msg timestamp="20220121 14:17:04.878" level="INFO">C:\Users\Tester-F1\AppData\Local\Programs\Python\Python38\lib\site-packages\urllib3\connectionpool.py:1013: InsecureRequestWarning: Unverified HTTPS request is being made to host 'auto12.kiotviet.vn'. Adding certificate verification is strongly advised. See: https://urllib3.readthedocs.io/en/1.26.x/advanced-usage.html#ssl-warnings
  warnings.warn(</msg>
<msg timestamp="20220121 14:17:04.878" level="INFO">${resp} = &lt;Response [200]&gt;</msg>
<status status="PASS" starttime="20220121 14:17:04.219" endtime="20220121 14:17:04.878"></status>
</kw>
<kw name="Log" library="BuiltIn">
<doc>Logs the given message with the given level.</doc>
<arguments>
<arg>${resp.json()}</arg>
</arguments>
<msg timestamp="20220121 14:17:04.879" level="INFO">{'UserId': 438680, 'UserName': 'admin', 'SessionId': 'HclheUvRpP0wwsvk1ih9', 'BearerToken': 'eyJ0eXAiOiJKV1QiLCJhbGciOiJSUzI1NiIsImtpZCI6IndYYSJ9.eyJpc3MiOiJrdnNzand0Iiwic3ViIjo0Mzg2ODAsImlhdCI6MTY0Mjc0OTQyNCwiZXhwIjoxNjQ1MTY4NjI0LCJwcmVmZXJyZWRfdXNlcm5hbWUiOiJhZG1pbiIsInJvbGVzIjpbIlVzZXIiXSwia3ZzZXMiOiI1NWVjMWUxYjViMGE0ZThjOTg0ZmMzODY4NDIyZTAyNiIsImt2dWlkIjo0Mzg2ODAsImt2bGFuZyI6InZpLVZOIiwia3Z1dHlwZSI6MCwia3Z1bGltaXQiOiJGYWxzZSIsImt2dWFkbWluIjoiVHJ1ZSIsImt2dWFjdCI6IlRydWUiLCJrdnVsaW1pdHRyYW5zIjoiRmFsc2UiLCJrdnVzaG93c3VtIjoiVHJ1ZSIsImt2YmlkIjoxODEyMzUsImt2cmluZGlkIjoxMCwia3ZyY29kZSI6ImF1dG8xMiIsImt2cmlkIjozMzk3NTgsImt2dXJpZCI6MzM5NzU4LCJrdnJnaWQiOjEyLCJwZXJtcyI6IiJ9.oU8GedoZyP4WKIhKomoDWv7hzikI1gHN0PyjY0xouqyVDampQQs_ceHWlHB_sv8nEBocqXxrhXsyrcuR4ukj5LTuZMF2UFBpvaKxqM-QRJD9OdHVCp1SuMFnJb0YE1pBUfy5b63bfc692IKctaAO2sIwnMAOggn0EpVZ4mBQLsR9xUvqV-IIASR3XbCxTe_K0D0muNZq9luFQAkjBNpJJG76aTGOqZ1_Sthe3Tj0_tUQ0GbYVdM6JgpRp2jo25BTeSLBh9FI7naotyu5vDLrHqECajrF8JZ6G-8xMQTRDmLjXyDy6SyjXD1qgtNZaveKLUB2w4BabLX5OMU0-zaavA', 'CurrentBranchId': 181235, 'IsShowNotificationPopupDr': True, 'IsOTPVerifcationRequired': False}</msg>
<status status="PASS" starttime="20220121 14:17:04.878" endtime="20220121 14:17:04.879"></status>
</kw>
<kw name="Get Value From Json KV" library="share">
<arguments>
<arg>${resp.json()}</arg>
<arg>$.BearerToken</arg>
</arguments>
<assign>
<var>${token}</var>
</assign>
<kw name="Get Value From Json" library="JSONLibrary">
<doc>Get Value From JSON using JSONPath</doc>
<arguments>
<arg>${resp_json}</arg>
<arg>${json_path}</arg>
</arguments>
<assign>
<var>${result}</var>
</assign>
<msg timestamp="20220121 14:17:04.920" level="INFO">${result} = ['eyJ0eXAiOiJKV1QiLCJhbGciOiJSUzI1NiIsImtpZCI6IndYYSJ9.eyJpc3MiOiJrdnNzand0Iiwic3ViIjo0Mzg2ODAsImlhdCI6MTY0Mjc0OTQyNCwiZXhwIjoxNjQ1MTY4NjI0LCJwcmVmZXJyZWRfdXNlcm5hbWUiOiJhZG1pbiIsInJvbGVzIjpbIlVzZXIiX...</msg>
<status status="PASS" starttime="20220121 14:17:04.879" endtime="20220121 14:17:04.920"></status>
</kw>
<kw name="Get Length" library="BuiltIn">
<doc>Returns and logs the length of the given item as an integer.</doc>
<arguments>
<arg>${result}</arg>
</arguments>
<assign>
<var>${lenght}</var>
</assign>
<msg timestamp="20220121 14:17:04.920" level="INFO">Length is 1</msg>
<msg timestamp="20220121 14:17:04.921" level="INFO">${lenght} = 1</msg>
<status status="PASS" starttime="20220121 14:17:04.920" endtime="20220121 14:17:04.921"></status>
</kw>
<kw name="Get From List" library="Collections">
<doc>Returns the value specified with an ``index`` from ``list``.</doc>
<arguments>
<arg>${result}</arg>
<arg>0</arg>
</arguments>
<assign>
<var>${result}</var>
</assign>
<msg timestamp="20220121 14:17:04.921" level="INFO">${result} = eyJ0eXAiOiJKV1QiLCJhbGciOiJSUzI1NiIsImtpZCI6IndYYSJ9.eyJpc3MiOiJrdnNzand0Iiwic3ViIjo0Mzg2ODAsImlhdCI6MTY0Mjc0OTQyNCwiZXhwIjoxNjQ1MTY4NjI0LCJwcmVmZXJyZWRfdXNlcm5hbWUiOiJhZG1pbiIsInJvbGVzIjpbIlVzZXIiXSw...</msg>
<status status="PASS" starttime="20220121 14:17:04.921" endtime="20220121 14:17:04.921"></status>
</kw>
<kw name="Run Keyword If" library="BuiltIn">
<doc>Runs the given keyword with the given arguments, if ``condition`` is true.</doc>
<arguments>
<arg>${lenght}==0</arg>
<arg>Return From Keyword</arg>
<arg>${0}</arg>
<arg>ELSE</arg>
<arg>Return From Keyword</arg>
<arg>${result}</arg>
</arguments>
<kw name="Return From Keyword" library="BuiltIn">
<doc>Returns from the enclosing user keyword.</doc>
<arguments>
<arg>${result}</arg>
</arguments>
<msg timestamp="20220121 14:17:04.921" level="INFO">Returning from the enclosing user keyword.</msg>
<status status="PASS" starttime="20220121 14:17:04.921" endtime="20220121 14:17:04.921"></status>
</kw>
<status status="PASS" starttime="20220121 14:17:04.921" endtime="20220121 14:17:04.921"></status>
</kw>
<msg timestamp="20220121 14:17:04.921" level="INFO">${token} = eyJ0eXAiOiJKV1QiLCJhbGciOiJSUzI1NiIsImtpZCI6IndYYSJ9.eyJpc3MiOiJrdnNzand0Iiwic3ViIjo0Mzg2ODAsImlhdCI6MTY0Mjc0OTQyNCwiZXhwIjoxNjQ1MTY4NjI0LCJwcmVmZXJyZWRfdXNlcm5hbWUiOiJhZG1pbiIsInJvbGVzIjpbIlVzZXIiXSw...</msg>
<status status="PASS" starttime="20220121 14:17:04.879" endtime="20220121 14:17:04.921"></status>
</kw>
<kw name="Catenate" library="BuiltIn">
<doc>Catenates the given items together and returns the resulted string.</doc>
<arguments>
<arg>Bearer</arg>
<arg>${token}</arg>
</arguments>
<assign>
<var>${token}</var>
</assign>
<msg timestamp="20220121 14:17:04.922" level="INFO">${token} = Bearer eyJ0eXAiOiJKV1QiLCJhbGciOiJSUzI1NiIsImtpZCI6IndYYSJ9.eyJpc3MiOiJrdnNzand0Iiwic3ViIjo0Mzg2ODAsImlhdCI6MTY0Mjc0OTQyNCwiZXhwIjoxNjQ1MTY4NjI0LCJwcmVmZXJyZWRfdXNlcm5hbWUiOiJhZG1pbiIsInJvbGVzIjpbIlVz...</msg>
<status status="PASS" starttime="20220121 14:17:04.922" endtime="20220121 14:17:04.922"></status>
</kw>
<kw name="Get Value From Json KV" library="share">
<arguments>
<arg>${resp.json()}</arg>
<arg>$.CurrentBranchId</arg>
</arguments>
<assign>
<var>${branchId}</var>
</assign>
<kw name="Get Value From Json" library="JSONLibrary">
<doc>Get Value From JSON using JSONPath</doc>
<arguments>
<arg>${resp_json}</arg>
<arg>${json_path}</arg>
</arguments>
<assign>
<var>${result}</var>
</assign>
<msg timestamp="20220121 14:17:04.939" level="INFO">${result} = [181235]</msg>
<status status="PASS" starttime="20220121 14:17:04.922" endtime="20220121 14:17:04.939"></status>
</kw>
<kw name="Get Length" library="BuiltIn">
<doc>Returns and logs the length of the given item as an integer.</doc>
<arguments>
<arg>${result}</arg>
</arguments>
<assign>
<var>${lenght}</var>
</assign>
<msg timestamp="20220121 14:17:04.939" level="INFO">Length is 1</msg>
<msg timestamp="20220121 14:17:04.939" level="INFO">${lenght} = 1</msg>
<status status="PASS" starttime="20220121 14:17:04.939" endtime="20220121 14:17:04.939"></status>
</kw>
<kw name="Get From List" library="Collections">
<doc>Returns the value specified with an ``index`` from ``list``.</doc>
<arguments>
<arg>${result}</arg>
<arg>0</arg>
</arguments>
<assign>
<var>${result}</var>
</assign>
<msg timestamp="20220121 14:17:04.940" level="INFO">${result} = 181235</msg>
<status status="PASS" starttime="20220121 14:17:04.939" endtime="20220121 14:17:04.940"></status>
</kw>
<kw name="Run Keyword If" library="BuiltIn">
<doc>Runs the given keyword with the given arguments, if ``condition`` is true.</doc>
<arguments>
<arg>${lenght}==0</arg>
<arg>Return From Keyword</arg>
<arg>${0}</arg>
<arg>ELSE</arg>
<arg>Return From Keyword</arg>
<arg>${result}</arg>
</arguments>
<kw name="Return From Keyword" library="BuiltIn">
<doc>Returns from the enclosing user keyword.</doc>
<arguments>
<arg>${result}</arg>
</arguments>
<msg timestamp="20220121 14:17:04.940" level="INFO">Returning from the enclosing user keyword.</msg>
<status status="PASS" starttime="20220121 14:17:04.940" endtime="20220121 14:17:04.940"></status>
</kw>
<status status="PASS" starttime="20220121 14:17:04.940" endtime="20220121 14:17:04.940"></status>
</kw>
<msg timestamp="20220121 14:17:04.940" level="INFO">${branchId} = 181235</msg>
<status status="PASS" starttime="20220121 14:17:04.922" endtime="20220121 14:17:04.940"></status>
</kw>
<kw name="Convert To String" library="BuiltIn">
<doc>Converts the given item to a Unicode string.</doc>
<arguments>
<arg>${branchId}</arg>
</arguments>
<assign>
<var>${branchId}</var>
</assign>
<msg timestamp="20220121 14:17:04.940" level="INFO">${branchId} = 181235</msg>
<status status="PASS" starttime="20220121 14:17:04.940" endtime="20220121 14:17:04.940"></status>
</kw>
<kw name="Set Global Variable" library="BuiltIn">
<doc>Makes a variable available globally in all tests and suites.</doc>
<arguments>
<arg>${branchId}</arg>
<arg>${branchId}</arg>
</arguments>
<msg timestamp="20220121 14:17:04.941" level="INFO">${branchId} = 181235</msg>
<status status="PASS" starttime="20220121 14:17:04.940" endtime="20220121 14:17:04.941"></status>
</kw>
<kw name="Get Value From Json KV" library="share">
<arguments>
<arg>${resp.json()}</arg>
<arg>$.UserId</arg>
</arguments>
<assign>
<var>${user_login}</var>
</assign>
<kw name="Get Value From Json" library="JSONLibrary">
<doc>Get Value From JSON using JSONPath</doc>
<arguments>
<arg>${resp_json}</arg>
<arg>${json_path}</arg>
</arguments>
<assign>
<var>${result}</var>
</assign>
<msg timestamp="20220121 14:17:04.958" level="INFO">${result} = [438680]</msg>
<status status="PASS" starttime="20220121 14:17:04.941" endtime="20220121 14:17:04.958"></status>
</kw>
<kw name="Get Length" library="BuiltIn">
<doc>Returns and logs the length of the given item as an integer.</doc>
<arguments>
<arg>${result}</arg>
</arguments>
<assign>
<var>${lenght}</var>
</assign>
<msg timestamp="20220121 14:17:04.958" level="INFO">Length is 1</msg>
<msg timestamp="20220121 14:17:04.958" level="INFO">${lenght} = 1</msg>
<status status="PASS" starttime="20220121 14:17:04.958" endtime="20220121 14:17:04.958"></status>
</kw>
<kw name="Get From List" library="Collections">
<doc>Returns the value specified with an ``index`` from ``list``.</doc>
<arguments>
<arg>${result}</arg>
<arg>0</arg>
</arguments>
<assign>
<var>${result}</var>
</assign>
<msg timestamp="20220121 14:17:04.958" level="INFO">${result} = 438680</msg>
<status status="PASS" starttime="20220121 14:17:04.958" endtime="20220121 14:17:04.958"></status>
</kw>
<kw name="Run Keyword If" library="BuiltIn">
<doc>Runs the given keyword with the given arguments, if ``condition`` is true.</doc>
<arguments>
<arg>${lenght}==0</arg>
<arg>Return From Keyword</arg>
<arg>${0}</arg>
<arg>ELSE</arg>
<arg>Return From Keyword</arg>
<arg>${result}</arg>
</arguments>
<kw name="Return From Keyword" library="BuiltIn">
<doc>Returns from the enclosing user keyword.</doc>
<arguments>
<arg>${result}</arg>
</arguments>
<msg timestamp="20220121 14:17:04.959" level="INFO">Returning from the enclosing user keyword.</msg>
<status status="PASS" starttime="20220121 14:17:04.959" endtime="20220121 14:17:04.959"></status>
</kw>
<status status="PASS" starttime="20220121 14:17:04.959" endtime="20220121 14:17:04.959"></status>
</kw>
<msg timestamp="20220121 14:17:04.959" level="INFO">${user_login} = 438680</msg>
<status status="PASS" starttime="20220121 14:17:04.941" endtime="20220121 14:17:04.959"></status>
</kw>
<kw name="Set Global Variable" library="BuiltIn">
<doc>Makes a variable available globally in all tests and suites.</doc>
<arguments>
<arg>${user_login}</arg>
<arg>${user_login}</arg>
</arguments>
<msg timestamp="20220121 14:17:04.959" level="INFO">${user_login} = 438680</msg>
<status status="PASS" starttime="20220121 14:17:04.959" endtime="20220121 14:17:04.959"></status>
</kw>
<kw name="Create Dictionary" library="BuiltIn">
<doc>Creates and returns a dictionary based on the given ``items``.</doc>
<arguments>
<arg>retailer=${retailer}</arg>
<arg>Content-Type=application/json;charset=utf-8</arg>
<arg>branchid=${branchId}</arg>
<arg>Authorization=${token}</arg>
</arguments>
<assign>
<var>${header}</var>
</assign>
<msg timestamp="20220121 14:17:04.960" level="INFO">${header} = {'retailer': 'auto12', 'Content-Type': 'application/json;charset=utf-8', 'branchid': '181235', 'Authorization': 'Bearer eyJ0eXAiOiJKV1QiLCJhbGciOiJSUzI1NiIsImtpZCI6IndYYSJ9.eyJpc3MiOiJrdnNzand0Iiwic3V...</msg>
<status status="PASS" starttime="20220121 14:17:04.960" endtime="20220121 14:17:04.960"></status>
</kw>
<kw name="Create Dictionary" library="BuiltIn">
<doc>Creates and returns a dictionary based on the given ``items``.</doc>
<arguments>
<arg>retailer=${retailer}</arg>
<arg>branchid=${branchId}</arg>
<arg>Authorization=${token}</arg>
</arguments>
<assign>
<var>${headers_not_contenType}</var>
</assign>
<msg timestamp="20220121 14:17:04.960" level="INFO">${headers_not_contenType} = {'retailer': 'auto12', 'branchid': '181235', 'Authorization': 'Bearer eyJ0eXAiOiJKV1QiLCJhbGciOiJSUzI1NiIsImtpZCI6IndYYSJ9.eyJpc3MiOiJrdnNzand0Iiwic3ViIjo0Mzg2ODAsImlhdCI6MTY0Mjc0OTQyNCwiZXhwIjoxNjQ1M...</msg>
<status status="PASS" starttime="20220121 14:17:04.960" endtime="20220121 14:17:04.960"></status>
</kw>
<kw name="Set Global Variable" library="BuiltIn">
<doc>Makes a variable available globally in all tests and suites.</doc>
<arguments>
<arg>${header}</arg>
<arg>${header}</arg>
</arguments>
<msg timestamp="20220121 14:17:04.960" level="INFO">${header} = {'retailer': 'auto12', 'Content-Type': 'application/json;charset=utf-8', 'branchid': '181235', 'Authorization': 'Bearer eyJ0eXAiOiJKV1QiLCJhbGciOiJSUzI1NiIsImtpZCI6IndYYSJ9.eyJpc3MiOiJrdnNzand0Iiwic3V...</msg>
<status status="PASS" starttime="20220121 14:17:04.960" endtime="20220121 14:17:04.961"></status>
</kw>
<kw name="Set Global Variable" library="BuiltIn">
<doc>Makes a variable available globally in all tests and suites.</doc>
<arguments>
<arg>${headers_not_contenType}</arg>
<arg>${headers_not_contenType}</arg>
</arguments>
<msg timestamp="20220121 14:17:04.961" level="INFO">${headers_not_contenType} = {'retailer': 'auto12', 'branchid': '181235', 'Authorization': 'Bearer eyJ0eXAiOiJKV1QiLCJhbGciOiJSUzI1NiIsImtpZCI6IndYYSJ9.eyJpc3MiOiJrdnNzand0Iiwic3ViIjo0Mzg2ODAsImlhdCI6MTY0Mjc0OTQyNCwiZXhwIjoxNjQ1M...</msg>
<status status="PASS" starttime="20220121 14:17:04.961" endtime="20220121 14:17:04.961"></status>
</kw>
<kw name="Create Session" library="RequestsLibrary">
<doc>Create Session: create a HTTP session to a server</doc>
<arguments>
<arg>session</arg>
<arg>${url}</arg>
<arg>${headers_not_contenType}</arg>
</arguments>
<msg timestamp="20220121 14:17:04.961" level="INFO">Creating Session using : alias=session, url=https://api-timesheet.kiotviet.vn, headers={'retailer': 'auto12', 'branchid': '181235', 'Authorization': 'Bearer eyJ0eXAiOiJKV1QiLCJhbGciOiJSUzI1NiIsImtpZCI6IndYYSJ9.eyJpc3MiOiJrdnNzand0Iiwic3ViIjo0Mzg2ODAsImlhdCI6MTY0Mjc0OTQyNCwiZXhwIjoxNjQ1MTY4NjI0LCJwcmVmZXJyZWRfdXNlcm5hbWUiOiJhZG1pbiIsInJvbGVzIjpbIlVzZXIiXSwia3ZzZXMiOiI1NWVjMWUxYjViMGE0ZThjOTg0ZmMzODY4NDIyZTAyNiIsImt2dWlkIjo0Mzg2ODAsImt2bGFuZyI6InZpLVZOIiwia3Z1dHlwZSI6MCwia3Z1bGltaXQiOiJGYWxzZSIsImt2dWFkbWluIjoiVHJ1ZSIsImt2dWFjdCI6IlRydWUiLCJrdnVsaW1pdHRyYW5zIjoiRmFsc2UiLCJrdnVzaG93c3VtIjoiVHJ1ZSIsImt2YmlkIjoxODEyMzUsImt2cmluZGlkIjoxMCwia3ZyY29kZSI6ImF1dG8xMiIsImt2cmlkIjozMzk3NTgsImt2dXJpZCI6MzM5NzU4LCJrdnJnaWQiOjEyLCJwZXJtcyI6IiJ9.oU8GedoZyP4WKIhKomoDWv7hzikI1gHN0PyjY0xouqyVDampQQs_ceHWlHB_sv8nEBocqXxrhXsyrcuR4ukj5LTuZMF2UFBpvaKxqM-QRJD9OdHVCp1SuMFnJb0YE1pBUfy5b63bfc692IKctaAO2sIwnMAOggn0EpVZ4mBQLsR9xUvqV-IIASR3XbCxTe_K0D0muNZq9luFQAkjBNpJJG76aTGOqZ1_Sthe3Tj0_tUQ0GbYVdM6JgpRp2jo25BTeSLBh9FI7naotyu5vDLrHqECajrF8JZ6G-8xMQTRDmLjXyDy6SyjXD1qgtNZaveKLUB2w4BabLX5OMU0-zaavA'},                     cookies=None, auth=None, timeout=None, proxies=None, verify=False,                     debug=0 </msg>
<status status="PASS" starttime="20220121 14:17:04.961" endtime="20220121 14:17:04.961"></status>
</kw>
<kw name="Create Session" library="RequestsLibrary">
<doc>Create Session: create a HTTP session to a server</doc>
<arguments>
<arg>sessionMan</arg>
<arg>${url_man}</arg>
<arg>${header}</arg>
</arguments>
<msg timestamp="20220121 14:17:04.961" level="INFO">Creating Session using : alias=sessionMan, url=https://api-man.kiotviet.vn/api, headers={'retailer': 'auto12', 'Content-Type': 'application/json;charset=utf-8', 'branchid': '181235', 'Authorization': 'Bearer eyJ0eXAiOiJKV1QiLCJhbGciOiJSUzI1NiIsImtpZCI6IndYYSJ9.eyJpc3MiOiJrdnNzand0Iiwic3ViIjo0Mzg2ODAsImlhdCI6MTY0Mjc0OTQyNCwiZXhwIjoxNjQ1MTY4NjI0LCJwcmVmZXJyZWRfdXNlcm5hbWUiOiJhZG1pbiIsInJvbGVzIjpbIlVzZXIiXSwia3ZzZXMiOiI1NWVjMWUxYjViMGE0ZThjOTg0ZmMzODY4NDIyZTAyNiIsImt2dWlkIjo0Mzg2ODAsImt2bGFuZyI6InZpLVZOIiwia3Z1dHlwZSI6MCwia3Z1bGltaXQiOiJGYWxzZSIsImt2dWFkbWluIjoiVHJ1ZSIsImt2dWFjdCI6IlRydWUiLCJrdnVsaW1pdHRyYW5zIjoiRmFsc2UiLCJrdnVzaG93c3VtIjoiVHJ1ZSIsImt2YmlkIjoxODEyMzUsImt2cmluZGlkIjoxMCwia3ZyY29kZSI6ImF1dG8xMiIsImt2cmlkIjozMzk3NTgsImt2dXJpZCI6MzM5NzU4LCJrdnJnaWQiOjEyLCJwZXJtcyI6IiJ9.oU8GedoZyP4WKIhKomoDWv7hzikI1gHN0PyjY0xouqyVDampQQs_ceHWlHB_sv8nEBocqXxrhXsyrcuR4ukj5LTuZMF2UFBpvaKxqM-QRJD9OdHVCp1SuMFnJb0YE1pBUfy5b63bfc692IKctaAO2sIwnMAOggn0EpVZ4mBQLsR9xUvqV-IIASR3XbCxTe_K0D0muNZq9luFQAkjBNpJJG76aTGOqZ1_Sthe3Tj0_tUQ0GbYVdM6JgpRp2jo25BTeSLBh9FI7naotyu5vDLrHqECajrF8JZ6G-8xMQTRDmLjXyDy6SyjXD1qgtNZaveKLUB2w4BabLX5OMU0-zaavA'},                     cookies=None, auth=None, timeout=None, proxies=None, verify=False,                     debug=0 </msg>
<status status="PASS" starttime="20220121 14:17:04.961" endtime="20220121 14:17:04.962"></status>
</kw>
<kw name="Set Global Variable" library="BuiltIn">
<doc>Makes a variable available globally in all tests and suites.</doc>
<arguments>
<arg>${session}</arg>
<arg>session</arg>
</arguments>
<msg timestamp="20220121 14:17:04.962" level="INFO">${session} = session</msg>
<status status="PASS" starttime="20220121 14:17:04.962" endtime="20220121 14:17:04.962"></status>
</kw>
<kw name="Set Global Variable" library="BuiltIn">
<doc>Makes a variable available globally in all tests and suites.</doc>
<arguments>
<arg>${session_man}</arg>
<arg>sessionMan</arg>
</arguments>
<msg timestamp="20220121 14:17:04.963" level="INFO">${session_man} = sessionMan</msg>
<status status="PASS" starttime="20220121 14:17:04.962" endtime="20220121 14:17:04.963"></status>
</kw>
<kw name="Random a String Letter" library="share_random">
<arguments>
<arg>4</arg>
</arguments>
<assign>
<var>${random_str}</var>
</assign>
<kw name="Generate Random String" library="String">
<doc>Generates a string with a desired ``length`` from the given ``chars``.</doc>
<arguments>
<arg>${number}</arg>
<arg>[LETTERS]</arg>
</arguments>
<assign>
<var>${random_str}</var>
</assign>
<msg timestamp="20220121 14:17:04.963" level="INFO">${random_str} = KQMm</msg>
<status status="PASS" starttime="20220121 14:17:04.963" endtime="20220121 14:17:04.963"></status>
</kw>
<kw name="Return From Keyword" library="BuiltIn">
<doc>Returns from the enclosing user keyword.</doc>
<arguments>
<arg>${random_str}</arg>
</arguments>
<msg timestamp="20220121 14:17:04.964" level="INFO">Returning from the enclosing user keyword.</msg>
<status status="PASS" starttime="20220121 14:17:04.964" endtime="20220121 14:17:04.964"></status>
</kw>
<msg timestamp="20220121 14:17:04.964" level="INFO">${random_str} = KQMm</msg>
<status status="PASS" starttime="20220121 14:17:04.963" endtime="20220121 14:17:04.964"></status>
</kw>
<kw name="Set Global Variable" library="BuiltIn">
<doc>Makes a variable available globally in all tests and suites.</doc>
<arguments>
<arg>${random_str}</arg>
<arg>${random_str}</arg>
</arguments>
<msg timestamp="20220121 14:17:04.964" level="INFO">${random_str} = KQMm</msg>
<status status="PASS" starttime="20220121 14:17:04.964" endtime="20220121 14:17:04.964"></status>
</kw>
<kw name="Random a Number" library="share_random">
<arguments>
<arg>8</arg>
</arguments>
<assign>
<var>${random_number}</var>
</assign>
<kw name="Generate Random String" library="String">
<doc>Generates a string with a desired ``length`` from the given ``chars``.</doc>
<arguments>
<arg>${number}</arg>
<arg>[NUMBERS]</arg>
</arguments>
<assign>
<var>${random_number}</var>
</assign>
<msg timestamp="20220121 14:17:04.965" level="INFO">${random_number} = 08931007</msg>
<status status="PASS" starttime="20220121 14:17:04.964" endtime="20220121 14:17:04.965"></status>
</kw>
<kw name="Return From Keyword" library="BuiltIn">
<doc>Returns from the enclosing user keyword.</doc>
<arguments>
<arg>${random_number}</arg>
</arguments>
<msg timestamp="20220121 14:17:04.965" level="INFO">Returning from the enclosing user keyword.</msg>
<status status="PASS" starttime="20220121 14:17:04.965" endtime="20220121 14:17:04.965"></status>
</kw>
<msg timestamp="20220121 14:17:04.965" level="INFO">${random_number} = 08931007</msg>
<status status="PASS" starttime="20220121 14:17:04.964" endtime="20220121 14:17:04.965"></status>
</kw>
<kw name="Set Global Variable" library="BuiltIn">
<doc>Makes a variable available globally in all tests and suites.</doc>
<arguments>
<arg>${random_number}</arg>
<arg>${random_number}</arg>
</arguments>
<msg timestamp="20220121 14:17:04.965" level="INFO">${random_number} = 08931007</msg>
<status status="PASS" starttime="20220121 14:17:04.965" endtime="20220121 14:17:04.965"></status>
</kw>
<status status="PASS" starttime="20220121 14:17:04.212" endtime="20220121 14:17:04.965"></status>
</kw>
<kw name="Test After" type="teardown">
<kw name="Delete Allowance">
<msg timestamp="20220121 14:17:04.976" level="FAIL">No keyword with name 'Delete Allowance' found.</msg>
<status status="FAIL" starttime="20220121 14:17:04.976" endtime="20220121 14:17:04.976"></status>
</kw>
<status status="FAIL" starttime="20220121 14:17:04.974" endtime="20220121 14:17:04.976">No keyword with name 'Delete Allowance' found.</status>
</kw>
<test id="s1-s1-s1-t1" name="Create allowance">
<kw name="Create Allowance">
<arguments>
<arg>0</arg>
<arg>${random_str}</arg>
<arg>${type_allowance}</arg>
<arg>${value_allowance}</arg>
<arg>200</arg>
</arguments>
<assign>
<var>${resp}</var>
</assign>
<msg timestamp="20220121 14:17:04.968" level="FAIL">No keyword with name 'Create Allowance' found.</msg>
<status status="FAIL" starttime="20220121 14:17:04.967" endtime="20220121 14:17:04.968"></status>
</kw>
<doc>Thêm mới phụ cấp</doc>
<tags>
<tag>all</tag>
<tag>allowance</tag>
</tags>
<status status="FAIL" starttime="20220121 14:17:04.965" endtime="20220121 14:17:04.968" critical="yes">No keyword with name 'Create Allowance' found.

Also parent suite teardown failed:
No keyword with name 'Delete Allowance' found.</status>
</test>
<test id="s1-s1-s1-t2" name="Create duplicate allowance">
<kw name="Get name Allowance">
<assign>
<var>${name}</var>
</assign>
<msg timestamp="20220121 14:17:04.970" level="FAIL">No keyword with name 'Get name Allowance' found.</msg>
<status status="FAIL" starttime="20220121 14:17:04.970" endtime="20220121 14:17:04.970"></status>
</kw>
<doc>Thêm mới phụ cấp trùng tên</doc>
<tags>
<tag>all</tag>
<tag>allowance</tag>
</tags>
<status status="FAIL" starttime="20220121 14:17:04.968" endtime="20220121 14:17:04.970" critical="yes">No keyword with name 'Get name Allowance' found.

Also parent suite teardown failed:
No keyword with name 'Delete Allowance' found.</status>
</test>
<test id="s1-s1-s1-t3" name="Create empty allowance">
<kw name="Create Allowance">
<arguments>
<arg>0</arg>
<arg>\ \</arg>
<arg>${type_allowance}</arg>
<arg>${value_allowance}</arg>
<arg>400</arg>
</arguments>
<assign>
<var>${resp}</var>
</assign>
<msg timestamp="20220121 14:17:04.972" level="FAIL">No keyword with name 'Create Allowance' found.</msg>
<status status="FAIL" starttime="20220121 14:17:04.972" endtime="20220121 14:17:04.973"></status>
</kw>
<doc>Thêm mới phụ cấp rỗng</doc>
<tags>
<tag>all</tag>
<tag>allowance</tag>
</tags>
<status status="FAIL" starttime="20220121 14:17:04.970" endtime="20220121 14:17:04.973" critical="yes">No keyword with name 'Create Allowance' found.

Also parent suite teardown failed:
No keyword with name 'Delete Allowance' found.</status>
</test>
<test id="s1-s1-s1-t4" name="Update allowance">
<kw name="Update Allowance">
<arguments>
<arg>Update ${random_str}</arg>
<arg>${type_allowance}</arg>
<arg>${value_allowance}</arg>
</arguments>
<assign>
<var>${resp}</var>
</assign>
<msg timestamp="20220121 14:17:04.974" level="FAIL">No keyword with name 'Update Allowance' found.</msg>
<status status="FAIL" starttime="20220121 14:17:04.974" endtime="20220121 14:17:04.974"></status>
</kw>
<doc>Update phụ cấp</doc>
<tags>
<tag>all</tag>
<tag>allowance</tag>
</tags>
<status status="FAIL" starttime="20220121 14:17:04.973" endtime="20220121 14:17:04.974" critical="yes">No keyword with name 'Update Allowance' found.

Also parent suite teardown failed:
No keyword with name 'Delete Allowance' found.</status>
</test>
<status status="FAIL" starttime="20220121 14:17:04.028" endtime="20220121 14:17:04.976">Suite teardown failed:
No keyword with name 'Delete Allowance' found.</status>
</suite>
<status status="FAIL" starttime="20220121 14:17:04.027" endtime="20220121 14:17:04.977"></status>
</suite>
<status status="FAIL" starttime="20220121 14:17:04.011" endtime="20220121 14:17:04.977"></status>
</suite>
<statistics>
<total>
<stat pass="0" fail="4">Critical Tests</stat>
<stat pass="0" fail="4">All Tests</stat>
</total>
<tag>
<stat pass="0" fail="4">all</stat>
<stat pass="0" fail="4">allowance</stat>
</tag>
<suite>
<stat pass="0" fail="4" id="s1" name="Testsuites">Testsuites</stat>
<stat pass="0" fail="4" id="s1-s1" name="NhanVien">Testsuites.NhanVien</stat>
<stat pass="0" fail="4" id="s1-s1-s1" name="Allowance">Testsuites.NhanVien.Allowance</stat>
</suite>
</statistics>
<errors>
<msg timestamp="20220121 14:17:04.211" level="ERROR">Error in file 'D:\timesheet\testsuites\NhanVien\allowance.robot': Resource file '..\..\core\share\allowance.robot' does not exist.</msg>
</errors>
</robot>
